INFO - 2023-07-11 04:27:49 --> Session: Class initialized using 'CodeIgniter\Session\Handlers\FileHandler' driver.
CRITICAL - 2023-07-11 04:50:28 --> require(vendor/autoload.php): Failed to open stream: No such file or directory
in APPPATH\Controllers\User.php on line 5.
 1 APPPATH\Controllers\User.php(5): CodeIgniter\Debug\Exceptions->errorHandler(2, 'require(vendor/autoload.php): Failed to open stream: No such file or directory', 'C:\\xampp\\htdocs\\gitar\\gitar\\app\\Controllers\\User.php', 5)
 2 APPPATH\Controllers\User.php(5): require()
 3 SYSTEMPATH\Router\AutoRouter.php(147): include_once('C:\\xampp\\htdocs\\gitar\\gitar\\app\\Controllers\\User.php')
 4 SYSTEMPATH\Router\Router.php(507): CodeIgniter\Router\AutoRouter->getRoute('user/menuutama')
 5 SYSTEMPATH\Router\Router.php(206): CodeIgniter\Router\Router->autoRoute('user/menuutama')
 6 SYSTEMPATH\CodeIgniter.php(815): CodeIgniter\Router\Router->handle('user/menuutama')
 7 SYSTEMPATH\CodeIgniter.php(449): CodeIgniter\CodeIgniter->tryToRouteIt(Object(CodeIgniter\Router\RouteCollection))
 8 SYSTEMPATH\CodeIgniter.php(368): CodeIgniter\CodeIgniter->handleRequest(null, Object(Config\Cache), false)
 9 FCPATH\index.php(67): CodeIgniter\CodeIgniter->run()
10 SYSTEMPATH\Commands\Server\rewrite.php(47): require_once('C:\\xampp\\htdocs\\gitar\\gitar\\public\\index.php')
INFO - 2023-07-11 04:51:03 --> Session: Class initialized using 'CodeIgniter\Session\Handlers\FileHandler' driver.
INFO - 2023-07-11 04:52:42 --> Session: Class initialized using 'CodeIgniter\Session\Handlers\FileHandler' driver.
CRITICAL - 2023-07-11 04:52:45 --> Class "PhpOffice\PhpSpreadsheet\Spreadsheet" not found
in APPPATH\Controllers\User.php on line 45.
 1 SYSTEMPATH\CodeIgniter.php(934): App\Controllers\User->createSpreadsheet()
 2 SYSTEMPATH\CodeIgniter.php(499): CodeIgniter\CodeIgniter->runController(Object(App\Controllers\User))
 3 SYSTEMPATH\CodeIgniter.php(368): CodeIgniter\CodeIgniter->handleRequest(null, Object(Config\Cache), false)
 4 FCPATH\index.php(67): CodeIgniter\CodeIgniter->run()
 5 SYSTEMPATH\Commands\Server\rewrite.php(47): require_once('C:\\xampp\\htdocs\\gitar\\gitar\\public\\index.php')
CRITICAL - 2023-07-11 04:56:41 --> Class "PhpOffice\PhpSpreadsheet\Spreadsheet" not found
in APPPATH\Controllers\User.php on line 45.
 1 SYSTEMPATH\CodeIgniter.php(934): App\Controllers\User->createSpreadsheet()
 2 SYSTEMPATH\CodeIgniter.php(499): CodeIgniter\CodeIgniter->runController(Object(App\Controllers\User))
 3 SYSTEMPATH\CodeIgniter.php(368): CodeIgniter\CodeIgniter->handleRequest(null, Object(Config\Cache), false)
 4 FCPATH\index.php(67): CodeIgniter\CodeIgniter->run()
 5 SYSTEMPATH\Commands\Server\rewrite.php(47): require_once('C:\\xampp\\htdocs\\gitar\\gitar\\public\\index.php')
INFO - 2023-07-11 05:00:01 --> Session: Class initialized using 'CodeIgniter\Session\Handlers\FileHandler' driver.
CRITICAL - 2023-07-11 05:00:05 --> Class "PhpOffice\PhpSpreadsheet\Spreadsheet" not found
in APPPATH\Controllers\User.php on line 41.
 1 SYSTEMPATH\CodeIgniter.php(934): App\Controllers\User->createSpreadsheet()
 2 SYSTEMPATH\CodeIgniter.php(499): CodeIgniter\CodeIgniter->runController(Object(App\Controllers\User))
 3 SYSTEMPATH\CodeIgniter.php(368): CodeIgniter\CodeIgniter->handleRequest(null, Object(Config\Cache), false)
 4 FCPATH\index.php(67): CodeIgniter\CodeIgniter->run()
 5 SYSTEMPATH\Commands\Server\rewrite.php(47): require_once('C:\\xampp\\htdocs\\gitar\\gitar\\public\\index.php')
CRITICAL - 2023-07-11 05:00:29 --> Class "PhpOffice\PhpSpreadsheet\Spreadsheet" not found
in APPPATH\Controllers\User.php on line 41.
 1 SYSTEMPATH\CodeIgniter.php(934): App\Controllers\User->createSpreadsheet()
 2 SYSTEMPATH\CodeIgniter.php(499): CodeIgniter\CodeIgniter->runController(Object(App\Controllers\User))
 3 SYSTEMPATH\CodeIgniter.php(368): CodeIgniter\CodeIgniter->handleRequest(null, Object(Config\Cache), false)
 4 FCPATH\index.php(67): CodeIgniter\CodeIgniter->run()
 5 SYSTEMPATH\Commands\Server\rewrite.php(47): require_once('C:\\xampp\\htdocs\\gitar\\gitar\\public\\index.php')
CRITICAL - 2023-07-11 05:15:05 --> Class "App\ThirdParty\PhpOffice\PhpSpreadsheet\Spreadsheet" not found
in APPPATH\Controllers\User.php on line 46.
 1 SYSTEMPATH\CodeIgniter.php(934): App\Controllers\User->createSpreadsheet()
 2 SYSTEMPATH\CodeIgniter.php(499): CodeIgniter\CodeIgniter->runController(Object(App\Controllers\User))
 3 SYSTEMPATH\CodeIgniter.php(368): CodeIgniter\CodeIgniter->handleRequest(null, Object(Config\Cache), false)
 4 FCPATH\index.php(67): CodeIgniter\CodeIgniter->run()
 5 SYSTEMPATH\Commands\Server\rewrite.php(47): require_once('C:\\xampp\\htdocs\\gitar\\gitar\\public\\index.php')
CRITICAL - 2023-07-11 05:16:45 --> Class "PhpOffice\PhpSpreadsheet\Spreadsheet" not found
in APPPATH\Controllers\User.php on line 44.
 1 SYSTEMPATH\CodeIgniter.php(934): App\Controllers\User->createSpreadsheet()
 2 SYSTEMPATH\CodeIgniter.php(499): CodeIgniter\CodeIgniter->runController(Object(App\Controllers\User))
 3 SYSTEMPATH\CodeIgniter.php(368): CodeIgniter\CodeIgniter->handleRequest(null, Object(Config\Cache), false)
 4 FCPATH\index.php(67): CodeIgniter\CodeIgniter->run()
 5 SYSTEMPATH\Commands\Server\rewrite.php(47): require_once('C:\\xampp\\htdocs\\gitar\\gitar\\public\\index.php')
CRITICAL - 2023-07-11 05:21:42 --> require(C:\xampp\htdocs\gitar\gitar\public\App/ThridParty/autoload.php): Failed to open stream: No such file or directory
in APPPATH\Controllers\User.php on line 5.
 1 APPPATH\Controllers\User.php(5): CodeIgniter\Debug\Exceptions->errorHandler(2, 'require(C:\\xampp\\htdocs\\gitar\\gitar\\public\\App/ThridParty/autoload.php): Failed to open stream: No such file or directory', 'C:\\xampp\\htdocs\\gitar\\gitar\\app\\Controllers\\User.php', 5)
 2 APPPATH\Controllers\User.php(5): require()
 3 SYSTEMPATH\Router\AutoRouter.php(147): include_once('C:\\xampp\\htdocs\\gitar\\gitar\\app\\Controllers\\User.php')
 4 SYSTEMPATH\Router\Router.php(507): CodeIgniter\Router\AutoRouter->getRoute('user/createSpreadsheet')
 5 SYSTEMPATH\Router\Router.php(206): CodeIgniter\Router\Router->autoRoute('user/createSpreadsheet')
 6 SYSTEMPATH\CodeIgniter.php(815): CodeIgniter\Router\Router->handle('user/createSpreadsheet')
 7 SYSTEMPATH\CodeIgniter.php(449): CodeIgniter\CodeIgniter->tryToRouteIt(Object(CodeIgniter\Router\RouteCollection))
 8 SYSTEMPATH\CodeIgniter.php(368): CodeIgniter\CodeIgniter->handleRequest(null, Object(Config\Cache), false)
 9 FCPATH\index.php(67): CodeIgniter\CodeIgniter->run()
10 SYSTEMPATH\Commands\Server\rewrite.php(47): require_once('C:\\xampp\\htdocs\\gitar\\gitar\\public\\index.php')
CRITICAL - 2023-07-11 05:22:47 --> require(C:\xampp\htdocs\gitar\gitar\public\vendor/autoload.php): Failed to open stream: No such file or directory
in APPPATH\Controllers\User.php on line 5.
 1 APPPATH\Controllers\User.php(5): CodeIgniter\Debug\Exceptions->errorHandler(2, 'require(C:\\xampp\\htdocs\\gitar\\gitar\\public\\vendor/autoload.php): Failed to open stream: No such file or directory', 'C:\\xampp\\htdocs\\gitar\\gitar\\app\\Controllers\\User.php', 5)
 2 APPPATH\Controllers\User.php(5): require()
 3 SYSTEMPATH\Router\AutoRouter.php(147): include_once('C:\\xampp\\htdocs\\gitar\\gitar\\app\\Controllers\\User.php')
 4 SYSTEMPATH\Router\Router.php(507): CodeIgniter\Router\AutoRouter->getRoute('user/createSpreadsheet')
 5 SYSTEMPATH\Router\Router.php(206): CodeIgniter\Router\Router->autoRoute('user/createSpreadsheet')
 6 SYSTEMPATH\CodeIgniter.php(815): CodeIgniter\Router\Router->handle('user/createSpreadsheet')
 7 SYSTEMPATH\CodeIgniter.php(449): CodeIgniter\CodeIgniter->tryToRouteIt(Object(CodeIgniter\Router\RouteCollection))
 8 SYSTEMPATH\CodeIgniter.php(368): CodeIgniter\CodeIgniter->handleRequest(null, Object(Config\Cache), false)
 9 FCPATH\index.php(67): CodeIgniter\CodeIgniter->run()
10 SYSTEMPATH\Commands\Server\rewrite.php(47): require_once('C:\\xampp\\htdocs\\gitar\\gitar\\public\\index.php')
CRITICAL - 2023-07-11 05:59:29 --> require(C:\xampp\htdocs\gitar\gitar\public\vendor/autoload.php): Failed to open stream: No such file or directory
in APPPATH\Controllers\User.php on line 5.
 1 APPPATH\Controllers\User.php(5): CodeIgniter\Debug\Exceptions->errorHandler(2, 'require(C:\\xampp\\htdocs\\gitar\\gitar\\public\\vendor/autoload.php): Failed to open stream: No such file or directory', 'C:\\xampp\\htdocs\\gitar\\gitar\\app\\Controllers\\User.php', 5)
 2 APPPATH\Controllers\User.php(5): require()
 3 SYSTEMPATH\Router\AutoRouter.php(147): include_once('C:\\xampp\\htdocs\\gitar\\gitar\\app\\Controllers\\User.php')
 4 SYSTEMPATH\Router\Router.php(507): CodeIgniter\Router\AutoRouter->getRoute('user/createSpreadsheet')
 5 SYSTEMPATH\Router\Router.php(206): CodeIgniter\Router\Router->autoRoute('user/createSpreadsheet')
 6 SYSTEMPATH\CodeIgniter.php(815): CodeIgniter\Router\Router->handle('user/createSpreadsheet')
 7 SYSTEMPATH\CodeIgniter.php(449): CodeIgniter\CodeIgniter->tryToRouteIt(Object(CodeIgniter\Router\RouteCollection))
 8 SYSTEMPATH\CodeIgniter.php(368): CodeIgniter\CodeIgniter->handleRequest(null, Object(Config\Cache), false)
 9 FCPATH\index.php(67): CodeIgniter\CodeIgniter->run()
10 SYSTEMPATH\Commands\Server\rewrite.php(47): require_once('C:\\xampp\\htdocs\\gitar\\gitar\\public\\index.php')
CRITICAL - 2023-07-11 06:00:11 --> Class "PhpOffice\PhpSpreadsheet\Spreadsheet" not found
in APPPATH\Controllers\User.php on line 45.
 1 SYSTEMPATH\CodeIgniter.php(934): App\Controllers\User->createSpreadsheet()
 2 SYSTEMPATH\CodeIgniter.php(499): CodeIgniter\CodeIgniter->runController(Object(App\Controllers\User))
 3 SYSTEMPATH\CodeIgniter.php(368): CodeIgniter\CodeIgniter->handleRequest(null, Object(Config\Cache), false)
 4 FCPATH\index.php(67): CodeIgniter\CodeIgniter->run()
 5 SYSTEMPATH\Commands\Server\rewrite.php(47): require_once('C:\\xampp\\htdocs\\gitar\\gitar\\public\\index.php')
CRITICAL - 2023-07-11 06:01:31 --> Class "App\PhpOffice\PhpSpreadsheet\Spreadsheet" not found
in APPPATH\Controllers\User.php on line 45.
 1 SYSTEMPATH\CodeIgniter.php(934): App\Controllers\User->createSpreadsheet()
 2 SYSTEMPATH\CodeIgniter.php(499): CodeIgniter\CodeIgniter->runController(Object(App\Controllers\User))
 3 SYSTEMPATH\CodeIgniter.php(368): CodeIgniter\CodeIgniter->handleRequest(null, Object(Config\Cache), false)
 4 FCPATH\index.php(67): CodeIgniter\CodeIgniter->run()
 5 SYSTEMPATH\Commands\Server\rewrite.php(47): require_once('C:\\xampp\\htdocs\\gitar\\gitar\\public\\index.php')
CRITICAL - 2023-07-11 06:02:29 --> Class "App\ThirdParty\PhpOffice\PhpSpreadsheet\Spreadsheet" not found
in APPPATH\Controllers\User.php on line 45.
 1 SYSTEMPATH\CodeIgniter.php(934): App\Controllers\User->createSpreadsheet()
 2 SYSTEMPATH\CodeIgniter.php(499): CodeIgniter\CodeIgniter->runController(Object(App\Controllers\User))
 3 SYSTEMPATH\CodeIgniter.php(368): CodeIgniter\CodeIgniter->handleRequest(null, Object(Config\Cache), false)
 4 FCPATH\index.php(67): CodeIgniter\CodeIgniter->run()
 5 SYSTEMPATH\Commands\Server\rewrite.php(47): require_once('C:\\xampp\\htdocs\\gitar\\gitar\\public\\index.php')
CRITICAL - 2023-07-11 06:03:28 --> Class "App\Models\PhpOffice\PhpSpreadsheet\Spreadsheet" not found
in APPPATH\Controllers\User.php on line 45.
 1 SYSTEMPATH\CodeIgniter.php(934): App\Controllers\User->createSpreadsheet()
 2 SYSTEMPATH\CodeIgniter.php(499): CodeIgniter\CodeIgniter->runController(Object(App\Controllers\User))
 3 SYSTEMPATH\CodeIgniter.php(368): CodeIgniter\CodeIgniter->handleRequest(null, Object(Config\Cache), false)
 4 FCPATH\index.php(67): CodeIgniter\CodeIgniter->run()
 5 SYSTEMPATH\Commands\Server\rewrite.php(47): require_once('C:\\xampp\\htdocs\\gitar\\gitar\\public\\index.php')
CRITICAL - 2023-07-11 06:03:48 --> Class "App\Models\PhpSpreadsheet\Spreadsheet" not found
in APPPATH\Controllers\User.php on line 45.
 1 SYSTEMPATH\CodeIgniter.php(934): App\Controllers\User->createSpreadsheet()
 2 SYSTEMPATH\CodeIgniter.php(499): CodeIgniter\CodeIgniter->runController(Object(App\Controllers\User))
 3 SYSTEMPATH\CodeIgniter.php(368): CodeIgniter\CodeIgniter->handleRequest(null, Object(Config\Cache), false)
 4 FCPATH\index.php(67): CodeIgniter\CodeIgniter->run()
 5 SYSTEMPATH\Commands\Server\rewrite.php(47): require_once('C:\\xampp\\htdocs\\gitar\\gitar\\public\\index.php')
CRITICAL - 2023-07-11 06:04:10 --> Class "App\Models\Spreadsheet" not found
in APPPATH\Controllers\User.php on line 45.
 1 SYSTEMPATH\CodeIgniter.php(934): App\Controllers\User->createSpreadsheet()
 2 SYSTEMPATH\CodeIgniter.php(499): CodeIgniter\CodeIgniter->runController(Object(App\Controllers\User))
 3 SYSTEMPATH\CodeIgniter.php(368): CodeIgniter\CodeIgniter->handleRequest(null, Object(Config\Cache), false)
 4 FCPATH\index.php(67): CodeIgniter\CodeIgniter->run()
 5 SYSTEMPATH\Commands\Server\rewrite.php(47): require_once('C:\\xampp\\htdocs\\gitar\\gitar\\public\\index.php')
CRITICAL - 2023-07-11 06:05:25 --> Class "App\ThirdParty\PhpOffice\PhpSpreadsheet\Spreadsheet" not found
in APPPATH\Controllers\User.php on line 44.
 1 SYSTEMPATH\CodeIgniter.php(934): App\Controllers\User->createSpreadsheet()
 2 SYSTEMPATH\CodeIgniter.php(499): CodeIgniter\CodeIgniter->runController(Object(App\Controllers\User))
 3 SYSTEMPATH\CodeIgniter.php(368): CodeIgniter\CodeIgniter->handleRequest(null, Object(Config\Cache), false)
 4 FCPATH\index.php(67): CodeIgniter\CodeIgniter->run()
 5 SYSTEMPATH\Commands\Server\rewrite.php(47): require_once('C:\\xampp\\htdocs\\gitar\\gitar\\public\\index.php')
CRITICAL - 2023-07-11 06:07:17 --> Class "PhpOffice\PhpSpreadsheet\Spreadsheet" not found
in APPPATH\Controllers\User.php on line 44.
 1 SYSTEMPATH\CodeIgniter.php(934): App\Controllers\User->createSpreadsheet()
 2 SYSTEMPATH\CodeIgniter.php(499): CodeIgniter\CodeIgniter->runController(Object(App\Controllers\User))
 3 SYSTEMPATH\CodeIgniter.php(368): CodeIgniter\CodeIgniter->handleRequest(null, Object(Config\Cache), false)
 4 FCPATH\index.php(67): CodeIgniter\CodeIgniter->run()
 5 SYSTEMPATH\Commands\Server\rewrite.php(47): require_once('C:\\xampp\\htdocs\\gitar\\gitar\\public\\index.php')
CRITICAL - 2023-07-11 06:07:20 --> Class "PhpOffice\PhpSpreadsheet\Spreadsheet" not found
in APPPATH\Controllers\User.php on line 44.
 1 SYSTEMPATH\CodeIgniter.php(934): App\Controllers\User->createSpreadsheet()
 2 SYSTEMPATH\CodeIgniter.php(499): CodeIgniter\CodeIgniter->runController(Object(App\Controllers\User))
 3 SYSTEMPATH\CodeIgniter.php(368): CodeIgniter\CodeIgniter->handleRequest(null, Object(Config\Cache), false)
 4 FCPATH\index.php(67): CodeIgniter\CodeIgniter->run()
 5 SYSTEMPATH\Commands\Server\rewrite.php(47): require_once('C:\\xampp\\htdocs\\gitar\\gitar\\public\\index.php')
CRITICAL - 2023-07-11 06:08:52 --> Class "PhpOffice\PhpSpreadsheet\Spreadsheet" not found
in APPPATH\Controllers\User.php on line 46.
 1 SYSTEMPATH\CodeIgniter.php(934): App\Controllers\User->createSpreadsheet()
 2 SYSTEMPATH\CodeIgniter.php(499): CodeIgniter\CodeIgniter->runController(Object(App\Controllers\User))
 3 SYSTEMPATH\CodeIgniter.php(368): CodeIgniter\CodeIgniter->handleRequest(null, Object(Config\Cache), false)
 4 FCPATH\index.php(67): CodeIgniter\CodeIgniter->run()
 5 SYSTEMPATH\Commands\Server\rewrite.php(47): require_once('C:\\xampp\\htdocs\\gitar\\gitar\\public\\index.php')
CRITICAL - 2023-07-11 06:09:58 --> Class "PhpOffice\PhpSpreadsheet\Spreadsheet" not found
in APPPATH\Controllers\User.php on line 42.
 1 SYSTEMPATH\CodeIgniter.php(934): App\Controllers\User->createSpreadsheet()
 2 SYSTEMPATH\CodeIgniter.php(499): CodeIgniter\CodeIgniter->runController(Object(App\Controllers\User))
 3 SYSTEMPATH\CodeIgniter.php(368): CodeIgniter\CodeIgniter->handleRequest(null, Object(Config\Cache), false)
 4 FCPATH\index.php(67): CodeIgniter\CodeIgniter->run()
 5 SYSTEMPATH\Commands\Server\rewrite.php(47): require_once('C:\\xampp\\htdocs\\gitar\\gitar\\public\\index.php')
CRITICAL - 2023-07-11 06:11:26 --> Class "PhpOffice\PhpSpreadsheet\Spreadsheet" not found
in APPPATH\Controllers\User.php on line 28.
 1 SYSTEMPATH\CodeIgniter.php(906): App\Controllers\User->__construct()
 2 SYSTEMPATH\CodeIgniter.php(490): CodeIgniter\CodeIgniter->createController()
 3 SYSTEMPATH\CodeIgniter.php(368): CodeIgniter\CodeIgniter->handleRequest(null, Object(Config\Cache), false)
 4 FCPATH\index.php(67): CodeIgniter\CodeIgniter->run()
 5 SYSTEMPATH\Commands\Server\rewrite.php(47): require_once('C:\\xampp\\htdocs\\gitar\\gitar\\public\\index.php')
CRITICAL - 2023-07-11 06:15:25 --> require(C:\xampp\htdocs\gitar\gitar\public\vendor/autoload.php): Failed to open stream: No such file or directory
in APPPATH\Controllers\User.php on line 7.
 1 APPPATH\Controllers\User.php(7): CodeIgniter\Debug\Exceptions->errorHandler(2, 'require(C:\\xampp\\htdocs\\gitar\\gitar\\public\\vendor/autoload.php): Failed to open stream: No such file or directory', 'C:\\xampp\\htdocs\\gitar\\gitar\\app\\Controllers\\User.php', 7)
 2 APPPATH\Controllers\User.php(7): require()
 3 SYSTEMPATH\Router\AutoRouter.php(147): include_once('C:\\xampp\\htdocs\\gitar\\gitar\\app\\Controllers\\User.php')
 4 SYSTEMPATH\Router\Router.php(507): CodeIgniter\Router\AutoRouter->getRoute('user/createSpreadsheet')
 5 SYSTEMPATH\Router\Router.php(206): CodeIgniter\Router\Router->autoRoute('user/createSpreadsheet')
 6 SYSTEMPATH\CodeIgniter.php(815): CodeIgniter\Router\Router->handle('user/createSpreadsheet')
 7 SYSTEMPATH\CodeIgniter.php(449): CodeIgniter\CodeIgniter->tryToRouteIt(Object(CodeIgniter\Router\RouteCollection))
 8 SYSTEMPATH\CodeIgniter.php(368): CodeIgniter\CodeIgniter->handleRequest(null, Object(Config\Cache), false)
 9 FCPATH\index.php(67): CodeIgniter\CodeIgniter->run()
10 SYSTEMPATH\Commands\Server\rewrite.php(47): require_once('C:\\xampp\\htdocs\\gitar\\gitar\\public\\index.php')
CRITICAL - 2023-07-11 06:15:48 --> Class "PhpOffice\PhpSpreadsheet\Spreadsheet" not found
in APPPATH\Controllers\User.php on line 36.
 1 SYSTEMPATH\CodeIgniter.php(934): App\Controllers\User->createSpreadsheet()
 2 SYSTEMPATH\CodeIgniter.php(499): CodeIgniter\CodeIgniter->runController(Object(App\Controllers\User))
 3 SYSTEMPATH\CodeIgniter.php(368): CodeIgniter\CodeIgniter->handleRequest(null, Object(Config\Cache), false)
 4 FCPATH\index.php(67): CodeIgniter\CodeIgniter->run()
 5 SYSTEMPATH\Commands\Server\rewrite.php(47): require_once('C:\\xampp\\htdocs\\gitar\\gitar\\public\\index.php')
CRITICAL - 2023-07-11 06:17:44 --> require_once(C:\xampp\htdocs\gitar\gitar\app\vendor/autoload.php): Failed to open stream: No such file or directory
in APPPATH\Controllers\User.php on line 7.
 1 APPPATH\Controllers\User.php(7): CodeIgniter\Debug\Exceptions->errorHandler(2, 'require_once(C:\\xampp\\htdocs\\gitar\\gitar\\app\\vendor/autoload.php): Failed to open stream: No such file or directory', 'C:\\xampp\\htdocs\\gitar\\gitar\\app\\Controllers\\User.php', 7)
 2 APPPATH\Controllers\User.php(7): require_once()
 3 SYSTEMPATH\Router\AutoRouter.php(147): include_once('C:\\xampp\\htdocs\\gitar\\gitar\\app\\Controllers\\User.php')
 4 SYSTEMPATH\Router\Router.php(507): CodeIgniter\Router\AutoRouter->getRoute('user/createSpreadsheet')
 5 SYSTEMPATH\Router\Router.php(206): CodeIgniter\Router\Router->autoRoute('user/createSpreadsheet')
 6 SYSTEMPATH\CodeIgniter.php(815): CodeIgniter\Router\Router->handle('user/createSpreadsheet')
 7 SYSTEMPATH\CodeIgniter.php(449): CodeIgniter\CodeIgniter->tryToRouteIt(Object(CodeIgniter\Router\RouteCollection))
 8 SYSTEMPATH\CodeIgniter.php(368): CodeIgniter\CodeIgniter->handleRequest(null, Object(Config\Cache), false)
 9 FCPATH\index.php(67): CodeIgniter\CodeIgniter->run()
10 SYSTEMPATH\Commands\Server\rewrite.php(47): require_once('C:\\xampp\\htdocs\\gitar\\gitar\\public\\index.php')
CRITICAL - 2023-07-11 06:18:04 --> require_once(C:\xampp\htdocs\gitar\gitar\app\vendor\autoload.php): Failed to open stream: No such file or directory
in APPPATH\Controllers\User.php on line 7.
 1 APPPATH\Controllers\User.php(7): CodeIgniter\Debug\Exceptions->errorHandler(2, 'require_once(C:\\xampp\\htdocs\\gitar\\gitar\\app\\vendor\\autoload.php): Failed to open stream: No such file or directory', 'C:\\xampp\\htdocs\\gitar\\gitar\\app\\Controllers\\User.php', 7)
 2 APPPATH\Controllers\User.php(7): require_once()
 3 SYSTEMPATH\Router\AutoRouter.php(147): include_once('C:\\xampp\\htdocs\\gitar\\gitar\\app\\Controllers\\User.php')
 4 SYSTEMPATH\Router\Router.php(507): CodeIgniter\Router\AutoRouter->getRoute('user/createSpreadsheet')
 5 SYSTEMPATH\Router\Router.php(206): CodeIgniter\Router\Router->autoRoute('user/createSpreadsheet')
 6 SYSTEMPATH\CodeIgniter.php(815): CodeIgniter\Router\Router->handle('user/createSpreadsheet')
 7 SYSTEMPATH\CodeIgniter.php(449): CodeIgniter\CodeIgniter->tryToRouteIt(Object(CodeIgniter\Router\RouteCollection))
 8 SYSTEMPATH\CodeIgniter.php(368): CodeIgniter\CodeIgniter->handleRequest(null, Object(Config\Cache), false)
 9 FCPATH\index.php(67): CodeIgniter\CodeIgniter->run()
10 SYSTEMPATH\Commands\Server\rewrite.php(47): require_once('C:\\xampp\\htdocs\\gitar\\gitar\\public\\index.php')
CRITICAL - 2023-07-11 06:25:09 --> require_once(C:\xampp\htdocs\gitar\gitar\app\vendor\autoload.php): Failed to open stream: No such file or directory
in APPPATH\Controllers\User.php on line 7.
 1 APPPATH\Controllers\User.php(7): CodeIgniter\Debug\Exceptions->errorHandler(2, 'require_once(C:\\xampp\\htdocs\\gitar\\gitar\\app\\vendor\\autoload.php): Failed to open stream: No such file or directory', 'C:\\xampp\\htdocs\\gitar\\gitar\\app\\Controllers\\User.php', 7)
 2 APPPATH\Controllers\User.php(7): require_once()
 3 SYSTEMPATH\Router\AutoRouter.php(147): include_once('C:\\xampp\\htdocs\\gitar\\gitar\\app\\Controllers\\User.php')
 4 SYSTEMPATH\Router\Router.php(507): CodeIgniter\Router\AutoRouter->getRoute('user/createSpreadsheet')
 5 SYSTEMPATH\Router\Router.php(206): CodeIgniter\Router\Router->autoRoute('user/createSpreadsheet')
 6 SYSTEMPATH\CodeIgniter.php(815): CodeIgniter\Router\Router->handle('user/createSpreadsheet')
 7 SYSTEMPATH\CodeIgniter.php(449): CodeIgniter\CodeIgniter->tryToRouteIt(Object(CodeIgniter\Router\RouteCollection))
 8 SYSTEMPATH\CodeIgniter.php(368): CodeIgniter\CodeIgniter->handleRequest(null, Object(Config\Cache), false)
 9 FCPATH\index.php(67): CodeIgniter\CodeIgniter->run()
10 SYSTEMPATH\Commands\Server\rewrite.php(47): require_once('C:\\xampp\\htdocs\\gitar\\gitar\\public\\index.php')
CRITICAL - 2023-07-11 06:25:21 --> require_once(C:\xampp\htdocs\gitar\gitar\app\vendor\autoload.php): Failed to open stream: No such file or directory
in APPPATH\Controllers\User.php on line 7.
 1 APPPATH\Controllers\User.php(7): CodeIgniter\Debug\Exceptions->errorHandler(2, 'require_once(C:\\xampp\\htdocs\\gitar\\gitar\\app\\vendor\\autoload.php): Failed to open stream: No such file or directory', 'C:\\xampp\\htdocs\\gitar\\gitar\\app\\Controllers\\User.php', 7)
 2 APPPATH\Controllers\User.php(7): require_once()
 3 SYSTEMPATH\Router\AutoRouter.php(147): include_once('C:\\xampp\\htdocs\\gitar\\gitar\\app\\Controllers\\User.php')
 4 SYSTEMPATH\Router\Router.php(507): CodeIgniter\Router\AutoRouter->getRoute('user/createSpreadsheet')
 5 SYSTEMPATH\Router\Router.php(206): CodeIgniter\Router\Router->autoRoute('user/createSpreadsheet')
 6 SYSTEMPATH\CodeIgniter.php(815): CodeIgniter\Router\Router->handle('user/createSpreadsheet')
 7 SYSTEMPATH\CodeIgniter.php(449): CodeIgniter\CodeIgniter->tryToRouteIt(Object(CodeIgniter\Router\RouteCollection))
 8 SYSTEMPATH\CodeIgniter.php(368): CodeIgniter\CodeIgniter->handleRequest(null, Object(Config\Cache), false)
 9 FCPATH\index.php(67): CodeIgniter\CodeIgniter->run()
10 SYSTEMPATH\Commands\Server\rewrite.php(47): require_once('C:\\xampp\\htdocs\\gitar\\gitar\\public\\index.php')
CRITICAL - 2023-07-11 06:25:32 --> Class "App\Libraries\PhpOffice\PhpSpreadsheet\Spreadsheet" not found
in APPPATH\Controllers\User.php on line 34.
 1 SYSTEMPATH\CodeIgniter.php(934): App\Controllers\User->createSpreadsheet()
 2 SYSTEMPATH\CodeIgniter.php(499): CodeIgniter\CodeIgniter->runController(Object(App\Controllers\User))
 3 SYSTEMPATH\CodeIgniter.php(368): CodeIgniter\CodeIgniter->handleRequest(null, Object(Config\Cache), false)
 4 FCPATH\index.php(67): CodeIgniter\CodeIgniter->run()
 5 SYSTEMPATH\Commands\Server\rewrite.php(47): require_once('C:\\xampp\\htdocs\\gitar\\gitar\\public\\index.php')
