ERROR - 2023-05-07 19:41:26 --> mysqli_sql_exception: Table 'gitarjogja.artikel' doesn't exist in C:\xampp\htdocs\GUITAR\GUITAR\system\Database\MySQLi\Connection.php:295
Stack trace:
#0 C:\xampp\htdocs\GUITAR\GUITAR\system\Database\MySQLi\Connection.php(295): mysqli->query('INSERT INTO `ar...', 0)
#1 C:\xampp\htdocs\GUITAR\GUITAR\system\Database\BaseConnection.php(692): CodeIgniter\Database\MySQLi\Connection->execute('INSERT INTO `ar...')
#2 C:\xampp\htdocs\GUITAR\GUITAR\system\Database\BaseConnection.php(606): CodeIgniter\Database\BaseConnection->simpleQuery('INSERT INTO `ar...')
#3 C:\xampp\htdocs\GUITAR\GUITAR\system\Database\BaseBuilder.php(2309): CodeIgniter\Database\BaseConnection->query('INSERT INTO `ar...', Array, false)
#4 C:\xampp\htdocs\GUITAR\GUITAR\system\Model.php(330): CodeIgniter\Database\BaseBuilder->insert()
#5 C:\xampp\htdocs\GUITAR\GUITAR\system\BaseModel.php(782): CodeIgniter\Model->doInsert(Array)
#6 C:\xampp\htdocs\GUITAR\GUITAR\system\Model.php(730): CodeIgniter\BaseModel->insert(Array, true)
#7 C:\xampp\htdocs\GUITAR\GUITAR\app\Controllers\User.php(51): CodeIgniter\Model->insert(Array)
#8 C:\xampp\htdocs\GUITAR\GUITAR\system\CodeIgniter.php(934): App\Controllers\User->save()
#9 C:\xampp\htdocs\GUITAR\GUITAR\system\CodeIgniter.php(499): CodeIgniter\CodeIgniter->runController(Object(App\Controllers\User))
#10 C:\xampp\htdocs\GUITAR\GUITAR\system\CodeIgniter.php(368): CodeIgniter\CodeIgniter->handleRequest(NULL, Object(Config\Cache), false)
#11 C:\xampp\htdocs\GUITAR\GUITAR\public\index.php(67): CodeIgniter\CodeIgniter->run()
#12 C:\xampp\htdocs\GUITAR\GUITAR\system\Commands\Server\rewrite.php(47): require_once('C:\\xampp\\htdocs...')
#13 {main}
CRITICAL - 2023-05-07 19:41:26 --> Table 'gitarjogja.artikel' doesn't exist
in SYSTEMPATH\Database\MySQLi\Connection.php on line 295.
 1 SYSTEMPATH\Database\MySQLi\Connection.php(295): mysqli->query('INSERT INTO `artikel` (`merk`, `nama`, `ukuran`, `jenis`, `harga`, `warna`) VALUES (\'ss\', \'agv\', \'2\', \'\', \'450000\', \'1\')', 0)
 2 SYSTEMPATH\Database\BaseConnection.php(692): CodeIgniter\Database\MySQLi\Connection->execute('INSERT INTO `artikel` (`merk`, `nama`, `ukuran`, `jenis`, `harga`, `warna`) VALUES (\'ss\', \'agv\', \'2\', \'\', \'450000\', \'1\')')
 3 SYSTEMPATH\Database\BaseConnection.php(606): CodeIgniter\Database\BaseConnection->simpleQuery('INSERT INTO `artikel` (`merk`, `nama`, `ukuran`, `jenis`, `harga`, `warna`) VALUES (\'ss\', \'agv\', \'2\', \'\', \'450000\', \'1\')')
 4 SYSTEMPATH\Database\BaseBuilder.php(2309): CodeIgniter\Database\BaseConnection->query('INSERT INTO `artikel` (`merk`, `nama`, `ukuran`, `jenis`, `harga`, `warna`) VALUES (:merk:, :nama:, :ukuran:, :jenis:, :harga:, :warna:)', [...], false)
 5 SYSTEMPATH\Model.php(330): CodeIgniter\Database\BaseBuilder->insert()
 6 SYSTEMPATH\BaseModel.php(782): CodeIgniter\Model->doInsert([...])
 7 SYSTEMPATH\Model.php(730): CodeIgniter\BaseModel->insert([...], true)
 8 APPPATH\Controllers\User.php(51): CodeIgniter\Model->insert([...])
 9 SYSTEMPATH\CodeIgniter.php(934): App\Controllers\User->save()
10 SYSTEMPATH\CodeIgniter.php(499): CodeIgniter\CodeIgniter->runController(Object(App\Controllers\User))
11 SYSTEMPATH\CodeIgniter.php(368): CodeIgniter\CodeIgniter->handleRequest(null, Object(Config\Cache), false)
12 FCPATH\index.php(67): CodeIgniter\CodeIgniter->run()
13 SYSTEMPATH\Commands\Server\rewrite.php(47): require_once('C:\\xampp\\htdocs\\GUITAR\\GUITAR\\public\\index.php')
ERROR - 2023-05-07 19:43:26 --> mysqli_sql_exception: Table 'gitarjogja.artikel' doesn't exist in C:\xampp\htdocs\GUITAR\GUITAR\system\Database\MySQLi\Connection.php:295
Stack trace:
#0 C:\xampp\htdocs\GUITAR\GUITAR\system\Database\MySQLi\Connection.php(295): mysqli->query('INSERT INTO `ar...', 0)
#1 C:\xampp\htdocs\GUITAR\GUITAR\system\Database\BaseConnection.php(692): CodeIgniter\Database\MySQLi\Connection->execute('INSERT INTO `ar...')
#2 C:\xampp\htdocs\GUITAR\GUITAR\system\Database\BaseConnection.php(606): CodeIgniter\Database\BaseConnection->simpleQuery('INSERT INTO `ar...')
#3 C:\xampp\htdocs\GUITAR\GUITAR\system\Database\BaseBuilder.php(2309): CodeIgniter\Database\BaseConnection->query('INSERT INTO `ar...', Array, false)
#4 C:\xampp\htdocs\GUITAR\GUITAR\system\Model.php(330): CodeIgniter\Database\BaseBuilder->insert()
#5 C:\xampp\htdocs\GUITAR\GUITAR\system\BaseModel.php(782): CodeIgniter\Model->doInsert(Array)
#6 C:\xampp\htdocs\GUITAR\GUITAR\system\Model.php(730): CodeIgniter\BaseModel->insert(Array, true)
#7 C:\xampp\htdocs\GUITAR\GUITAR\app\Controllers\User.php(52): CodeIgniter\Model->insert(Array)
#8 C:\xampp\htdocs\GUITAR\GUITAR\system\CodeIgniter.php(934): App\Controllers\User->save()
#9 C:\xampp\htdocs\GUITAR\GUITAR\system\CodeIgniter.php(499): CodeIgniter\CodeIgniter->runController(Object(App\Controllers\User))
#10 C:\xampp\htdocs\GUITAR\GUITAR\system\CodeIgniter.php(368): CodeIgniter\CodeIgniter->handleRequest(NULL, Object(Config\Cache), false)
#11 C:\xampp\htdocs\GUITAR\GUITAR\public\index.php(67): CodeIgniter\CodeIgniter->run()
#12 C:\xampp\htdocs\GUITAR\GUITAR\system\Commands\Server\rewrite.php(47): require_once('C:\\xampp\\htdocs...')
#13 {main}
CRITICAL - 2023-05-07 19:43:26 --> Table 'gitarjogja.artikel' doesn't exist
in SYSTEMPATH\Database\MySQLi\Connection.php on line 295.
 1 SYSTEMPATH\Database\MySQLi\Connection.php(295): mysqli->query('INSERT INTO `artikel` (`id_gitar`, `merk`, `nama`, `ukuran`, `jenis`, `harga`, `warna`) VALUES (NULL, \'ss\', \'agv\', \'2\', \'2\', \'12\', \'2\')', 0)
 2 SYSTEMPATH\Database\BaseConnection.php(692): CodeIgniter\Database\MySQLi\Connection->execute('INSERT INTO `artikel` (`id_gitar`, `merk`, `nama`, `ukuran`, `jenis`, `harga`, `warna`) VALUES (NULL, \'ss\', \'agv\', \'2\', \'2\', \'12\', \'2\')')
 3 SYSTEMPATH\Database\BaseConnection.php(606): CodeIgniter\Database\BaseConnection->simpleQuery('INSERT INTO `artikel` (`id_gitar`, `merk`, `nama`, `ukuran`, `jenis`, `harga`, `warna`) VALUES (NULL, \'ss\', \'agv\', \'2\', \'2\', \'12\', \'2\')')
 4 SYSTEMPATH\Database\BaseBuilder.php(2309): CodeIgniter\Database\BaseConnection->query('INSERT INTO `artikel` (`id_gitar`, `merk`, `nama`, `ukuran`, `jenis`, `harga`, `warna`) VALUES (:id_gitar:, :merk:, :nama:, :ukuran:, :jenis:, :harga:, :warna:)', [...], false)
 5 SYSTEMPATH\Model.php(330): CodeIgniter\Database\BaseBuilder->insert()
 6 SYSTEMPATH\BaseModel.php(782): CodeIgniter\Model->doInsert([...])
 7 SYSTEMPATH\Model.php(730): CodeIgniter\BaseModel->insert([...], true)
 8 APPPATH\Controllers\User.php(52): CodeIgniter\Model->insert([...])
 9 SYSTEMPATH\CodeIgniter.php(934): App\Controllers\User->save()
10 SYSTEMPATH\CodeIgniter.php(499): CodeIgniter\CodeIgniter->runController(Object(App\Controllers\User))
11 SYSTEMPATH\CodeIgniter.php(368): CodeIgniter\CodeIgniter->handleRequest(null, Object(Config\Cache), false)
12 FCPATH\index.php(67): CodeIgniter\CodeIgniter->run()
13 SYSTEMPATH\Commands\Server\rewrite.php(47): require_once('C:\\xampp\\htdocs\\GUITAR\\GUITAR\\public\\index.php')
ERROR - 2023-05-07 19:44:32 --> mysqli_sql_exception: Table 'gitarjogja.artikel' doesn't exist in C:\xampp\htdocs\GUITAR\GUITAR\system\Database\MySQLi\Connection.php:295
Stack trace:
#0 C:\xampp\htdocs\GUITAR\GUITAR\system\Database\MySQLi\Connection.php(295): mysqli->query('INSERT INTO `ar...', 0)
#1 C:\xampp\htdocs\GUITAR\GUITAR\system\Database\BaseConnection.php(692): CodeIgniter\Database\MySQLi\Connection->execute('INSERT INTO `ar...')
#2 C:\xampp\htdocs\GUITAR\GUITAR\system\Database\BaseConnection.php(606): CodeIgniter\Database\BaseConnection->simpleQuery('INSERT INTO `ar...')
#3 C:\xampp\htdocs\GUITAR\GUITAR\system\Database\BaseBuilder.php(2309): CodeIgniter\Database\BaseConnection->query('INSERT INTO `ar...', Array, false)
#4 C:\xampp\htdocs\GUITAR\GUITAR\system\Model.php(330): CodeIgniter\Database\BaseBuilder->insert()
#5 C:\xampp\htdocs\GUITAR\GUITAR\system\BaseModel.php(782): CodeIgniter\Model->doInsert(Array)
#6 C:\xampp\htdocs\GUITAR\GUITAR\system\Model.php(730): CodeIgniter\BaseModel->insert(Array, true)
#7 C:\xampp\htdocs\GUITAR\GUITAR\app\Controllers\User.php(52): CodeIgniter\Model->insert(Array)
#8 C:\xampp\htdocs\GUITAR\GUITAR\system\CodeIgniter.php(934): App\Controllers\User->save()
#9 C:\xampp\htdocs\GUITAR\GUITAR\system\CodeIgniter.php(499): CodeIgniter\CodeIgniter->runController(Object(App\Controllers\User))
#10 C:\xampp\htdocs\GUITAR\GUITAR\system\CodeIgniter.php(368): CodeIgniter\CodeIgniter->handleRequest(NULL, Object(Config\Cache), false)
#11 C:\xampp\htdocs\GUITAR\GUITAR\public\index.php(67): CodeIgniter\CodeIgniter->run()
#12 C:\xampp\htdocs\GUITAR\GUITAR\system\Commands\Server\rewrite.php(47): require_once('C:\\xampp\\htdocs...')
#13 {main}
CRITICAL - 2023-05-07 19:44:32 --> Table 'gitarjogja.artikel' doesn't exist
in SYSTEMPATH\Database\MySQLi\Connection.php on line 295.
 1 SYSTEMPATH\Database\MySQLi\Connection.php(295): mysqli->query('INSERT INTO `artikel` (`id_gitar`, `merk`, `nama`, `ukuran`, `jenis`, `harga`, `warna`) VALUES (NULL, \'ss\', \'agv\', \'2\', \'2\', \'12\', \'2\')', 0)
 2 SYSTEMPATH\Database\BaseConnection.php(692): CodeIgniter\Database\MySQLi\Connection->execute('INSERT INTO `artikel` (`id_gitar`, `merk`, `nama`, `ukuran`, `jenis`, `harga`, `warna`) VALUES (NULL, \'ss\', \'agv\', \'2\', \'2\', \'12\', \'2\')')
 3 SYSTEMPATH\Database\BaseConnection.php(606): CodeIgniter\Database\BaseConnection->simpleQuery('INSERT INTO `artikel` (`id_gitar`, `merk`, `nama`, `ukuran`, `jenis`, `harga`, `warna`) VALUES (NULL, \'ss\', \'agv\', \'2\', \'2\', \'12\', \'2\')')
 4 SYSTEMPATH\Database\BaseBuilder.php(2309): CodeIgniter\Database\BaseConnection->query('INSERT INTO `artikel` (`id_gitar`, `merk`, `nama`, `ukuran`, `jenis`, `harga`, `warna`) VALUES (:id_gitar:, :merk:, :nama:, :ukuran:, :jenis:, :harga:, :warna:)', [...], false)
 5 SYSTEMPATH\Model.php(330): CodeIgniter\Database\BaseBuilder->insert()
 6 SYSTEMPATH\BaseModel.php(782): CodeIgniter\Model->doInsert([...])
 7 SYSTEMPATH\Model.php(730): CodeIgniter\BaseModel->insert([...], true)
 8 APPPATH\Controllers\User.php(52): CodeIgniter\Model->insert([...])
 9 SYSTEMPATH\CodeIgniter.php(934): App\Controllers\User->save()
10 SYSTEMPATH\CodeIgniter.php(499): CodeIgniter\CodeIgniter->runController(Object(App\Controllers\User))
11 SYSTEMPATH\CodeIgniter.php(368): CodeIgniter\CodeIgniter->handleRequest(null, Object(Config\Cache), false)
12 FCPATH\index.php(67): CodeIgniter\CodeIgniter->run()
13 SYSTEMPATH\Commands\Server\rewrite.php(47): require_once('C:\\xampp\\htdocs\\GUITAR\\GUITAR\\public\\index.php')
INFO - 2023-05-07 19:47:33 --> Session: Class initialized using 'CodeIgniter\Session\Handlers\FileHandler' driver.
INFO - 2023-05-07 19:47:54 --> Session: Class initialized using 'CodeIgniter\Session\Handlers\FileHandler' driver.
