INFO - 2023-06-30 11:42:02 --> Session: Class initialized using 'CodeIgniter\Session\Handlers\FileHandler' driver.
ERROR - 2023-06-30 11:42:10 --> mysqli_sql_exception: Table 'gitar.merk' doesn't exist in C:\xampp\htdocs\gitar\gitar\system\Database\MySQLi\Connection.php:295
Stack trace:
#0 C:\xampp\htdocs\gitar\gitar\system\Database\MySQLi\Connection.php(295): mysqli->query('SELECT `gitar`....', 0)
#1 C:\xampp\htdocs\gitar\gitar\system\Database\BaseConnection.php(692): CodeIgniter\Database\MySQLi\Connection->execute('SELECT `gitar`....')
#2 C:\xampp\htdocs\gitar\gitar\system\Database\BaseConnection.php(606): CodeIgniter\Database\BaseConnection->simpleQuery('SELECT `gitar`....')
#3 C:\xampp\htdocs\gitar\gitar\system\Database\BaseBuilder.php(1616): CodeIgniter\Database\BaseConnection->query('SELECT `gitar`....', Array, false)
#4 C:\xampp\htdocs\gitar\gitar\app\Models\GitarModel.php(25): CodeIgniter\Database\BaseBuilder->get()
#5 C:\xampp\htdocs\gitar\gitar\app\Controllers\User.php(31): App\Models\GitarModel->getByMerk()
#6 C:\xampp\htdocs\gitar\gitar\system\CodeIgniter.php(934): App\Controllers\User->editdata()
#7 C:\xampp\htdocs\gitar\gitar\system\CodeIgniter.php(499): CodeIgniter\CodeIgniter->runController(Object(App\Controllers\User))
#8 C:\xampp\htdocs\gitar\gitar\system\CodeIgniter.php(368): CodeIgniter\CodeIgniter->handleRequest(NULL, Object(Config\Cache), false)
#9 C:\xampp\htdocs\gitar\gitar\public\index.php(67): CodeIgniter\CodeIgniter->run()
#10 C:\xampp\htdocs\gitar\gitar\system\Commands\Server\rewrite.php(47): require_once('C:\\xampp\\htdocs...')
#11 {main}
CRITICAL - 2023-06-30 11:42:10 --> Table 'gitar.merk' doesn't exist
in SYSTEMPATH\Database\MySQLi\Connection.php on line 295.
 1 SYSTEMPATH\Database\MySQLi\Connection.php(295): mysqli->query('SELECT `gitar`.`id_merk`, `gitar`.`id_gitar`, `gitar`.`harga`, `gitar`.`gambar`, `gitar`.`nama`, `gitar`.`warna`, `gitar`.`jenis`, `gitar`.`ukuran`, `merk`.`merk` as `merk`
FROM `gitar`
LEFT JOIN `merk` ON `merk`.`id_merk`= `gitar`.`id_merk`', 0)
 2 SYSTEMPATH\Database\BaseConnection.php(692): CodeIgniter\Database\MySQLi\Connection->execute('SELECT `gitar`.`id_merk`, `gitar`.`id_gitar`, `gitar`.`harga`, `gitar`.`gambar`, `gitar`.`nama`, `gitar`.`warna`, `gitar`.`jenis`, `gitar`.`ukuran`, `merk`.`merk` as `merk`
FROM `gitar`
LEFT JOIN `merk` ON `merk`.`id_merk`= `gitar`.`id_merk`')
 3 SYSTEMPATH\Database\BaseConnection.php(606): CodeIgniter\Database\BaseConnection->simpleQuery('SELECT `gitar`.`id_merk`, `gitar`.`id_gitar`, `gitar`.`harga`, `gitar`.`gambar`, `gitar`.`nama`, `gitar`.`warna`, `gitar`.`jenis`, `gitar`.`ukuran`, `merk`.`merk` as `merk`
FROM `gitar`
LEFT JOIN `merk` ON `merk`.`id_merk`= `gitar`.`id_merk`')
 4 SYSTEMPATH\Database\BaseBuilder.php(1616): CodeIgniter\Database\BaseConnection->query('SELECT `gitar`.`id_merk`, `gitar`.`id_gitar`, `gitar`.`harga`, `gitar`.`gambar`, `gitar`.`nama`, `gitar`.`warna`, `gitar`.`jenis`, `gitar`.`ukuran`, `merk`.`merk` as `merk`
FROM `gitar`
LEFT JOIN `merk` ON `merk`.`id_merk`= `gitar`.`id_merk`', [], false)
 5 APPPATH\Models\GitarModel.php(25): CodeIgniter\Database\BaseBuilder->get()
 6 APPPATH\Controllers\User.php(31): App\Models\GitarModel->getByMerk()
 7 SYSTEMPATH\CodeIgniter.php(934): App\Controllers\User->editdata()
 8 SYSTEMPATH\CodeIgniter.php(499): CodeIgniter\CodeIgniter->runController(Object(App\Controllers\User))
 9 SYSTEMPATH\CodeIgniter.php(368): CodeIgniter\CodeIgniter->handleRequest(null, Object(Config\Cache), false)
10 FCPATH\index.php(67): CodeIgniter\CodeIgniter->run()
11 SYSTEMPATH\Commands\Server\rewrite.php(47): require_once('C:\\xampp\\htdocs\\gitar\\gitar\\public\\index.php')
ERROR - 2023-06-30 11:46:42 --> mysqli_sql_exception: Table 'gitar.merk' doesn't exist in C:\xampp\htdocs\gitar\gitar\system\Database\MySQLi\Connection.php:295
Stack trace:
#0 C:\xampp\htdocs\gitar\gitar\system\Database\MySQLi\Connection.php(295): mysqli->query('SELECT `gitar`....', 0)
#1 C:\xampp\htdocs\gitar\gitar\system\Database\BaseConnection.php(692): CodeIgniter\Database\MySQLi\Connection->execute('SELECT `gitar`....')
#2 C:\xampp\htdocs\gitar\gitar\system\Database\BaseConnection.php(606): CodeIgniter\Database\BaseConnection->simpleQuery('SELECT `gitar`....')
#3 C:\xampp\htdocs\gitar\gitar\system\Database\BaseBuilder.php(1616): CodeIgniter\Database\BaseConnection->query('SELECT `gitar`....', Array, false)
#4 C:\xampp\htdocs\gitar\gitar\app\Models\GitarModel.php(25): CodeIgniter\Database\BaseBuilder->get()
#5 C:\xampp\htdocs\gitar\gitar\app\Controllers\User.php(31): App\Models\GitarModel->getByMerk()
#6 C:\xampp\htdocs\gitar\gitar\system\CodeIgniter.php(934): App\Controllers\User->editdata()
#7 C:\xampp\htdocs\gitar\gitar\system\CodeIgniter.php(499): CodeIgniter\CodeIgniter->runController(Object(App\Controllers\User))
#8 C:\xampp\htdocs\gitar\gitar\system\CodeIgniter.php(368): CodeIgniter\CodeIgniter->handleRequest(NULL, Object(Config\Cache), false)
#9 C:\xampp\htdocs\gitar\gitar\public\index.php(67): CodeIgniter\CodeIgniter->run()
#10 C:\xampp\htdocs\gitar\gitar\system\Commands\Server\rewrite.php(47): require_once('C:\\xampp\\htdocs...')
#11 {main}
CRITICAL - 2023-06-30 11:46:42 --> Table 'gitar.merk' doesn't exist
in SYSTEMPATH\Database\MySQLi\Connection.php on line 295.
 1 SYSTEMPATH\Database\MySQLi\Connection.php(295): mysqli->query('SELECT `gitar`.`id_merk`, `gitar`.`id_gitar`, `gitar`.`harga`, `gitar`.`gambar`, `gitar`.`nama`, `gitar`.`warna`, `gitar`.`jenis`, `gitar`.`ukuran`, `gitar`.`merk`, `merk`.`merk` as `merk`
FROM `gitar`
LEFT JOIN `merk` ON `merk`.`id_merk`= `gitar`.`id_merk`', 0)
 2 SYSTEMPATH\Database\BaseConnection.php(692): CodeIgniter\Database\MySQLi\Connection->execute('SELECT `gitar`.`id_merk`, `gitar`.`id_gitar`, `gitar`.`harga`, `gitar`.`gambar`, `gitar`.`nama`, `gitar`.`warna`, `gitar`.`jenis`, `gitar`.`ukuran`, `gitar`.`merk`, `merk`.`merk` as `merk`
FROM `gitar`
LEFT JOIN `merk` ON `merk`.`id_merk`= `gitar`.`id_merk`')
 3 SYSTEMPATH\Database\BaseConnection.php(606): CodeIgniter\Database\BaseConnection->simpleQuery('SELECT `gitar`.`id_merk`, `gitar`.`id_gitar`, `gitar`.`harga`, `gitar`.`gambar`, `gitar`.`nama`, `gitar`.`warna`, `gitar`.`jenis`, `gitar`.`ukuran`, `gitar`.`merk`, `merk`.`merk` as `merk`
FROM `gitar`
LEFT JOIN `merk` ON `merk`.`id_merk`= `gitar`.`id_merk`')
 4 SYSTEMPATH\Database\BaseBuilder.php(1616): CodeIgniter\Database\BaseConnection->query('SELECT `gitar`.`id_merk`, `gitar`.`id_gitar`, `gitar`.`harga`, `gitar`.`gambar`, `gitar`.`nama`, `gitar`.`warna`, `gitar`.`jenis`, `gitar`.`ukuran`, `gitar`.`merk`, `merk`.`merk` as `merk`
FROM `gitar`
LEFT JOIN `merk` ON `merk`.`id_merk`= `gitar`.`id_merk`', [], false)
 5 APPPATH\Models\GitarModel.php(25): CodeIgniter\Database\BaseBuilder->get()
 6 APPPATH\Controllers\User.php(31): App\Models\GitarModel->getByMerk()
 7 SYSTEMPATH\CodeIgniter.php(934): App\Controllers\User->editdata()
 8 SYSTEMPATH\CodeIgniter.php(499): CodeIgniter\CodeIgniter->runController(Object(App\Controllers\User))
 9 SYSTEMPATH\CodeIgniter.php(368): CodeIgniter\CodeIgniter->handleRequest(null, Object(Config\Cache), false)
10 FCPATH\index.php(67): CodeIgniter\CodeIgniter->run()
11 SYSTEMPATH\Commands\Server\rewrite.php(47): require_once('C:\\xampp\\htdocs\\gitar\\gitar\\public\\index.php')
ERROR - 2023-06-30 11:46:43 --> mysqli_sql_exception: Table 'gitar.merk' doesn't exist in C:\xampp\htdocs\gitar\gitar\system\Database\MySQLi\Connection.php:295
Stack trace:
#0 C:\xampp\htdocs\gitar\gitar\system\Database\MySQLi\Connection.php(295): mysqli->query('SELECT `gitar`....', 0)
#1 C:\xampp\htdocs\gitar\gitar\system\Database\BaseConnection.php(692): CodeIgniter\Database\MySQLi\Connection->execute('SELECT `gitar`....')
#2 C:\xampp\htdocs\gitar\gitar\system\Database\BaseConnection.php(606): CodeIgniter\Database\BaseConnection->simpleQuery('SELECT `gitar`....')
#3 C:\xampp\htdocs\gitar\gitar\system\Database\BaseBuilder.php(1616): CodeIgniter\Database\BaseConnection->query('SELECT `gitar`....', Array, false)
#4 C:\xampp\htdocs\gitar\gitar\app\Models\GitarModel.php(25): CodeIgniter\Database\BaseBuilder->get()
#5 C:\xampp\htdocs\gitar\gitar\app\Controllers\User.php(31): App\Models\GitarModel->getByMerk()
#6 C:\xampp\htdocs\gitar\gitar\system\CodeIgniter.php(934): App\Controllers\User->editdata()
#7 C:\xampp\htdocs\gitar\gitar\system\CodeIgniter.php(499): CodeIgniter\CodeIgniter->runController(Object(App\Controllers\User))
#8 C:\xampp\htdocs\gitar\gitar\system\CodeIgniter.php(368): CodeIgniter\CodeIgniter->handleRequest(NULL, Object(Config\Cache), false)
#9 C:\xampp\htdocs\gitar\gitar\public\index.php(67): CodeIgniter\CodeIgniter->run()
#10 C:\xampp\htdocs\gitar\gitar\system\Commands\Server\rewrite.php(47): require_once('C:\\xampp\\htdocs...')
#11 {main}
CRITICAL - 2023-06-30 11:46:43 --> Table 'gitar.merk' doesn't exist
in SYSTEMPATH\Database\MySQLi\Connection.php on line 295.
 1 SYSTEMPATH\Database\MySQLi\Connection.php(295): mysqli->query('SELECT `gitar`.`id_merk`, `gitar`.`id_gitar`, `gitar`.`harga`, `gitar`.`gambar`, `gitar`.`nama`, `gitar`.`warna`, `gitar`.`jenis`, `gitar`.`ukuran`, `gitar`.`merk`, `merk`.`merk` as `merk`
FROM `gitar`
LEFT JOIN `merk` ON `merk`.`id_merk`= `gitar`.`id_merk`', 0)
 2 SYSTEMPATH\Database\BaseConnection.php(692): CodeIgniter\Database\MySQLi\Connection->execute('SELECT `gitar`.`id_merk`, `gitar`.`id_gitar`, `gitar`.`harga`, `gitar`.`gambar`, `gitar`.`nama`, `gitar`.`warna`, `gitar`.`jenis`, `gitar`.`ukuran`, `gitar`.`merk`, `merk`.`merk` as `merk`
FROM `gitar`
LEFT JOIN `merk` ON `merk`.`id_merk`= `gitar`.`id_merk`')
 3 SYSTEMPATH\Database\BaseConnection.php(606): CodeIgniter\Database\BaseConnection->simpleQuery('SELECT `gitar`.`id_merk`, `gitar`.`id_gitar`, `gitar`.`harga`, `gitar`.`gambar`, `gitar`.`nama`, `gitar`.`warna`, `gitar`.`jenis`, `gitar`.`ukuran`, `gitar`.`merk`, `merk`.`merk` as `merk`
FROM `gitar`
LEFT JOIN `merk` ON `merk`.`id_merk`= `gitar`.`id_merk`')
 4 SYSTEMPATH\Database\BaseBuilder.php(1616): CodeIgniter\Database\BaseConnection->query('SELECT `gitar`.`id_merk`, `gitar`.`id_gitar`, `gitar`.`harga`, `gitar`.`gambar`, `gitar`.`nama`, `gitar`.`warna`, `gitar`.`jenis`, `gitar`.`ukuran`, `gitar`.`merk`, `merk`.`merk` as `merk`
FROM `gitar`
LEFT JOIN `merk` ON `merk`.`id_merk`= `gitar`.`id_merk`', [], false)
 5 APPPATH\Models\GitarModel.php(25): CodeIgniter\Database\BaseBuilder->get()
 6 APPPATH\Controllers\User.php(31): App\Models\GitarModel->getByMerk()
 7 SYSTEMPATH\CodeIgniter.php(934): App\Controllers\User->editdata()
 8 SYSTEMPATH\CodeIgniter.php(499): CodeIgniter\CodeIgniter->runController(Object(App\Controllers\User))
 9 SYSTEMPATH\CodeIgniter.php(368): CodeIgniter\CodeIgniter->handleRequest(null, Object(Config\Cache), false)
10 FCPATH\index.php(67): CodeIgniter\CodeIgniter->run()
11 SYSTEMPATH\Commands\Server\rewrite.php(47): require_once('C:\\xampp\\htdocs\\gitar\\gitar\\public\\index.php')
ERROR - 2023-06-30 11:47:00 --> mysqli_sql_exception: Table 'gitar.merk' doesn't exist in C:\xampp\htdocs\gitar\gitar\system\Database\MySQLi\Connection.php:295
Stack trace:
#0 C:\xampp\htdocs\gitar\gitar\system\Database\MySQLi\Connection.php(295): mysqli->query('SELECT `gitar`....', 0)
#1 C:\xampp\htdocs\gitar\gitar\system\Database\BaseConnection.php(692): CodeIgniter\Database\MySQLi\Connection->execute('SELECT `gitar`....')
#2 C:\xampp\htdocs\gitar\gitar\system\Database\BaseConnection.php(606): CodeIgniter\Database\BaseConnection->simpleQuery('SELECT `gitar`....')
#3 C:\xampp\htdocs\gitar\gitar\system\Database\BaseBuilder.php(1616): CodeIgniter\Database\BaseConnection->query('SELECT `gitar`....', Array, false)
#4 C:\xampp\htdocs\gitar\gitar\app\Models\GitarModel.php(25): CodeIgniter\Database\BaseBuilder->get()
#5 C:\xampp\htdocs\gitar\gitar\app\Controllers\User.php(31): App\Models\GitarModel->getByMerk()
#6 C:\xampp\htdocs\gitar\gitar\system\CodeIgniter.php(934): App\Controllers\User->editdata()
#7 C:\xampp\htdocs\gitar\gitar\system\CodeIgniter.php(499): CodeIgniter\CodeIgniter->runController(Object(App\Controllers\User))
#8 C:\xampp\htdocs\gitar\gitar\system\CodeIgniter.php(368): CodeIgniter\CodeIgniter->handleRequest(NULL, Object(Config\Cache), false)
#9 C:\xampp\htdocs\gitar\gitar\public\index.php(67): CodeIgniter\CodeIgniter->run()
#10 C:\xampp\htdocs\gitar\gitar\system\Commands\Server\rewrite.php(47): require_once('C:\\xampp\\htdocs...')
#11 {main}
CRITICAL - 2023-06-30 11:47:00 --> Table 'gitar.merk' doesn't exist
in SYSTEMPATH\Database\MySQLi\Connection.php on line 295.
 1 SYSTEMPATH\Database\MySQLi\Connection.php(295): mysqli->query('SELECT `gitar`.`id_merk`, `gitar`.`id_gitar`, `gitar`.`harga`, `gitar`.`gambar`, `gitar`.`nama`, `gitar`.`warna`, `gitar`.`jenis`, `gitar`.`ukuran`, `gitar`.`merk`, `merk`.`merk` as `merk`
FROM `gitar`
LEFT JOIN `merk` ON `merk`.`id_merk`= `gitar`.`id_merk`', 0)
 2 SYSTEMPATH\Database\BaseConnection.php(692): CodeIgniter\Database\MySQLi\Connection->execute('SELECT `gitar`.`id_merk`, `gitar`.`id_gitar`, `gitar`.`harga`, `gitar`.`gambar`, `gitar`.`nama`, `gitar`.`warna`, `gitar`.`jenis`, `gitar`.`ukuran`, `gitar`.`merk`, `merk`.`merk` as `merk`
FROM `gitar`
LEFT JOIN `merk` ON `merk`.`id_merk`= `gitar`.`id_merk`')
 3 SYSTEMPATH\Database\BaseConnection.php(606): CodeIgniter\Database\BaseConnection->simpleQuery('SELECT `gitar`.`id_merk`, `gitar`.`id_gitar`, `gitar`.`harga`, `gitar`.`gambar`, `gitar`.`nama`, `gitar`.`warna`, `gitar`.`jenis`, `gitar`.`ukuran`, `gitar`.`merk`, `merk`.`merk` as `merk`
FROM `gitar`
LEFT JOIN `merk` ON `merk`.`id_merk`= `gitar`.`id_merk`')
 4 SYSTEMPATH\Database\BaseBuilder.php(1616): CodeIgniter\Database\BaseConnection->query('SELECT `gitar`.`id_merk`, `gitar`.`id_gitar`, `gitar`.`harga`, `gitar`.`gambar`, `gitar`.`nama`, `gitar`.`warna`, `gitar`.`jenis`, `gitar`.`ukuran`, `gitar`.`merk`, `merk`.`merk` as `merk`
FROM `gitar`
LEFT JOIN `merk` ON `merk`.`id_merk`= `gitar`.`id_merk`', [], false)
 5 APPPATH\Models\GitarModel.php(25): CodeIgniter\Database\BaseBuilder->get()
 6 APPPATH\Controllers\User.php(31): App\Models\GitarModel->getByMerk()
 7 SYSTEMPATH\CodeIgniter.php(934): App\Controllers\User->editdata()
 8 SYSTEMPATH\CodeIgniter.php(499): CodeIgniter\CodeIgniter->runController(Object(App\Controllers\User))
 9 SYSTEMPATH\CodeIgniter.php(368): CodeIgniter\CodeIgniter->handleRequest(null, Object(Config\Cache), false)
10 FCPATH\index.php(67): CodeIgniter\CodeIgniter->run()
11 SYSTEMPATH\Commands\Server\rewrite.php(47): require_once('C:\\xampp\\htdocs\\gitar\\gitar\\public\\index.php')
ERROR - 2023-06-30 11:47:01 --> mysqli_sql_exception: Table 'gitar.merk' doesn't exist in C:\xampp\htdocs\gitar\gitar\system\Database\MySQLi\Connection.php:295
Stack trace:
#0 C:\xampp\htdocs\gitar\gitar\system\Database\MySQLi\Connection.php(295): mysqli->query('SELECT `gitar`....', 0)
#1 C:\xampp\htdocs\gitar\gitar\system\Database\BaseConnection.php(692): CodeIgniter\Database\MySQLi\Connection->execute('SELECT `gitar`....')
#2 C:\xampp\htdocs\gitar\gitar\system\Database\BaseConnection.php(606): CodeIgniter\Database\BaseConnection->simpleQuery('SELECT `gitar`....')
#3 C:\xampp\htdocs\gitar\gitar\system\Database\BaseBuilder.php(1616): CodeIgniter\Database\BaseConnection->query('SELECT `gitar`....', Array, false)
#4 C:\xampp\htdocs\gitar\gitar\app\Models\GitarModel.php(25): CodeIgniter\Database\BaseBuilder->get()
#5 C:\xampp\htdocs\gitar\gitar\app\Controllers\User.php(31): App\Models\GitarModel->getByMerk()
#6 C:\xampp\htdocs\gitar\gitar\system\CodeIgniter.php(934): App\Controllers\User->editdata()
#7 C:\xampp\htdocs\gitar\gitar\system\CodeIgniter.php(499): CodeIgniter\CodeIgniter->runController(Object(App\Controllers\User))
#8 C:\xampp\htdocs\gitar\gitar\system\CodeIgniter.php(368): CodeIgniter\CodeIgniter->handleRequest(NULL, Object(Config\Cache), false)
#9 C:\xampp\htdocs\gitar\gitar\public\index.php(67): CodeIgniter\CodeIgniter->run()
#10 C:\xampp\htdocs\gitar\gitar\system\Commands\Server\rewrite.php(47): require_once('C:\\xampp\\htdocs...')
#11 {main}
CRITICAL - 2023-06-30 11:47:01 --> Table 'gitar.merk' doesn't exist
in SYSTEMPATH\Database\MySQLi\Connection.php on line 295.
 1 SYSTEMPATH\Database\MySQLi\Connection.php(295): mysqli->query('SELECT `gitar`.`id_merk`, `gitar`.`id_gitar`, `gitar`.`harga`, `gitar`.`gambar`, `gitar`.`nama`, `gitar`.`warna`, `gitar`.`jenis`, `gitar`.`ukuran`, `gitar`.`merk`, `merk`.`merk` as `merk`
FROM `gitar`
LEFT JOIN `merk` ON `merk`.`id_merk`= `gitar`.`id_merk`', 0)
 2 SYSTEMPATH\Database\BaseConnection.php(692): CodeIgniter\Database\MySQLi\Connection->execute('SELECT `gitar`.`id_merk`, `gitar`.`id_gitar`, `gitar`.`harga`, `gitar`.`gambar`, `gitar`.`nama`, `gitar`.`warna`, `gitar`.`jenis`, `gitar`.`ukuran`, `gitar`.`merk`, `merk`.`merk` as `merk`
FROM `gitar`
LEFT JOIN `merk` ON `merk`.`id_merk`= `gitar`.`id_merk`')
 3 SYSTEMPATH\Database\BaseConnection.php(606): CodeIgniter\Database\BaseConnection->simpleQuery('SELECT `gitar`.`id_merk`, `gitar`.`id_gitar`, `gitar`.`harga`, `gitar`.`gambar`, `gitar`.`nama`, `gitar`.`warna`, `gitar`.`jenis`, `gitar`.`ukuran`, `gitar`.`merk`, `merk`.`merk` as `merk`
FROM `gitar`
LEFT JOIN `merk` ON `merk`.`id_merk`= `gitar`.`id_merk`')
 4 SYSTEMPATH\Database\BaseBuilder.php(1616): CodeIgniter\Database\BaseConnection->query('SELECT `gitar`.`id_merk`, `gitar`.`id_gitar`, `gitar`.`harga`, `gitar`.`gambar`, `gitar`.`nama`, `gitar`.`warna`, `gitar`.`jenis`, `gitar`.`ukuran`, `gitar`.`merk`, `merk`.`merk` as `merk`
FROM `gitar`
LEFT JOIN `merk` ON `merk`.`id_merk`= `gitar`.`id_merk`', [], false)
 5 APPPATH\Models\GitarModel.php(25): CodeIgniter\Database\BaseBuilder->get()
 6 APPPATH\Controllers\User.php(31): App\Models\GitarModel->getByMerk()
 7 SYSTEMPATH\CodeIgniter.php(934): App\Controllers\User->editdata()
 8 SYSTEMPATH\CodeIgniter.php(499): CodeIgniter\CodeIgniter->runController(Object(App\Controllers\User))
 9 SYSTEMPATH\CodeIgniter.php(368): CodeIgniter\CodeIgniter->handleRequest(null, Object(Config\Cache), false)
10 FCPATH\index.php(67): CodeIgniter\CodeIgniter->run()
11 SYSTEMPATH\Commands\Server\rewrite.php(47): require_once('C:\\xampp\\htdocs\\gitar\\gitar\\public\\index.php')
ERROR - 2023-06-30 11:47:58 --> mysqli_sql_exception: Unknown column 'gitar.merk' in 'field list' in C:\xampp\htdocs\gitar\gitar\system\Database\MySQLi\Connection.php:295
Stack trace:
#0 C:\xampp\htdocs\gitar\gitar\system\Database\MySQLi\Connection.php(295): mysqli->query('SELECT `gitar`....', 0)
#1 C:\xampp\htdocs\gitar\gitar\system\Database\BaseConnection.php(692): CodeIgniter\Database\MySQLi\Connection->execute('SELECT `gitar`....')
#2 C:\xampp\htdocs\gitar\gitar\system\Database\BaseConnection.php(606): CodeIgniter\Database\BaseConnection->simpleQuery('SELECT `gitar`....')
#3 C:\xampp\htdocs\gitar\gitar\system\Database\BaseBuilder.php(1616): CodeIgniter\Database\BaseConnection->query('SELECT `gitar`....', Array, false)
#4 C:\xampp\htdocs\gitar\gitar\app\Models\GitarModel.php(25): CodeIgniter\Database\BaseBuilder->get()
#5 C:\xampp\htdocs\gitar\gitar\app\Controllers\User.php(31): App\Models\GitarModel->getByMerk()
#6 C:\xampp\htdocs\gitar\gitar\system\CodeIgniter.php(934): App\Controllers\User->editdata()
#7 C:\xampp\htdocs\gitar\gitar\system\CodeIgniter.php(499): CodeIgniter\CodeIgniter->runController(Object(App\Controllers\User))
#8 C:\xampp\htdocs\gitar\gitar\system\CodeIgniter.php(368): CodeIgniter\CodeIgniter->handleRequest(NULL, Object(Config\Cache), false)
#9 C:\xampp\htdocs\gitar\gitar\public\index.php(67): CodeIgniter\CodeIgniter->run()
#10 C:\xampp\htdocs\gitar\gitar\system\Commands\Server\rewrite.php(47): require_once('C:\\xampp\\htdocs...')
#11 {main}
CRITICAL - 2023-06-30 11:47:58 --> Unknown column 'gitar.merk' in 'field list'
in SYSTEMPATH\Database\MySQLi\Connection.php on line 295.
 1 SYSTEMPATH\Database\MySQLi\Connection.php(295): mysqli->query('SELECT `gitar`.`id_merk`, `gitar`.`id_gitar`, `gitar`.`harga`, `gitar`.`gambar`, `gitar`.`nama`, `gitar`.`warna`, `gitar`.`jenis`, `gitar`.`ukuran`, `gitar`.`merk`
FROM `gitar`', 0)
 2 SYSTEMPATH\Database\BaseConnection.php(692): CodeIgniter\Database\MySQLi\Connection->execute('SELECT `gitar`.`id_merk`, `gitar`.`id_gitar`, `gitar`.`harga`, `gitar`.`gambar`, `gitar`.`nama`, `gitar`.`warna`, `gitar`.`jenis`, `gitar`.`ukuran`, `gitar`.`merk`
FROM `gitar`')
 3 SYSTEMPATH\Database\BaseConnection.php(606): CodeIgniter\Database\BaseConnection->simpleQuery('SELECT `gitar`.`id_merk`, `gitar`.`id_gitar`, `gitar`.`harga`, `gitar`.`gambar`, `gitar`.`nama`, `gitar`.`warna`, `gitar`.`jenis`, `gitar`.`ukuran`, `gitar`.`merk`
FROM `gitar`')
 4 SYSTEMPATH\Database\BaseBuilder.php(1616): CodeIgniter\Database\BaseConnection->query('SELECT `gitar`.`id_merk`, `gitar`.`id_gitar`, `gitar`.`harga`, `gitar`.`gambar`, `gitar`.`nama`, `gitar`.`warna`, `gitar`.`jenis`, `gitar`.`ukuran`, `gitar`.`merk`
FROM `gitar`', [], false)
 5 APPPATH\Models\GitarModel.php(25): CodeIgniter\Database\BaseBuilder->get()
 6 APPPATH\Controllers\User.php(31): App\Models\GitarModel->getByMerk()
 7 SYSTEMPATH\CodeIgniter.php(934): App\Controllers\User->editdata()
 8 SYSTEMPATH\CodeIgniter.php(499): CodeIgniter\CodeIgniter->runController(Object(App\Controllers\User))
 9 SYSTEMPATH\CodeIgniter.php(368): CodeIgniter\CodeIgniter->handleRequest(null, Object(Config\Cache), false)
10 FCPATH\index.php(67): CodeIgniter\CodeIgniter->run()
11 SYSTEMPATH\Commands\Server\rewrite.php(47): require_once('C:\\xampp\\htdocs\\gitar\\gitar\\public\\index.php')
ERROR - 2023-06-30 11:47:59 --> mysqli_sql_exception: Unknown column 'gitar.merk' in 'field list' in C:\xampp\htdocs\gitar\gitar\system\Database\MySQLi\Connection.php:295
Stack trace:
#0 C:\xampp\htdocs\gitar\gitar\system\Database\MySQLi\Connection.php(295): mysqli->query('SELECT `gitar`....', 0)
#1 C:\xampp\htdocs\gitar\gitar\system\Database\BaseConnection.php(692): CodeIgniter\Database\MySQLi\Connection->execute('SELECT `gitar`....')
#2 C:\xampp\htdocs\gitar\gitar\system\Database\BaseConnection.php(606): CodeIgniter\Database\BaseConnection->simpleQuery('SELECT `gitar`....')
#3 C:\xampp\htdocs\gitar\gitar\system\Database\BaseBuilder.php(1616): CodeIgniter\Database\BaseConnection->query('SELECT `gitar`....', Array, false)
#4 C:\xampp\htdocs\gitar\gitar\app\Models\GitarModel.php(25): CodeIgniter\Database\BaseBuilder->get()
#5 C:\xampp\htdocs\gitar\gitar\app\Controllers\User.php(31): App\Models\GitarModel->getByMerk()
#6 C:\xampp\htdocs\gitar\gitar\system\CodeIgniter.php(934): App\Controllers\User->editdata()
#7 C:\xampp\htdocs\gitar\gitar\system\CodeIgniter.php(499): CodeIgniter\CodeIgniter->runController(Object(App\Controllers\User))
#8 C:\xampp\htdocs\gitar\gitar\system\CodeIgniter.php(368): CodeIgniter\CodeIgniter->handleRequest(NULL, Object(Config\Cache), false)
#9 C:\xampp\htdocs\gitar\gitar\public\index.php(67): CodeIgniter\CodeIgniter->run()
#10 C:\xampp\htdocs\gitar\gitar\system\Commands\Server\rewrite.php(47): require_once('C:\\xampp\\htdocs...')
#11 {main}
CRITICAL - 2023-06-30 11:47:59 --> Unknown column 'gitar.merk' in 'field list'
in SYSTEMPATH\Database\MySQLi\Connection.php on line 295.
 1 SYSTEMPATH\Database\MySQLi\Connection.php(295): mysqli->query('SELECT `gitar`.`id_merk`, `gitar`.`id_gitar`, `gitar`.`harga`, `gitar`.`gambar`, `gitar`.`nama`, `gitar`.`warna`, `gitar`.`jenis`, `gitar`.`ukuran`, `gitar`.`merk`
FROM `gitar`', 0)
 2 SYSTEMPATH\Database\BaseConnection.php(692): CodeIgniter\Database\MySQLi\Connection->execute('SELECT `gitar`.`id_merk`, `gitar`.`id_gitar`, `gitar`.`harga`, `gitar`.`gambar`, `gitar`.`nama`, `gitar`.`warna`, `gitar`.`jenis`, `gitar`.`ukuran`, `gitar`.`merk`
FROM `gitar`')
 3 SYSTEMPATH\Database\BaseConnection.php(606): CodeIgniter\Database\BaseConnection->simpleQuery('SELECT `gitar`.`id_merk`, `gitar`.`id_gitar`, `gitar`.`harga`, `gitar`.`gambar`, `gitar`.`nama`, `gitar`.`warna`, `gitar`.`jenis`, `gitar`.`ukuran`, `gitar`.`merk`
FROM `gitar`')
 4 SYSTEMPATH\Database\BaseBuilder.php(1616): CodeIgniter\Database\BaseConnection->query('SELECT `gitar`.`id_merk`, `gitar`.`id_gitar`, `gitar`.`harga`, `gitar`.`gambar`, `gitar`.`nama`, `gitar`.`warna`, `gitar`.`jenis`, `gitar`.`ukuran`, `gitar`.`merk`
FROM `gitar`', [], false)
 5 APPPATH\Models\GitarModel.php(25): CodeIgniter\Database\BaseBuilder->get()
 6 APPPATH\Controllers\User.php(31): App\Models\GitarModel->getByMerk()
 7 SYSTEMPATH\CodeIgniter.php(934): App\Controllers\User->editdata()
 8 SYSTEMPATH\CodeIgniter.php(499): CodeIgniter\CodeIgniter->runController(Object(App\Controllers\User))
 9 SYSTEMPATH\CodeIgniter.php(368): CodeIgniter\CodeIgniter->handleRequest(null, Object(Config\Cache), false)
10 FCPATH\index.php(67): CodeIgniter\CodeIgniter->run()
11 SYSTEMPATH\Commands\Server\rewrite.php(47): require_once('C:\\xampp\\htdocs\\gitar\\gitar\\public\\index.php')
INFO - 2023-06-30 11:48:22 --> Session: Class initialized using 'CodeIgniter\Session\Handlers\FileHandler' driver.
INFO - 2023-06-30 11:48:23 --> Session: Class initialized using 'CodeIgniter\Session\Handlers\FileHandler' driver.
INFO - 2023-06-30 11:48:55 --> Session: Class initialized using 'CodeIgniter\Session\Handlers\FileHandler' driver.
INFO - 2023-06-30 11:54:45 --> Session: Class initialized using 'CodeIgniter\Session\Handlers\FileHandler' driver.
INFO - 2023-06-30 11:54:46 --> Session: Class initialized using 'CodeIgniter\Session\Handlers\FileHandler' driver.
INFO - 2023-06-30 12:00:14 --> Session: Class initialized using 'CodeIgniter\Session\Handlers\FileHandler' driver.
INFO - 2023-06-30 12:00:15 --> Session: Class initialized using 'CodeIgniter\Session\Handlers\FileHandler' driver.
INFO - 2023-06-30 12:01:48 --> Session: Class initialized using 'CodeIgniter\Session\Handlers\FileHandler' driver.
INFO - 2023-06-30 12:01:49 --> Session: Class initialized using 'CodeIgniter\Session\Handlers\FileHandler' driver.
INFO - 2023-06-30 12:02:21 --> Session: Class initialized using 'CodeIgniter\Session\Handlers\FileHandler' driver.
INFO - 2023-06-30 12:02:22 --> Session: Class initialized using 'CodeIgniter\Session\Handlers\FileHandler' driver.
INFO - 2023-06-30 12:02:56 --> Session: Class initialized using 'CodeIgniter\Session\Handlers\FileHandler' driver.
INFO - 2023-06-30 12:02:57 --> Session: Class initialized using 'CodeIgniter\Session\Handlers\FileHandler' driver.
INFO - 2023-06-30 12:03:46 --> Session: Class initialized using 'CodeIgniter\Session\Handlers\FileHandler' driver.
INFO - 2023-06-30 12:03:47 --> Session: Class initialized using 'CodeIgniter\Session\Handlers\FileHandler' driver.
INFO - 2023-06-30 12:05:21 --> Session: Class initialized using 'CodeIgniter\Session\Handlers\FileHandler' driver.
INFO - 2023-06-30 12:05:22 --> Session: Class initialized using 'CodeIgniter\Session\Handlers\FileHandler' driver.
INFO - 2023-06-30 12:05:35 --> Session: Class initialized using 'CodeIgniter\Session\Handlers\FileHandler' driver.
INFO - 2023-06-30 12:05:36 --> Session: Class initialized using 'CodeIgniter\Session\Handlers\FileHandler' driver.
INFO - 2023-06-30 12:05:58 --> Session: Class initialized using 'CodeIgniter\Session\Handlers\FileHandler' driver.
INFO - 2023-06-30 12:05:59 --> Session: Class initialized using 'CodeIgniter\Session\Handlers\FileHandler' driver.
INFO - 2023-06-30 12:06:08 --> Session: Class initialized using 'CodeIgniter\Session\Handlers\FileHandler' driver.
INFO - 2023-06-30 12:06:10 --> Session: Class initialized using 'CodeIgniter\Session\Handlers\FileHandler' driver.
INFO - 2023-06-30 12:06:26 --> Session: Class initialized using 'CodeIgniter\Session\Handlers\FileHandler' driver.
INFO - 2023-06-30 12:06:28 --> Session: Class initialized using 'CodeIgniter\Session\Handlers\FileHandler' driver.
INFO - 2023-06-30 12:06:29 --> Session: Class initialized using 'CodeIgniter\Session\Handlers\FileHandler' driver.
INFO - 2023-06-30 12:06:42 --> Session: Class initialized using 'CodeIgniter\Session\Handlers\FileHandler' driver.
INFO - 2023-06-30 12:06:43 --> Session: Class initialized using 'CodeIgniter\Session\Handlers\FileHandler' driver.
INFO - 2023-06-30 12:08:41 --> Session: Class initialized using 'CodeIgniter\Session\Handlers\FileHandler' driver.
INFO - 2023-06-30 12:08:45 --> Session: Class initialized using 'CodeIgniter\Session\Handlers\FileHandler' driver.
INFO - 2023-06-30 12:10:11 --> Session: Class initialized using 'CodeIgniter\Session\Handlers\FileHandler' driver.
INFO - 2023-06-30 12:10:13 --> Session: Class initialized using 'CodeIgniter\Session\Handlers\FileHandler' driver.
INFO - 2023-06-30 12:12:25 --> Session: Class initialized using 'CodeIgniter\Session\Handlers\FileHandler' driver.
INFO - 2023-06-30 12:12:26 --> Session: Class initialized using 'CodeIgniter\Session\Handlers\FileHandler' driver.
INFO - 2023-06-30 12:12:58 --> Session: Class initialized using 'CodeIgniter\Session\Handlers\FileHandler' driver.
INFO - 2023-06-30 12:12:59 --> Session: Class initialized using 'CodeIgniter\Session\Handlers\FileHandler' driver.
INFO - 2023-06-30 12:13:14 --> Session: Class initialized using 'CodeIgniter\Session\Handlers\FileHandler' driver.
INFO - 2023-06-30 12:13:27 --> Session: Class initialized using 'CodeIgniter\Session\Handlers\FileHandler' driver.
INFO - 2023-06-30 12:13:43 --> Session: Class initialized using 'CodeIgniter\Session\Handlers\FileHandler' driver.
INFO - 2023-06-30 12:13:45 --> Session: Class initialized using 'CodeIgniter\Session\Handlers\FileHandler' driver.
INFO - 2023-06-30 12:13:50 --> Session: Class initialized using 'CodeIgniter\Session\Handlers\FileHandler' driver.
INFO - 2023-06-30 12:13:57 --> Session: Class initialized using 'CodeIgniter\Session\Handlers\FileHandler' driver.
INFO - 2023-06-30 12:14:06 --> Session: Class initialized using 'CodeIgniter\Session\Handlers\FileHandler' driver.
INFO - 2023-06-30 12:16:11 --> Session: Class initialized using 'CodeIgniter\Session\Handlers\FileHandler' driver.
INFO - 2023-06-30 12:16:15 --> Session: Class initialized using 'CodeIgniter\Session\Handlers\FileHandler' driver.
INFO - 2023-06-30 12:16:25 --> Session: Class initialized using 'CodeIgniter\Session\Handlers\FileHandler' driver.
INFO - 2023-06-30 12:16:32 --> Session: Class initialized using 'CodeIgniter\Session\Handlers\FileHandler' driver.
INFO - 2023-06-30 12:20:05 --> Session: Class initialized using 'CodeIgniter\Session\Handlers\FileHandler' driver.
INFO - 2023-06-30 12:20:52 --> Session: Class initialized using 'CodeIgniter\Session\Handlers\FileHandler' driver.
INFO - 2023-06-30 12:21:05 --> Session: Class initialized using 'CodeIgniter\Session\Handlers\FileHandler' driver.
INFO - 2023-06-30 12:22:01 --> Session: Class initialized using 'CodeIgniter\Session\Handlers\FileHandler' driver.
INFO - 2023-06-30 12:23:00 --> Session: Class initialized using 'CodeIgniter\Session\Handlers\FileHandler' driver.
INFO - 2023-06-30 12:23:17 --> Session: Class initialized using 'CodeIgniter\Session\Handlers\FileHandler' driver.
INFO - 2023-06-30 12:23:17 --> Session: Class initialized using 'CodeIgniter\Session\Handlers\FileHandler' driver.
INFO - 2023-06-30 12:23:44 --> Session: Class initialized using 'CodeIgniter\Session\Handlers\FileHandler' driver.
INFO - 2023-06-30 12:23:49 --> Session: Class initialized using 'CodeIgniter\Session\Handlers\FileHandler' driver.
INFO - 2023-06-30 12:23:53 --> Session: Class initialized using 'CodeIgniter\Session\Handlers\FileHandler' driver.
INFO - 2023-06-30 12:25:09 --> Session: Class initialized using 'CodeIgniter\Session\Handlers\FileHandler' driver.
INFO - 2023-06-30 12:26:52 --> Session: Class initialized using 'CodeIgniter\Session\Handlers\FileHandler' driver.
INFO - 2023-06-30 12:30:46 --> Session: Class initialized using 'CodeIgniter\Session\Handlers\FileHandler' driver.
INFO - 2023-06-30 12:31:41 --> Session: Class initialized using 'CodeIgniter\Session\Handlers\FileHandler' driver.
INFO - 2023-06-30 12:32:18 --> Session: Class initialized using 'CodeIgniter\Session\Handlers\FileHandler' driver.
INFO - 2023-06-30 12:32:42 --> Session: Class initialized using 'CodeIgniter\Session\Handlers\FileHandler' driver.
INFO - 2023-06-30 12:32:52 --> Session: Class initialized using 'CodeIgniter\Session\Handlers\FileHandler' driver.
INFO - 2023-06-30 12:33:56 --> Session: Class initialized using 'CodeIgniter\Session\Handlers\FileHandler' driver.
INFO - 2023-06-30 12:34:48 --> Session: Class initialized using 'CodeIgniter\Session\Handlers\FileHandler' driver.
INFO - 2023-06-30 12:35:27 --> Session: Class initialized using 'CodeIgniter\Session\Handlers\FileHandler' driver.
INFO - 2023-06-30 12:35:49 --> Session: Class initialized using 'CodeIgniter\Session\Handlers\FileHandler' driver.
INFO - 2023-06-30 12:36:00 --> Session: Class initialized using 'CodeIgniter\Session\Handlers\FileHandler' driver.
INFO - 2023-06-30 12:36:07 --> Session: Class initialized using 'CodeIgniter\Session\Handlers\FileHandler' driver.
INFO - 2023-06-30 12:36:27 --> Session: Class initialized using 'CodeIgniter\Session\Handlers\FileHandler' driver.
INFO - 2023-06-30 12:37:19 --> Session: Class initialized using 'CodeIgniter\Session\Handlers\FileHandler' driver.
INFO - 2023-06-30 12:37:23 --> Session: Class initialized using 'CodeIgniter\Session\Handlers\FileHandler' driver.
INFO - 2023-06-30 12:37:32 --> Session: Class initialized using 'CodeIgniter\Session\Handlers\FileHandler' driver.
INFO - 2023-06-30 12:37:37 --> Session: Class initialized using 'CodeIgniter\Session\Handlers\FileHandler' driver.
INFO - 2023-06-30 12:37:39 --> Session: Class initialized using 'CodeIgniter\Session\Handlers\FileHandler' driver.
INFO - 2023-06-30 12:38:22 --> Session: Class initialized using 'CodeIgniter\Session\Handlers\FileHandler' driver.
INFO - 2023-06-30 12:38:25 --> Session: Class initialized using 'CodeIgniter\Session\Handlers\FileHandler' driver.
INFO - 2023-06-30 12:38:28 --> Session: Class initialized using 'CodeIgniter\Session\Handlers\FileHandler' driver.
INFO - 2023-06-30 12:38:34 --> Session: Class initialized using 'CodeIgniter\Session\Handlers\FileHandler' driver.
INFO - 2023-06-30 12:38:43 --> Session: Class initialized using 'CodeIgniter\Session\Handlers\FileHandler' driver.
INFO - 2023-06-30 12:40:25 --> Session: Class initialized using 'CodeIgniter\Session\Handlers\FileHandler' driver.
INFO - 2023-06-30 12:41:26 --> Session: Class initialized using 'CodeIgniter\Session\Handlers\FileHandler' driver.
INFO - 2023-06-30 12:41:28 --> Session: Class initialized using 'CodeIgniter\Session\Handlers\FileHandler' driver.
INFO - 2023-06-30 12:41:33 --> Session: Class initialized using 'CodeIgniter\Session\Handlers\FileHandler' driver.
INFO - 2023-06-30 12:41:38 --> Session: Class initialized using 'CodeIgniter\Session\Handlers\FileHandler' driver.
INFO - 2023-06-30 12:41:42 --> Session: Class initialized using 'CodeIgniter\Session\Handlers\FileHandler' driver.
INFO - 2023-06-30 12:41:45 --> Session: Class initialized using 'CodeIgniter\Session\Handlers\FileHandler' driver.
INFO - 2023-06-30 12:41:51 --> Session: Class initialized using 'CodeIgniter\Session\Handlers\FileHandler' driver.
INFO - 2023-06-30 12:42:29 --> Session: Class initialized using 'CodeIgniter\Session\Handlers\FileHandler' driver.
INFO - 2023-06-30 12:44:38 --> Session: Class initialized using 'CodeIgniter\Session\Handlers\FileHandler' driver.
INFO - 2023-06-30 12:44:41 --> Session: Class initialized using 'CodeIgniter\Session\Handlers\FileHandler' driver.
CRITICAL - 2023-06-30 12:44:41 --> Undefined variable $kesimpulan
in APPPATH\Controllers\User.php on line 397.
 1 APPPATH\Controllers\User.php(397): CodeIgniter\Debug\Exceptions->errorHandler(2, 'Undefined variable $kesimpulan', 'C:\\xampp\\htdocs\\gitar\\gitar\\app\\Controllers\\User.php', 397)
 2 SYSTEMPATH\CodeIgniter.php(934): App\Controllers\User->uji_data()
 3 SYSTEMPATH\CodeIgniter.php(499): CodeIgniter\CodeIgniter->runController(Object(App\Controllers\User))
 4 SYSTEMPATH\CodeIgniter.php(368): CodeIgniter\CodeIgniter->handleRequest(null, Object(Config\Cache), false)
 5 FCPATH\index.php(67): CodeIgniter\CodeIgniter->run()
 6 SYSTEMPATH\Commands\Server\rewrite.php(47): require_once('C:\\xampp\\htdocs\\gitar\\gitar\\public\\index.php')
INFO - 2023-06-30 12:45:06 --> Session: Class initialized using 'CodeIgniter\Session\Handlers\FileHandler' driver.
INFO - 2023-06-30 12:45:09 --> Session: Class initialized using 'CodeIgniter\Session\Handlers\FileHandler' driver.
INFO - 2023-06-30 12:48:14 --> Session: Class initialized using 'CodeIgniter\Session\Handlers\FileHandler' driver.
INFO - 2023-06-30 12:48:26 --> Session: Class initialized using 'CodeIgniter\Session\Handlers\FileHandler' driver.
INFO - 2023-06-30 12:48:41 --> Session: Class initialized using 'CodeIgniter\Session\Handlers\FileHandler' driver.
INFO - 2023-06-30 12:48:46 --> Session: Class initialized using 'CodeIgniter\Session\Handlers\FileHandler' driver.
INFO - 2023-06-30 12:48:52 --> Session: Class initialized using 'CodeIgniter\Session\Handlers\FileHandler' driver.
INFO - 2023-06-30 12:48:55 --> Session: Class initialized using 'CodeIgniter\Session\Handlers\FileHandler' driver.
INFO - 2023-06-30 12:49:46 --> Session: Class initialized using 'CodeIgniter\Session\Handlers\FileHandler' driver.
INFO - 2023-06-30 12:49:49 --> Session: Class initialized using 'CodeIgniter\Session\Handlers\FileHandler' driver.
INFO - 2023-06-30 12:49:52 --> Session: Class initialized using 'CodeIgniter\Session\Handlers\FileHandler' driver.
INFO - 2023-06-30 12:49:59 --> Session: Class initialized using 'CodeIgniter\Session\Handlers\FileHandler' driver.
INFO - 2023-06-30 12:51:37 --> Session: Class initialized using 'CodeIgniter\Session\Handlers\FileHandler' driver.
INFO - 2023-06-30 12:52:12 --> Session: Class initialized using 'CodeIgniter\Session\Handlers\FileHandler' driver.
INFO - 2023-06-30 12:52:18 --> Session: Class initialized using 'CodeIgniter\Session\Handlers\FileHandler' driver.
INFO - 2023-06-30 12:52:20 --> Session: Class initialized using 'CodeIgniter\Session\Handlers\FileHandler' driver.
INFO - 2023-06-30 12:52:47 --> Session: Class initialized using 'CodeIgniter\Session\Handlers\FileHandler' driver.
INFO - 2023-06-30 12:53:03 --> Session: Class initialized using 'CodeIgniter\Session\Handlers\FileHandler' driver.
INFO - 2023-06-30 12:53:25 --> Session: Class initialized using 'CodeIgniter\Session\Handlers\FileHandler' driver.
INFO - 2023-06-30 12:53:27 --> Session: Class initialized using 'CodeIgniter\Session\Handlers\FileHandler' driver.
INFO - 2023-06-30 12:54:26 --> Session: Class initialized using 'CodeIgniter\Session\Handlers\FileHandler' driver.
INFO - 2023-06-30 12:54:51 --> Session: Class initialized using 'CodeIgniter\Session\Handlers\FileHandler' driver.
INFO - 2023-06-30 12:54:53 --> Session: Class initialized using 'CodeIgniter\Session\Handlers\FileHandler' driver.
INFO - 2023-06-30 12:54:56 --> Session: Class initialized using 'CodeIgniter\Session\Handlers\FileHandler' driver.
INFO - 2023-06-30 12:55:18 --> Session: Class initialized using 'CodeIgniter\Session\Handlers\FileHandler' driver.
INFO - 2023-06-30 12:55:24 --> Session: Class initialized using 'CodeIgniter\Session\Handlers\FileHandler' driver.
INFO - 2023-06-30 12:56:45 --> Session: Class initialized using 'CodeIgniter\Session\Handlers\FileHandler' driver.
INFO - 2023-06-30 12:56:51 --> Session: Class initialized using 'CodeIgniter\Session\Handlers\FileHandler' driver.
INFO - 2023-06-30 13:01:24 --> Session: Class initialized using 'CodeIgniter\Session\Handlers\FileHandler' driver.
INFO - 2023-06-30 13:04:11 --> Session: Class initialized using 'CodeIgniter\Session\Handlers\FileHandler' driver.
INFO - 2023-06-30 13:04:51 --> Session: Class initialized using 'CodeIgniter\Session\Handlers\FileHandler' driver.
INFO - 2023-06-30 13:05:27 --> Session: Class initialized using 'CodeIgniter\Session\Handlers\FileHandler' driver.
INFO - 2023-06-30 13:06:17 --> Session: Class initialized using 'CodeIgniter\Session\Handlers\FileHandler' driver.
INFO - 2023-06-30 13:06:55 --> Session: Class initialized using 'CodeIgniter\Session\Handlers\FileHandler' driver.
INFO - 2023-06-30 13:12:41 --> Session: Class initialized using 'CodeIgniter\Session\Handlers\FileHandler' driver.
INFO - 2023-06-30 13:12:44 --> Session: Class initialized using 'CodeIgniter\Session\Handlers\FileHandler' driver.
INFO - 2023-06-30 13:12:47 --> Session: Class initialized using 'CodeIgniter\Session\Handlers\FileHandler' driver.
INFO - 2023-06-30 13:13:13 --> Session: Class initialized using 'CodeIgniter\Session\Handlers\FileHandler' driver.
INFO - 2023-06-30 13:13:15 --> Session: Class initialized using 'CodeIgniter\Session\Handlers\FileHandler' driver.
INFO - 2023-06-30 13:13:16 --> Session: Class initialized using 'CodeIgniter\Session\Handlers\FileHandler' driver.
INFO - 2023-06-30 13:13:16 --> Session: Class initialized using 'CodeIgniter\Session\Handlers\FileHandler' driver.
INFO - 2023-06-30 13:14:25 --> Session: Class initialized using 'CodeIgniter\Session\Handlers\FileHandler' driver.
INFO - 2023-06-30 13:14:27 --> Session: Class initialized using 'CodeIgniter\Session\Handlers\FileHandler' driver.
INFO - 2023-06-30 13:14:29 --> Session: Class initialized using 'CodeIgniter\Session\Handlers\FileHandler' driver.
INFO - 2023-06-30 13:14:44 --> Session: Class initialized using 'CodeIgniter\Session\Handlers\FileHandler' driver.
INFO - 2023-06-30 13:14:48 --> Session: Class initialized using 'CodeIgniter\Session\Handlers\FileHandler' driver.
INFO - 2023-06-30 13:14:51 --> Session: Class initialized using 'CodeIgniter\Session\Handlers\FileHandler' driver.
INFO - 2023-06-30 13:15:00 --> Session: Class initialized using 'CodeIgniter\Session\Handlers\FileHandler' driver.
INFO - 2023-06-30 13:15:04 --> Session: Class initialized using 'CodeIgniter\Session\Handlers\FileHandler' driver.
INFO - 2023-06-30 13:15:09 --> Session: Class initialized using 'CodeIgniter\Session\Handlers\FileHandler' driver.
INFO - 2023-06-30 13:15:32 --> Session: Class initialized using 'CodeIgniter\Session\Handlers\FileHandler' driver.
INFO - 2023-06-30 13:15:34 --> Session: Class initialized using 'CodeIgniter\Session\Handlers\FileHandler' driver.
INFO - 2023-06-30 13:15:37 --> Session: Class initialized using 'CodeIgniter\Session\Handlers\FileHandler' driver.
INFO - 2023-06-30 13:16:11 --> Session: Class initialized using 'CodeIgniter\Session\Handlers\FileHandler' driver.
INFO - 2023-06-30 13:16:29 --> Session: Class initialized using 'CodeIgniter\Session\Handlers\FileHandler' driver.
INFO - 2023-06-30 13:16:32 --> Session: Class initialized using 'CodeIgniter\Session\Handlers\FileHandler' driver.
INFO - 2023-06-30 13:16:35 --> Session: Class initialized using 'CodeIgniter\Session\Handlers\FileHandler' driver.
INFO - 2023-06-30 13:16:39 --> Session: Class initialized using 'CodeIgniter\Session\Handlers\FileHandler' driver.
INFO - 2023-06-30 13:16:43 --> Session: Class initialized using 'CodeIgniter\Session\Handlers\FileHandler' driver.
INFO - 2023-06-30 13:16:48 --> Session: Class initialized using 'CodeIgniter\Session\Handlers\FileHandler' driver.
INFO - 2023-06-30 13:17:21 --> Session: Class initialized using 'CodeIgniter\Session\Handlers\FileHandler' driver.
INFO - 2023-06-30 13:17:23 --> Session: Class initialized using 'CodeIgniter\Session\Handlers\FileHandler' driver.
INFO - 2023-06-30 13:17:47 --> Session: Class initialized using 'CodeIgniter\Session\Handlers\FileHandler' driver.
INFO - 2023-06-30 13:17:50 --> Session: Class initialized using 'CodeIgniter\Session\Handlers\FileHandler' driver.
INFO - 2023-06-30 13:18:04 --> Session: Class initialized using 'CodeIgniter\Session\Handlers\FileHandler' driver.
INFO - 2023-06-30 13:18:12 --> Session: Class initialized using 'CodeIgniter\Session\Handlers\FileHandler' driver.
INFO - 2023-06-30 13:18:21 --> Session: Class initialized using 'CodeIgniter\Session\Handlers\FileHandler' driver.
INFO - 2023-06-30 13:18:27 --> Session: Class initialized using 'CodeIgniter\Session\Handlers\FileHandler' driver.
INFO - 2023-06-30 13:22:03 --> Session: Class initialized using 'CodeIgniter\Session\Handlers\FileHandler' driver.
INFO - 2023-06-30 13:22:06 --> Session: Class initialized using 'CodeIgniter\Session\Handlers\FileHandler' driver.
INFO - 2023-06-30 13:22:28 --> Session: Class initialized using 'CodeIgniter\Session\Handlers\FileHandler' driver.
INFO - 2023-06-30 13:22:45 --> Session: Class initialized using 'CodeIgniter\Session\Handlers\FileHandler' driver.
INFO - 2023-06-30 13:22:49 --> Session: Class initialized using 'CodeIgniter\Session\Handlers\FileHandler' driver.
INFO - 2023-06-30 13:23:15 --> Session: Class initialized using 'CodeIgniter\Session\Handlers\FileHandler' driver.
INFO - 2023-06-30 13:23:30 --> Session: Class initialized using 'CodeIgniter\Session\Handlers\FileHandler' driver.
INFO - 2023-06-30 13:23:33 --> Session: Class initialized using 'CodeIgniter\Session\Handlers\FileHandler' driver.
INFO - 2023-06-30 13:23:37 --> Session: Class initialized using 'CodeIgniter\Session\Handlers\FileHandler' driver.
INFO - 2023-06-30 13:23:41 --> Session: Class initialized using 'CodeIgniter\Session\Handlers\FileHandler' driver.
INFO - 2023-06-30 13:24:02 --> Session: Class initialized using 'CodeIgniter\Session\Handlers\FileHandler' driver.
INFO - 2023-06-30 13:24:16 --> Session: Class initialized using 'CodeIgniter\Session\Handlers\FileHandler' driver.
INFO - 2023-06-30 13:24:22 --> Session: Class initialized using 'CodeIgniter\Session\Handlers\FileHandler' driver.
INFO - 2023-06-30 13:26:24 --> Session: Class initialized using 'CodeIgniter\Session\Handlers\FileHandler' driver.
INFO - 2023-06-30 13:26:33 --> Session: Class initialized using 'CodeIgniter\Session\Handlers\FileHandler' driver.
INFO - 2023-06-30 13:26:44 --> Session: Class initialized using 'CodeIgniter\Session\Handlers\FileHandler' driver.
INFO - 2023-06-30 13:26:59 --> Session: Class initialized using 'CodeIgniter\Session\Handlers\FileHandler' driver.
INFO - 2023-06-30 13:27:05 --> Session: Class initialized using 'CodeIgniter\Session\Handlers\FileHandler' driver.
INFO - 2023-06-30 13:27:09 --> Session: Class initialized using 'CodeIgniter\Session\Handlers\FileHandler' driver.
INFO - 2023-06-30 13:27:15 --> Session: Class initialized using 'CodeIgniter\Session\Handlers\FileHandler' driver.
INFO - 2023-06-30 13:27:22 --> Session: Class initialized using 'CodeIgniter\Session\Handlers\FileHandler' driver.
INFO - 2023-06-30 13:27:28 --> Session: Class initialized using 'CodeIgniter\Session\Handlers\FileHandler' driver.
INFO - 2023-06-30 13:27:40 --> Session: Class initialized using 'CodeIgniter\Session\Handlers\FileHandler' driver.
INFO - 2023-06-30 13:27:43 --> Session: Class initialized using 'CodeIgniter\Session\Handlers\FileHandler' driver.
INFO - 2023-06-30 13:28:06 --> Session: Class initialized using 'CodeIgniter\Session\Handlers\FileHandler' driver.
INFO - 2023-06-30 13:28:10 --> Session: Class initialized using 'CodeIgniter\Session\Handlers\FileHandler' driver.
INFO - 2023-06-30 13:28:16 --> Session: Class initialized using 'CodeIgniter\Session\Handlers\FileHandler' driver.
INFO - 2023-06-30 13:28:20 --> Session: Class initialized using 'CodeIgniter\Session\Handlers\FileHandler' driver.
INFO - 2023-06-30 13:28:24 --> Session: Class initialized using 'CodeIgniter\Session\Handlers\FileHandler' driver.
INFO - 2023-06-30 13:28:27 --> Session: Class initialized using 'CodeIgniter\Session\Handlers\FileHandler' driver.
INFO - 2023-06-30 13:28:33 --> Session: Class initialized using 'CodeIgniter\Session\Handlers\FileHandler' driver.
INFO - 2023-06-30 13:28:37 --> Session: Class initialized using 'CodeIgniter\Session\Handlers\FileHandler' driver.
INFO - 2023-06-30 13:29:15 --> Session: Class initialized using 'CodeIgniter\Session\Handlers\FileHandler' driver.
INFO - 2023-06-30 13:29:35 --> Session: Class initialized using 'CodeIgniter\Session\Handlers\FileHandler' driver.
INFO - 2023-06-30 13:29:35 --> Session: Class initialized using 'CodeIgniter\Session\Handlers\FileHandler' driver.
INFO - 2023-06-30 13:29:40 --> Session: Class initialized using 'CodeIgniter\Session\Handlers\FileHandler' driver.
INFO - 2023-06-30 13:29:52 --> Session: Class initialized using 'CodeIgniter\Session\Handlers\FileHandler' driver.
INFO - 2023-06-30 13:30:04 --> Session: Class initialized using 'CodeIgniter\Session\Handlers\FileHandler' driver.
INFO - 2023-06-30 13:30:26 --> Session: Class initialized using 'CodeIgniter\Session\Handlers\FileHandler' driver.
INFO - 2023-06-30 13:30:38 --> Session: Class initialized using 'CodeIgniter\Session\Handlers\FileHandler' driver.
INFO - 2023-06-30 13:30:46 --> Session: Class initialized using 'CodeIgniter\Session\Handlers\FileHandler' driver.
INFO - 2023-06-30 13:30:55 --> Session: Class initialized using 'CodeIgniter\Session\Handlers\FileHandler' driver.
INFO - 2023-06-30 13:31:00 --> Session: Class initialized using 'CodeIgniter\Session\Handlers\FileHandler' driver.
INFO - 2023-06-30 13:31:22 --> Session: Class initialized using 'CodeIgniter\Session\Handlers\FileHandler' driver.
INFO - 2023-06-30 13:31:25 --> Session: Class initialized using 'CodeIgniter\Session\Handlers\FileHandler' driver.
INFO - 2023-06-30 13:31:43 --> Session: Class initialized using 'CodeIgniter\Session\Handlers\FileHandler' driver.
INFO - 2023-06-30 13:31:54 --> Session: Class initialized using 'CodeIgniter\Session\Handlers\FileHandler' driver.
INFO - 2023-06-30 13:32:03 --> Session: Class initialized using 'CodeIgniter\Session\Handlers\FileHandler' driver.
