INFO - 2023-08-07 04:36:47 --> Session: Class initialized using 'CodeIgniter\Session\Handlers\FileHandler' driver.
INFO - 2023-08-07 04:36:48 --> Session: Class initialized using 'CodeIgniter\Session\Handlers\FileHandler' driver.
INFO - 2023-08-07 04:36:53 --> Session: Class initialized using 'CodeIgniter\Session\Handlers\FileHandler' driver.
INFO - 2023-08-07 04:40:06 --> Session: Class initialized using 'CodeIgniter\Session\Handlers\FileHandler' driver.
INFO - 2023-08-07 04:41:50 --> Session: Class initialized using 'CodeIgniter\Session\Handlers\FileHandler' driver.
INFO - 2023-08-07 04:42:09 --> Session: Class initialized using 'CodeIgniter\Session\Handlers\FileHandler' driver.
INFO - 2023-08-07 04:42:16 --> Session: Class initialized using 'CodeIgniter\Session\Handlers\FileHandler' driver.
INFO - 2023-08-07 04:42:44 --> Session: Class initialized using 'CodeIgniter\Session\Handlers\FileHandler' driver.
INFO - 2023-08-07 04:43:07 --> Session: Class initialized using 'CodeIgniter\Session\Handlers\FileHandler' driver.
INFO - 2023-08-07 04:44:49 --> Session: Class initialized using 'CodeIgniter\Session\Handlers\FileHandler' driver.
INFO - 2023-08-07 04:45:19 --> Session: Class initialized using 'CodeIgniter\Session\Handlers\FileHandler' driver.
INFO - 2023-08-07 04:47:18 --> Session: Class initialized using 'CodeIgniter\Session\Handlers\FileHandler' driver.
INFO - 2023-08-07 04:49:31 --> Session: Class initialized using 'CodeIgniter\Session\Handlers\FileHandler' driver.
INFO - 2023-08-07 04:50:41 --> Session: Class initialized using 'CodeIgniter\Session\Handlers\FileHandler' driver.
INFO - 2023-08-07 04:51:06 --> Session: Class initialized using 'CodeIgniter\Session\Handlers\FileHandler' driver.
INFO - 2023-08-07 04:51:38 --> Session: Class initialized using 'CodeIgniter\Session\Handlers\FileHandler' driver.
INFO - 2023-08-07 04:52:02 --> Session: Class initialized using 'CodeIgniter\Session\Handlers\FileHandler' driver.
INFO - 2023-08-07 04:52:10 --> Session: Class initialized using 'CodeIgniter\Session\Handlers\FileHandler' driver.
INFO - 2023-08-07 04:53:06 --> Session: Class initialized using 'CodeIgniter\Session\Handlers\FileHandler' driver.
INFO - 2023-08-07 04:53:59 --> Session: Class initialized using 'CodeIgniter\Session\Handlers\FileHandler' driver.
INFO - 2023-08-07 04:54:21 --> Session: Class initialized using 'CodeIgniter\Session\Handlers\FileHandler' driver.
INFO - 2023-08-07 04:54:39 --> Session: Class initialized using 'CodeIgniter\Session\Handlers\FileHandler' driver.
INFO - 2023-08-07 04:55:13 --> Session: Class initialized using 'CodeIgniter\Session\Handlers\FileHandler' driver.
INFO - 2023-08-07 04:55:42 --> Session: Class initialized using 'CodeIgniter\Session\Handlers\FileHandler' driver.
INFO - 2023-08-07 04:55:54 --> Session: Class initialized using 'CodeIgniter\Session\Handlers\FileHandler' driver.
INFO - 2023-08-07 04:57:10 --> Session: Class initialized using 'CodeIgniter\Session\Handlers\FileHandler' driver.
INFO - 2023-08-07 04:57:53 --> Session: Class initialized using 'CodeIgniter\Session\Handlers\FileHandler' driver.
INFO - 2023-08-07 04:59:13 --> Session: Class initialized using 'CodeIgniter\Session\Handlers\FileHandler' driver.
INFO - 2023-08-07 04:59:43 --> Session: Class initialized using 'CodeIgniter\Session\Handlers\FileHandler' driver.
INFO - 2023-08-07 05:00:20 --> Session: Class initialized using 'CodeIgniter\Session\Handlers\FileHandler' driver.
INFO - 2023-08-07 05:01:10 --> Session: Class initialized using 'CodeIgniter\Session\Handlers\FileHandler' driver.
INFO - 2023-08-07 05:03:08 --> Session: Class initialized using 'CodeIgniter\Session\Handlers\FileHandler' driver.
INFO - 2023-08-07 05:04:04 --> Session: Class initialized using 'CodeIgniter\Session\Handlers\FileHandler' driver.
INFO - 2023-08-07 05:07:44 --> Session: Class initialized using 'CodeIgniter\Session\Handlers\FileHandler' driver.
ERROR - 2023-08-07 05:11:34 --> mysqli_sql_exception: Unknown column 'seri' in 'field list' in C:\xampp\htdocs\gitar\gitar\system\Database\MySQLi\Connection.php:295
Stack trace:
#0 C:\xampp\htdocs\gitar\gitar\system\Database\MySQLi\Connection.php(295): mysqli->query('INSERT INTO `gi...', 0)
#1 C:\xampp\htdocs\gitar\gitar\system\Database\BaseConnection.php(692): CodeIgniter\Database\MySQLi\Connection->execute('INSERT INTO `gi...')
#2 C:\xampp\htdocs\gitar\gitar\system\Database\BaseConnection.php(606): CodeIgniter\Database\BaseConnection->simpleQuery('INSERT INTO `gi...')
#3 C:\xampp\htdocs\gitar\gitar\system\Database\BaseBuilder.php(2309): CodeIgniter\Database\BaseConnection->query('INSERT INTO `gi...', Array, false)
#4 C:\xampp\htdocs\gitar\gitar\system\Model.php(330): CodeIgniter\Database\BaseBuilder->insert()
#5 C:\xampp\htdocs\gitar\gitar\system\BaseModel.php(782): CodeIgniter\Model->doInsert(Array)
#6 C:\xampp\htdocs\gitar\gitar\system\Model.php(730): CodeIgniter\BaseModel->insert(Array, true)
#7 C:\xampp\htdocs\gitar\gitar\app\Controllers\User.php(113): CodeIgniter\Model->insert(Array)
#8 C:\xampp\htdocs\gitar\gitar\system\CodeIgniter.php(934): App\Controllers\User->save()
#9 C:\xampp\htdocs\gitar\gitar\system\CodeIgniter.php(499): CodeIgniter\CodeIgniter->runController(Object(App\Controllers\User))
#10 C:\xampp\htdocs\gitar\gitar\system\CodeIgniter.php(368): CodeIgniter\CodeIgniter->handleRequest(NULL, Object(Config\Cache), false)
#11 C:\xampp\htdocs\gitar\gitar\public\index.php(67): CodeIgniter\CodeIgniter->run()
#12 C:\xampp\htdocs\gitar\gitar\system\Commands\Server\rewrite.php(47): require_once('C:\\xampp\\htdocs...')
#13 {main}
CRITICAL - 2023-08-07 05:11:34 --> Unknown column 'seri' in 'field list'
in SYSTEMPATH\Database\MySQLi\Connection.php on line 295.
 1 SYSTEMPATH\Database\MySQLi\Connection.php(295): mysqli->query('INSERT INTO `gitar` (`id_gitar`, `id_merk`, `nama`, `ukuran`, `jenis`, `harga`, `warna`, `gambar`, `seri`) VALUES (NULL, \'Yamaha\', \'gitarcoba\', \'Normal\', \'Lele\', \'Terjangkau\', \'Merah\', \'1691385094_438c6cb59d1fe77df0bd.jpg\', NULL)', 0)
 2 SYSTEMPATH\Database\BaseConnection.php(692): CodeIgniter\Database\MySQLi\Connection->execute('INSERT INTO `gitar` (`id_gitar`, `id_merk`, `nama`, `ukuran`, `jenis`, `harga`, `warna`, `gambar`, `seri`) VALUES (NULL, \'Yamaha\', \'gitarcoba\', \'Normal\', \'Lele\', \'Terjangkau\', \'Merah\', \'1691385094_438c6cb59d1fe77df0bd.jpg\', NULL)')
 3 SYSTEMPATH\Database\BaseConnection.php(606): CodeIgniter\Database\BaseConnection->simpleQuery('INSERT INTO `gitar` (`id_gitar`, `id_merk`, `nama`, `ukuran`, `jenis`, `harga`, `warna`, `gambar`, `seri`) VALUES (NULL, \'Yamaha\', \'gitarcoba\', \'Normal\', \'Lele\', \'Terjangkau\', \'Merah\', \'1691385094_438c6cb59d1fe77df0bd.jpg\', NULL)')
 4 SYSTEMPATH\Database\BaseBuilder.php(2309): CodeIgniter\Database\BaseConnection->query('INSERT INTO `gitar` (`id_gitar`, `id_merk`, `nama`, `ukuran`, `jenis`, `harga`, `warna`, `gambar`, `seri`) VALUES (:id_gitar:, :id_merk:, :nama:, :ukuran:, :jenis:, :harga:, :warna:, :gambar:, :seri:)', [...], false)
 5 SYSTEMPATH\Model.php(330): CodeIgniter\Database\BaseBuilder->insert()
 6 SYSTEMPATH\BaseModel.php(782): CodeIgniter\Model->doInsert([...])
 7 SYSTEMPATH\Model.php(730): CodeIgniter\BaseModel->insert([...], true)
 8 APPPATH\Controllers\User.php(113): CodeIgniter\Model->insert([...])
 9 SYSTEMPATH\CodeIgniter.php(934): App\Controllers\User->save()
10 SYSTEMPATH\CodeIgniter.php(499): CodeIgniter\CodeIgniter->runController(Object(App\Controllers\User))
11 SYSTEMPATH\CodeIgniter.php(368): CodeIgniter\CodeIgniter->handleRequest(null, Object(Config\Cache), false)
12 FCPATH\index.php(67): CodeIgniter\CodeIgniter->run()
13 SYSTEMPATH\Commands\Server\rewrite.php(47): require_once('C:\\xampp\\htdocs\\gitar\\gitar\\public\\index.php')
INFO - 2023-08-07 05:12:09 --> Session: Class initialized using 'CodeIgniter\Session\Handlers\FileHandler' driver.
INFO - 2023-08-07 05:12:09 --> Session: Class initialized using 'CodeIgniter\Session\Handlers\FileHandler' driver.
INFO - 2023-08-07 05:13:38 --> Session: Class initialized using 'CodeIgniter\Session\Handlers\FileHandler' driver.
ERROR - 2023-08-07 05:14:04 --> mysqli_sql_exception: Table 'gitar.merk' doesn't exist in C:\xampp\htdocs\gitar\gitar\system\Database\MySQLi\Connection.php:295
Stack trace:
#0 C:\xampp\htdocs\gitar\gitar\system\Database\MySQLi\Connection.php(295): mysqli->query('SELECT id_gitar...', 0)
#1 C:\xampp\htdocs\gitar\gitar\system\Database\BaseConnection.php(692): CodeIgniter\Database\MySQLi\Connection->execute('SELECT id_gitar...')
#2 C:\xampp\htdocs\gitar\gitar\system\Database\BaseConnection.php(606): CodeIgniter\Database\BaseConnection->simpleQuery('SELECT id_gitar...')
#3 C:\xampp\htdocs\gitar\gitar\app\Controllers\User.php(199): CodeIgniter\Database\BaseConnection->query('SELECT id_gitar...')
#4 C:\xampp\htdocs\gitar\gitar\system\CodeIgniter.php(934): App\Controllers\User->carigitar()
#5 C:\xampp\htdocs\gitar\gitar\system\CodeIgniter.php(499): CodeIgniter\CodeIgniter->runController(Object(App\Controllers\User))
#6 C:\xampp\htdocs\gitar\gitar\system\CodeIgniter.php(368): CodeIgniter\CodeIgniter->handleRequest(NULL, Object(Config\Cache), false)
#7 C:\xampp\htdocs\gitar\gitar\public\index.php(67): CodeIgniter\CodeIgniter->run()
#8 C:\xampp\htdocs\gitar\gitar\system\Commands\Server\rewrite.php(47): require_once('C:\\xampp\\htdocs...')
#9 {main}
CRITICAL - 2023-08-07 05:14:04 --> Table 'gitar.merk' doesn't exist
in SYSTEMPATH\Database\MySQLi\Connection.php on line 295.
 1 SYSTEMPATH\Database\MySQLi\Connection.php(295): mysqli->query('SELECT id_gitar, nama, jenis, ukuran, warna, merk FROM gitar inner join merk on gitar.id_merk = merk.id_merk
        WHERE gitar.id_merk= \'1\'', 0)
 2 SYSTEMPATH\Database\BaseConnection.php(692): CodeIgniter\Database\MySQLi\Connection->execute('SELECT id_gitar, nama, jenis, ukuran, warna, merk FROM gitar inner join merk on gitar.id_merk = merk.id_merk
        WHERE gitar.id_merk= \'1\'')
 3 SYSTEMPATH\Database\BaseConnection.php(606): CodeIgniter\Database\BaseConnection->simpleQuery('SELECT id_gitar, nama, jenis, ukuran, warna, merk FROM gitar inner join merk on gitar.id_merk = merk.id_merk
        WHERE gitar.id_merk= \'1\'')
 4 APPPATH\Controllers\User.php(199): CodeIgniter\Database\BaseConnection->query('SELECT id_gitar, nama, jenis, ukuran, warna, merk FROM gitar inner join merk on gitar.id_merk = merk.id_merk
        WHERE gitar.id_merk= \'1\'')
 5 SYSTEMPATH\CodeIgniter.php(934): App\Controllers\User->carigitar()
 6 SYSTEMPATH\CodeIgniter.php(499): CodeIgniter\CodeIgniter->runController(Object(App\Controllers\User))
 7 SYSTEMPATH\CodeIgniter.php(368): CodeIgniter\CodeIgniter->handleRequest(null, Object(Config\Cache), false)
 8 FCPATH\index.php(67): CodeIgniter\CodeIgniter->run()
 9 SYSTEMPATH\Commands\Server\rewrite.php(47): require_once('C:\\xampp\\htdocs\\gitar\\gitar\\public\\index.php')
INFO - 2023-08-07 05:14:09 --> Session: Class initialized using 'CodeIgniter\Session\Handlers\FileHandler' driver.
INFO - 2023-08-07 05:14:16 --> Session: Class initialized using 'CodeIgniter\Session\Handlers\FileHandler' driver.
INFO - 2023-08-07 05:14:38 --> Session: Class initialized using 'CodeIgniter\Session\Handlers\FileHandler' driver.
ERROR - 2023-08-07 05:14:53 --> mysqli_sql_exception: Column 'ukuran' cannot be null in C:\xampp\htdocs\gitar\gitar\system\Database\MySQLi\Connection.php:295
Stack trace:
#0 C:\xampp\htdocs\gitar\gitar\system\Database\MySQLi\Connection.php(295): mysqli->query('INSERT INTO `gi...', 0)
#1 C:\xampp\htdocs\gitar\gitar\system\Database\BaseConnection.php(692): CodeIgniter\Database\MySQLi\Connection->execute('INSERT INTO `gi...')
#2 C:\xampp\htdocs\gitar\gitar\system\Database\BaseConnection.php(606): CodeIgniter\Database\BaseConnection->simpleQuery('INSERT INTO `gi...')
#3 C:\xampp\htdocs\gitar\gitar\system\Database\BaseBuilder.php(2309): CodeIgniter\Database\BaseConnection->query('INSERT INTO `gi...', Array, false)
#4 C:\xampp\htdocs\gitar\gitar\system\Model.php(330): CodeIgniter\Database\BaseBuilder->insert()
#5 C:\xampp\htdocs\gitar\gitar\system\BaseModel.php(782): CodeIgniter\Model->doInsert(Array)
#6 C:\xampp\htdocs\gitar\gitar\system\Model.php(730): CodeIgniter\BaseModel->insert(Array, true)
#7 C:\xampp\htdocs\gitar\gitar\app\Controllers\User.php(113): CodeIgniter\Model->insert(Array)
#8 C:\xampp\htdocs\gitar\gitar\system\CodeIgniter.php(934): App\Controllers\User->save()
#9 C:\xampp\htdocs\gitar\gitar\system\CodeIgniter.php(499): CodeIgniter\CodeIgniter->runController(Object(App\Controllers\User))
#10 C:\xampp\htdocs\gitar\gitar\system\CodeIgniter.php(368): CodeIgniter\CodeIgniter->handleRequest(NULL, Object(Config\Cache), false)
#11 C:\xampp\htdocs\gitar\gitar\public\index.php(67): CodeIgniter\CodeIgniter->run()
#12 C:\xampp\htdocs\gitar\gitar\system\Commands\Server\rewrite.php(47): require_once('C:\\xampp\\htdocs...')
#13 {main}
CRITICAL - 2023-08-07 05:14:53 --> Column 'ukuran' cannot be null
in SYSTEMPATH\Database\MySQLi\Connection.php on line 295.
 1 SYSTEMPATH\Database\MySQLi\Connection.php(295): mysqli->query('INSERT INTO `gitar` (`id_gitar`, `id_merk`, `nama`, `ukuran`, `jenis`, `harga`, `warna`, `gambar`) VALUES (NULL, \'Yamaha\', \'apel\', NULL, \'Akustik\', \'Terjangkau\', \'Hitam\', \'1691385293_ca1d64ceb4316a0f7ad2.jpg\')', 0)
 2 SYSTEMPATH\Database\BaseConnection.php(692): CodeIgniter\Database\MySQLi\Connection->execute('INSERT INTO `gitar` (`id_gitar`, `id_merk`, `nama`, `ukuran`, `jenis`, `harga`, `warna`, `gambar`) VALUES (NULL, \'Yamaha\', \'apel\', NULL, \'Akustik\', \'Terjangkau\', \'Hitam\', \'1691385293_ca1d64ceb4316a0f7ad2.jpg\')')
 3 SYSTEMPATH\Database\BaseConnection.php(606): CodeIgniter\Database\BaseConnection->simpleQuery('INSERT INTO `gitar` (`id_gitar`, `id_merk`, `nama`, `ukuran`, `jenis`, `harga`, `warna`, `gambar`) VALUES (NULL, \'Yamaha\', \'apel\', NULL, \'Akustik\', \'Terjangkau\', \'Hitam\', \'1691385293_ca1d64ceb4316a0f7ad2.jpg\')')
 4 SYSTEMPATH\Database\BaseBuilder.php(2309): CodeIgniter\Database\BaseConnection->query('INSERT INTO `gitar` (`id_gitar`, `id_merk`, `nama`, `ukuran`, `jenis`, `harga`, `warna`, `gambar`) VALUES (:id_gitar:, :id_merk:, :nama:, :ukuran:, :jenis:, :harga:, :warna:, :gambar:)', [...], false)
 5 SYSTEMPATH\Model.php(330): CodeIgniter\Database\BaseBuilder->insert()
 6 SYSTEMPATH\BaseModel.php(782): CodeIgniter\Model->doInsert([...])
 7 SYSTEMPATH\Model.php(730): CodeIgniter\BaseModel->insert([...], true)
 8 APPPATH\Controllers\User.php(113): CodeIgniter\Model->insert([...])
 9 SYSTEMPATH\CodeIgniter.php(934): App\Controllers\User->save()
10 SYSTEMPATH\CodeIgniter.php(499): CodeIgniter\CodeIgniter->runController(Object(App\Controllers\User))
11 SYSTEMPATH\CodeIgniter.php(368): CodeIgniter\CodeIgniter->handleRequest(null, Object(Config\Cache), false)
12 FCPATH\index.php(67): CodeIgniter\CodeIgniter->run()
13 SYSTEMPATH\Commands\Server\rewrite.php(47): require_once('C:\\xampp\\htdocs\\gitar\\gitar\\public\\index.php')
INFO - 2023-08-07 05:14:56 --> Session: Class initialized using 'CodeIgniter\Session\Handlers\FileHandler' driver.
INFO - 2023-08-07 05:15:01 --> Session: Class initialized using 'CodeIgniter\Session\Handlers\FileHandler' driver.
INFO - 2023-08-07 05:15:01 --> Session: Class initialized using 'CodeIgniter\Session\Handlers\FileHandler' driver.
INFO - 2023-08-07 05:16:16 --> Session: Class initialized using 'CodeIgniter\Session\Handlers\FileHandler' driver.
INFO - 2023-08-07 05:16:18 --> Session: Class initialized using 'CodeIgniter\Session\Handlers\FileHandler' driver.
ERROR - 2023-08-07 05:16:42 --> mysqli_sql_exception: Column 'ukuran' cannot be null in C:\xampp\htdocs\gitar\gitar\system\Database\MySQLi\Connection.php:295
Stack trace:
#0 C:\xampp\htdocs\gitar\gitar\system\Database\MySQLi\Connection.php(295): mysqli->query('INSERT INTO `gi...', 0)
#1 C:\xampp\htdocs\gitar\gitar\system\Database\BaseConnection.php(692): CodeIgniter\Database\MySQLi\Connection->execute('INSERT INTO `gi...')
#2 C:\xampp\htdocs\gitar\gitar\system\Database\BaseConnection.php(606): CodeIgniter\Database\BaseConnection->simpleQuery('INSERT INTO `gi...')
#3 C:\xampp\htdocs\gitar\gitar\system\Database\BaseBuilder.php(2309): CodeIgniter\Database\BaseConnection->query('INSERT INTO `gi...', Array, false)
#4 C:\xampp\htdocs\gitar\gitar\system\Model.php(330): CodeIgniter\Database\BaseBuilder->insert()
#5 C:\xampp\htdocs\gitar\gitar\system\BaseModel.php(782): CodeIgniter\Model->doInsert(Array)
#6 C:\xampp\htdocs\gitar\gitar\system\Model.php(730): CodeIgniter\BaseModel->insert(Array, true)
#7 C:\xampp\htdocs\gitar\gitar\app\Controllers\User.php(113): CodeIgniter\Model->insert(Array)
#8 C:\xampp\htdocs\gitar\gitar\system\CodeIgniter.php(934): App\Controllers\User->save()
#9 C:\xampp\htdocs\gitar\gitar\system\CodeIgniter.php(499): CodeIgniter\CodeIgniter->runController(Object(App\Controllers\User))
#10 C:\xampp\htdocs\gitar\gitar\system\CodeIgniter.php(368): CodeIgniter\CodeIgniter->handleRequest(NULL, Object(Config\Cache), false)
#11 C:\xampp\htdocs\gitar\gitar\public\index.php(67): CodeIgniter\CodeIgniter->run()
#12 C:\xampp\htdocs\gitar\gitar\system\Commands\Server\rewrite.php(47): require_once('C:\\xampp\\htdocs...')
#13 {main}
CRITICAL - 2023-08-07 05:16:42 --> Column 'ukuran' cannot be null
in SYSTEMPATH\Database\MySQLi\Connection.php on line 295.
 1 SYSTEMPATH\Database\MySQLi\Connection.php(295): mysqli->query('INSERT INTO `gitar` (`id_gitar`, `id_merk`, `nama`, `ukuran`, `jenis`, `harga`, `warna`, `gambar`, `hasil`) VALUES (NULL, \'Yamaha\', \'apel\', NULL, \'Akustik\', \'Terjangkau\', \'Natural Doff\', \'1691385402_e79c89a37995ede17ca4.jpg\', \'Disukai\')', 0)
 2 SYSTEMPATH\Database\BaseConnection.php(692): CodeIgniter\Database\MySQLi\Connection->execute('INSERT INTO `gitar` (`id_gitar`, `id_merk`, `nama`, `ukuran`, `jenis`, `harga`, `warna`, `gambar`, `hasil`) VALUES (NULL, \'Yamaha\', \'apel\', NULL, \'Akustik\', \'Terjangkau\', \'Natural Doff\', \'1691385402_e79c89a37995ede17ca4.jpg\', \'Disukai\')')
 3 SYSTEMPATH\Database\BaseConnection.php(606): CodeIgniter\Database\BaseConnection->simpleQuery('INSERT INTO `gitar` (`id_gitar`, `id_merk`, `nama`, `ukuran`, `jenis`, `harga`, `warna`, `gambar`, `hasil`) VALUES (NULL, \'Yamaha\', \'apel\', NULL, \'Akustik\', \'Terjangkau\', \'Natural Doff\', \'1691385402_e79c89a37995ede17ca4.jpg\', \'Disukai\')')
 4 SYSTEMPATH\Database\BaseBuilder.php(2309): CodeIgniter\Database\BaseConnection->query('INSERT INTO `gitar` (`id_gitar`, `id_merk`, `nama`, `ukuran`, `jenis`, `harga`, `warna`, `gambar`, `hasil`) VALUES (:id_gitar:, :id_merk:, :nama:, :ukuran:, :jenis:, :harga:, :warna:, :gambar:, :hasil:)', [...], false)
 5 SYSTEMPATH\Model.php(330): CodeIgniter\Database\BaseBuilder->insert()
 6 SYSTEMPATH\BaseModel.php(782): CodeIgniter\Model->doInsert([...])
 7 SYSTEMPATH\Model.php(730): CodeIgniter\BaseModel->insert([...], true)
 8 APPPATH\Controllers\User.php(113): CodeIgniter\Model->insert([...])
 9 SYSTEMPATH\CodeIgniter.php(934): App\Controllers\User->save()
10 SYSTEMPATH\CodeIgniter.php(499): CodeIgniter\CodeIgniter->runController(Object(App\Controllers\User))
11 SYSTEMPATH\CodeIgniter.php(368): CodeIgniter\CodeIgniter->handleRequest(null, Object(Config\Cache), false)
12 FCPATH\index.php(67): CodeIgniter\CodeIgniter->run()
13 SYSTEMPATH\Commands\Server\rewrite.php(47): require_once('C:\\xampp\\htdocs\\gitar\\gitar\\public\\index.php')
INFO - 2023-08-07 05:16:45 --> Session: Class initialized using 'CodeIgniter\Session\Handlers\FileHandler' driver.
INFO - 2023-08-07 05:16:51 --> Session: Class initialized using 'CodeIgniter\Session\Handlers\FileHandler' driver.
INFO - 2023-08-07 05:16:51 --> Session: Class initialized using 'CodeIgniter\Session\Handlers\FileHandler' driver.
INFO - 2023-08-07 05:18:41 --> Session: Class initialized using 'CodeIgniter\Session\Handlers\FileHandler' driver.
ERROR - 2023-08-07 05:18:47 --> mysqli_sql_exception: Table 'gitar.merk' doesn't exist in C:\xampp\htdocs\gitar\gitar\system\Database\MySQLi\Connection.php:295
Stack trace:
#0 C:\xampp\htdocs\gitar\gitar\system\Database\MySQLi\Connection.php(295): mysqli->query('SELECT id_gitar...', 0)
#1 C:\xampp\htdocs\gitar\gitar\system\Database\BaseConnection.php(692): CodeIgniter\Database\MySQLi\Connection->execute('SELECT id_gitar...')
#2 C:\xampp\htdocs\gitar\gitar\system\Database\BaseConnection.php(606): CodeIgniter\Database\BaseConnection->simpleQuery('SELECT id_gitar...')
#3 C:\xampp\htdocs\gitar\gitar\app\Controllers\User.php(199): CodeIgniter\Database\BaseConnection->query('SELECT id_gitar...')
#4 C:\xampp\htdocs\gitar\gitar\system\CodeIgniter.php(934): App\Controllers\User->carigitar()
#5 C:\xampp\htdocs\gitar\gitar\system\CodeIgniter.php(499): CodeIgniter\CodeIgniter->runController(Object(App\Controllers\User))
#6 C:\xampp\htdocs\gitar\gitar\system\CodeIgniter.php(368): CodeIgniter\CodeIgniter->handleRequest(NULL, Object(Config\Cache), false)
#7 C:\xampp\htdocs\gitar\gitar\public\index.php(67): CodeIgniter\CodeIgniter->run()
#8 C:\xampp\htdocs\gitar\gitar\system\Commands\Server\rewrite.php(47): require_once('C:\\xampp\\htdocs...')
#9 {main}
CRITICAL - 2023-08-07 05:18:47 --> Table 'gitar.merk' doesn't exist
in SYSTEMPATH\Database\MySQLi\Connection.php on line 295.
 1 SYSTEMPATH\Database\MySQLi\Connection.php(295): mysqli->query('SELECT id_gitar, nama, jenis, ukuran, warna, merk FROM gitar inner join merk on gitar.id_merk = merk.id_merk
        WHERE gitar.id_merk= \'Yamaha\'', 0)
 2 SYSTEMPATH\Database\BaseConnection.php(692): CodeIgniter\Database\MySQLi\Connection->execute('SELECT id_gitar, nama, jenis, ukuran, warna, merk FROM gitar inner join merk on gitar.id_merk = merk.id_merk
        WHERE gitar.id_merk= \'Yamaha\'')
 3 SYSTEMPATH\Database\BaseConnection.php(606): CodeIgniter\Database\BaseConnection->simpleQuery('SELECT id_gitar, nama, jenis, ukuran, warna, merk FROM gitar inner join merk on gitar.id_merk = merk.id_merk
        WHERE gitar.id_merk= \'Yamaha\'')
 4 APPPATH\Controllers\User.php(199): CodeIgniter\Database\BaseConnection->query('SELECT id_gitar, nama, jenis, ukuran, warna, merk FROM gitar inner join merk on gitar.id_merk = merk.id_merk
        WHERE gitar.id_merk= \'Yamaha\'')
 5 SYSTEMPATH\CodeIgniter.php(934): App\Controllers\User->carigitar()
 6 SYSTEMPATH\CodeIgniter.php(499): CodeIgniter\CodeIgniter->runController(Object(App\Controllers\User))
 7 SYSTEMPATH\CodeIgniter.php(368): CodeIgniter\CodeIgniter->handleRequest(null, Object(Config\Cache), false)
 8 FCPATH\index.php(67): CodeIgniter\CodeIgniter->run()
 9 SYSTEMPATH\Commands\Server\rewrite.php(47): require_once('C:\\xampp\\htdocs\\gitar\\gitar\\public\\index.php')
ERROR - 2023-08-07 05:19:52 --> mysqli_sql_exception: Unknown column 'merk' in 'field list' in C:\xampp\htdocs\gitar\gitar\system\Database\MySQLi\Connection.php:295
Stack trace:
#0 C:\xampp\htdocs\gitar\gitar\system\Database\MySQLi\Connection.php(295): mysqli->query('SELECT id_gitar...', 0)
#1 C:\xampp\htdocs\gitar\gitar\system\Database\BaseConnection.php(692): CodeIgniter\Database\MySQLi\Connection->execute('SELECT id_gitar...')
#2 C:\xampp\htdocs\gitar\gitar\system\Database\BaseConnection.php(606): CodeIgniter\Database\BaseConnection->simpleQuery('SELECT id_gitar...')
#3 C:\xampp\htdocs\gitar\gitar\app\Controllers\User.php(199): CodeIgniter\Database\BaseConnection->query('SELECT id_gitar...')
#4 C:\xampp\htdocs\gitar\gitar\system\CodeIgniter.php(934): App\Controllers\User->carigitar()
#5 C:\xampp\htdocs\gitar\gitar\system\CodeIgniter.php(499): CodeIgniter\CodeIgniter->runController(Object(App\Controllers\User))
#6 C:\xampp\htdocs\gitar\gitar\system\CodeIgniter.php(368): CodeIgniter\CodeIgniter->handleRequest(NULL, Object(Config\Cache), false)
#7 C:\xampp\htdocs\gitar\gitar\public\index.php(67): CodeIgniter\CodeIgniter->run()
#8 C:\xampp\htdocs\gitar\gitar\system\Commands\Server\rewrite.php(47): require_once('C:\\xampp\\htdocs...')
#9 {main}
CRITICAL - 2023-08-07 05:19:52 --> Unknown column 'merk' in 'field list'
in SYSTEMPATH\Database\MySQLi\Connection.php on line 295.
 1 SYSTEMPATH\Database\MySQLi\Connection.php(295): mysqli->query('SELECT id_gitar, nama, jenis, ukuran, warna, merk FROM gitar
        WHERE gitar.id_merk= \'Yamaha\'', 0)
 2 SYSTEMPATH\Database\BaseConnection.php(692): CodeIgniter\Database\MySQLi\Connection->execute('SELECT id_gitar, nama, jenis, ukuran, warna, merk FROM gitar
        WHERE gitar.id_merk= \'Yamaha\'')
 3 SYSTEMPATH\Database\BaseConnection.php(606): CodeIgniter\Database\BaseConnection->simpleQuery('SELECT id_gitar, nama, jenis, ukuran, warna, merk FROM gitar
        WHERE gitar.id_merk= \'Yamaha\'')
 4 APPPATH\Controllers\User.php(199): CodeIgniter\Database\BaseConnection->query('SELECT id_gitar, nama, jenis, ukuran, warna, merk FROM gitar
        WHERE gitar.id_merk= \'Yamaha\'')
 5 SYSTEMPATH\CodeIgniter.php(934): App\Controllers\User->carigitar()
 6 SYSTEMPATH\CodeIgniter.php(499): CodeIgniter\CodeIgniter->runController(Object(App\Controllers\User))
 7 SYSTEMPATH\CodeIgniter.php(368): CodeIgniter\CodeIgniter->handleRequest(null, Object(Config\Cache), false)
 8 FCPATH\index.php(67): CodeIgniter\CodeIgniter->run()
 9 SYSTEMPATH\Commands\Server\rewrite.php(47): require_once('C:\\xampp\\htdocs\\gitar\\gitar\\public\\index.php')
INFO - 2023-08-07 05:20:03 --> Session: Class initialized using 'CodeIgniter\Session\Handlers\FileHandler' driver.
CRITICAL - 2023-08-07 05:20:03 --> Undefined property: stdClass::$gambar
in APPPATH\Views\user\editdata.php on line 347.
 1 APPPATH\Views\user\editdata.php(347): CodeIgniter\Debug\Exceptions->errorHandler(2, 'Undefined property: stdClass::$gambar', 'C:\\xampp\\htdocs\\gitar\\gitar\\app\\Views\\user\\editdata.php', 347)
 2 SYSTEMPATH\View\View.php(213): include('C:\\xampp\\htdocs\\gitar\\gitar\\app\\Views\\user\\editdata.php')
 3 SYSTEMPATH\View\View.php(216): CodeIgniter\View\View->CodeIgniter\View\{closure}()
 4 SYSTEMPATH\Common.php(1184): CodeIgniter\View\View->render('user/editdata', [], true)
 5 APPPATH\Controllers\User.php(202): view('user/editdata', [...])
 6 SYSTEMPATH\CodeIgniter.php(934): App\Controllers\User->carigitar()
 7 SYSTEMPATH\CodeIgniter.php(499): CodeIgniter\CodeIgniter->runController(Object(App\Controllers\User))
 8 SYSTEMPATH\CodeIgniter.php(368): CodeIgniter\CodeIgniter->handleRequest(null, Object(Config\Cache), false)
 9 FCPATH\index.php(67): CodeIgniter\CodeIgniter->run()
10 SYSTEMPATH\Commands\Server\rewrite.php(47): require_once('C:\\xampp\\htdocs\\gitar\\gitar\\public\\index.php')
ERROR - 2023-08-07 05:20:14 --> mysqli_sql_exception: Unknown column 'id_gitar' in 'field list' in C:\xampp\htdocs\gitar\gitar\system\Database\MySQLi\Connection.php:295
Stack trace:
#0 C:\xampp\htdocs\gitar\gitar\system\Database\MySQLi\Connection.php(295): mysqli->query('SELECT id_gitar...', 0)
#1 C:\xampp\htdocs\gitar\gitar\system\Database\BaseConnection.php(692): CodeIgniter\Database\MySQLi\Connection->execute('SELECT id_gitar...')
#2 C:\xampp\htdocs\gitar\gitar\system\Database\BaseConnection.php(606): CodeIgniter\Database\BaseConnection->simpleQuery('SELECT id_gitar...')
#3 C:\xampp\htdocs\gitar\gitar\app\Controllers\User.php(199): CodeIgniter\Database\BaseConnection->query('SELECT id_gitar...')
#4 C:\xampp\htdocs\gitar\gitar\system\CodeIgniter.php(934): App\Controllers\User->carigitar()
#5 C:\xampp\htdocs\gitar\gitar\system\CodeIgniter.php(499): CodeIgniter\CodeIgniter->runController(Object(App\Controllers\User))
#6 C:\xampp\htdocs\gitar\gitar\system\CodeIgniter.php(368): CodeIgniter\CodeIgniter->handleRequest(NULL, Object(Config\Cache), false)
#7 C:\xampp\htdocs\gitar\gitar\public\index.php(67): CodeIgniter\CodeIgniter->run()
#8 C:\xampp\htdocs\gitar\gitar\system\Commands\Server\rewrite.php(47): require_once('C:\\xampp\\htdocs...')
#9 {main}
CRITICAL - 2023-08-07 05:20:14 --> Unknown column 'id_gitar' in 'field list'
in SYSTEMPATH\Database\MySQLi\Connection.php on line 295.
 1 SYSTEMPATH\Database\MySQLi\Connection.php(295): mysqli->query('SELECT id_gitar, nama, jenis, ukuran, warna, id_merk, gambarFROM gitar
        WHERE gitar.id_merk= \'Yamaha\'', 0)
 2 SYSTEMPATH\Database\BaseConnection.php(692): CodeIgniter\Database\MySQLi\Connection->execute('SELECT id_gitar, nama, jenis, ukuran, warna, id_merk, gambarFROM gitar
        WHERE gitar.id_merk= \'Yamaha\'')
 3 SYSTEMPATH\Database\BaseConnection.php(606): CodeIgniter\Database\BaseConnection->simpleQuery('SELECT id_gitar, nama, jenis, ukuran, warna, id_merk, gambarFROM gitar
        WHERE gitar.id_merk= \'Yamaha\'')
 4 APPPATH\Controllers\User.php(199): CodeIgniter\Database\BaseConnection->query('SELECT id_gitar, nama, jenis, ukuran, warna, id_merk, gambarFROM gitar
        WHERE gitar.id_merk= \'Yamaha\'')
 5 SYSTEMPATH\CodeIgniter.php(934): App\Controllers\User->carigitar()
 6 SYSTEMPATH\CodeIgniter.php(499): CodeIgniter\CodeIgniter->runController(Object(App\Controllers\User))
 7 SYSTEMPATH\CodeIgniter.php(368): CodeIgniter\CodeIgniter->handleRequest(null, Object(Config\Cache), false)
 8 FCPATH\index.php(67): CodeIgniter\CodeIgniter->run()
 9 SYSTEMPATH\Commands\Server\rewrite.php(47): require_once('C:\\xampp\\htdocs\\gitar\\gitar\\public\\index.php')
ERROR - 2023-08-07 05:20:28 --> mysqli_sql_exception: Unknown column 'nama' in 'field list' in C:\xampp\htdocs\gitar\gitar\system\Database\MySQLi\Connection.php:295
Stack trace:
#0 C:\xampp\htdocs\gitar\gitar\system\Database\MySQLi\Connection.php(295): mysqli->query('SELECT  nama, j...', 0)
#1 C:\xampp\htdocs\gitar\gitar\system\Database\BaseConnection.php(692): CodeIgniter\Database\MySQLi\Connection->execute('SELECT  nama, j...')
#2 C:\xampp\htdocs\gitar\gitar\system\Database\BaseConnection.php(606): CodeIgniter\Database\BaseConnection->simpleQuery('SELECT  nama, j...')
#3 C:\xampp\htdocs\gitar\gitar\app\Controllers\User.php(199): CodeIgniter\Database\BaseConnection->query('SELECT  nama, j...')
#4 C:\xampp\htdocs\gitar\gitar\system\CodeIgniter.php(934): App\Controllers\User->carigitar()
#5 C:\xampp\htdocs\gitar\gitar\system\CodeIgniter.php(499): CodeIgniter\CodeIgniter->runController(Object(App\Controllers\User))
#6 C:\xampp\htdocs\gitar\gitar\system\CodeIgniter.php(368): CodeIgniter\CodeIgniter->handleRequest(NULL, Object(Config\Cache), false)
#7 C:\xampp\htdocs\gitar\gitar\public\index.php(67): CodeIgniter\CodeIgniter->run()
#8 C:\xampp\htdocs\gitar\gitar\system\Commands\Server\rewrite.php(47): require_once('C:\\xampp\\htdocs...')
#9 {main}
CRITICAL - 2023-08-07 05:20:28 --> Unknown column 'nama' in 'field list'
in SYSTEMPATH\Database\MySQLi\Connection.php on line 295.
 1 SYSTEMPATH\Database\MySQLi\Connection.php(295): mysqli->query('SELECT  nama, jenis, ukuran, warna, id_merk, gambarFROM gitar
        WHERE gitar.id_merk= \'Yamaha\'', 0)
 2 SYSTEMPATH\Database\BaseConnection.php(692): CodeIgniter\Database\MySQLi\Connection->execute('SELECT  nama, jenis, ukuran, warna, id_merk, gambarFROM gitar
        WHERE gitar.id_merk= \'Yamaha\'')
 3 SYSTEMPATH\Database\BaseConnection.php(606): CodeIgniter\Database\BaseConnection->simpleQuery('SELECT  nama, jenis, ukuran, warna, id_merk, gambarFROM gitar
        WHERE gitar.id_merk= \'Yamaha\'')
 4 APPPATH\Controllers\User.php(199): CodeIgniter\Database\BaseConnection->query('SELECT  nama, jenis, ukuran, warna, id_merk, gambarFROM gitar
        WHERE gitar.id_merk= \'Yamaha\'')
 5 SYSTEMPATH\CodeIgniter.php(934): App\Controllers\User->carigitar()
 6 SYSTEMPATH\CodeIgniter.php(499): CodeIgniter\CodeIgniter->runController(Object(App\Controllers\User))
 7 SYSTEMPATH\CodeIgniter.php(368): CodeIgniter\CodeIgniter->handleRequest(null, Object(Config\Cache), false)
 8 FCPATH\index.php(67): CodeIgniter\CodeIgniter->run()
 9 SYSTEMPATH\Commands\Server\rewrite.php(47): require_once('C:\\xampp\\htdocs\\gitar\\gitar\\public\\index.php')
INFO - 2023-08-07 05:24:01 --> Session: Class initialized using 'CodeIgniter\Session\Handlers\FileHandler' driver.
CRITICAL - 2023-08-07 05:24:01 --> Attempt to read property "id_merk" on string
in APPPATH\Views\user\editdata.php on line 342.
 1 APPPATH\Views\user\editdata.php(342): CodeIgniter\Debug\Exceptions->errorHandler(2, 'Attempt to read property "id_merk" on string', 'C:\\xampp\\htdocs\\gitar\\gitar\\app\\Views\\user\\editdata.php', 342)
 2 SYSTEMPATH\View\View.php(213): include('C:\\xampp\\htdocs\\gitar\\gitar\\app\\Views\\user\\editdata.php')
 3 SYSTEMPATH\View\View.php(216): CodeIgniter\View\View->CodeIgniter\View\{closure}()
 4 SYSTEMPATH\Common.php(1184): CodeIgniter\View\View->render('user/editdata', [], true)
 5 APPPATH\Controllers\User.php(202): view('user/editdata', [...])
 6 SYSTEMPATH\CodeIgniter.php(934): App\Controllers\User->carigitar()
 7 SYSTEMPATH\CodeIgniter.php(499): CodeIgniter\CodeIgniter->runController(Object(App\Controllers\User))
 8 SYSTEMPATH\CodeIgniter.php(368): CodeIgniter\CodeIgniter->handleRequest(null, Object(Config\Cache), false)
 9 FCPATH\index.php(67): CodeIgniter\CodeIgniter->run()
10 SYSTEMPATH\Commands\Server\rewrite.php(47): require_once('C:\\xampp\\htdocs\\gitar\\gitar\\public\\index.php')
INFO - 2023-08-07 05:24:32 --> Session: Class initialized using 'CodeIgniter\Session\Handlers\FileHandler' driver.
CRITICAL - 2023-08-07 05:24:32 --> Attempt to read property "id_merk" on string
in APPPATH\Views\user\editdata.php on line 342.
 1 APPPATH\Views\user\editdata.php(342): CodeIgniter\Debug\Exceptions->errorHandler(2, 'Attempt to read property "id_merk" on string', 'C:\\xampp\\htdocs\\gitar\\gitar\\app\\Views\\user\\editdata.php', 342)
 2 SYSTEMPATH\View\View.php(213): include('C:\\xampp\\htdocs\\gitar\\gitar\\app\\Views\\user\\editdata.php')
 3 SYSTEMPATH\View\View.php(216): CodeIgniter\View\View->CodeIgniter\View\{closure}()
 4 SYSTEMPATH\Common.php(1184): CodeIgniter\View\View->render('user/editdata', [], true)
 5 APPPATH\Controllers\User.php(201): view('user/editdata', [...])
 6 SYSTEMPATH\CodeIgniter.php(934): App\Controllers\User->carigitar()
 7 SYSTEMPATH\CodeIgniter.php(499): CodeIgniter\CodeIgniter->runController(Object(App\Controllers\User))
 8 SYSTEMPATH\CodeIgniter.php(368): CodeIgniter\CodeIgniter->handleRequest(null, Object(Config\Cache), false)
 9 FCPATH\index.php(67): CodeIgniter\CodeIgniter->run()
10 SYSTEMPATH\Commands\Server\rewrite.php(47): require_once('C:\\xampp\\htdocs\\gitar\\gitar\\public\\index.php')
CRITICAL - 2023-08-07 05:25:34 --> Call to undefined method App\Models\GitarModel::getGitarById
in SYSTEMPATH\Model.php on line 842.
 1 APPPATH\Controllers\User.php(193): CodeIgniter\Model->__call('getGitarById', [...])
 2 SYSTEMPATH\CodeIgniter.php(934): App\Controllers\User->carigitar()
 3 SYSTEMPATH\CodeIgniter.php(499): CodeIgniter\CodeIgniter->runController(Object(App\Controllers\User))
 4 SYSTEMPATH\CodeIgniter.php(368): CodeIgniter\CodeIgniter->handleRequest(null, Object(Config\Cache), false)
 5 FCPATH\index.php(67): CodeIgniter\CodeIgniter->run()
 6 SYSTEMPATH\Commands\Server\rewrite.php(47): require_once('C:\\xampp\\htdocs\\gitar\\gitar\\public\\index.php')
INFO - 2023-08-07 05:27:56 --> Session: Class initialized using 'CodeIgniter\Session\Handlers\FileHandler' driver.
CRITICAL - 2023-08-07 05:27:56 --> Attempt to read property "id_merk" on array
in APPPATH\Views\user\editdata.php on line 342.
 1 APPPATH\Views\user\editdata.php(342): CodeIgniter\Debug\Exceptions->errorHandler(2, 'Attempt to read property "id_merk" on array', 'C:\\xampp\\htdocs\\gitar\\gitar\\app\\Views\\user\\editdata.php', 342)
 2 SYSTEMPATH\View\View.php(213): include('C:\\xampp\\htdocs\\gitar\\gitar\\app\\Views\\user\\editdata.php')
 3 SYSTEMPATH\View\View.php(216): CodeIgniter\View\View->CodeIgniter\View\{closure}()
 4 SYSTEMPATH\Common.php(1184): CodeIgniter\View\View->render('user/editdata', [], true)
 5 APPPATH\Controllers\User.php(201): view('user/editdata', [...])
 6 SYSTEMPATH\CodeIgniter.php(934): App\Controllers\User->carigitar()
 7 SYSTEMPATH\CodeIgniter.php(499): CodeIgniter\CodeIgniter->runController(Object(App\Controllers\User))
 8 SYSTEMPATH\CodeIgniter.php(368): CodeIgniter\CodeIgniter->handleRequest(null, Object(Config\Cache), false)
 9 FCPATH\index.php(67): CodeIgniter\CodeIgniter->run()
10 SYSTEMPATH\Commands\Server\rewrite.php(47): require_once('C:\\xampp\\htdocs\\gitar\\gitar\\public\\index.php')
INFO - 2023-08-07 05:30:47 --> Session: Class initialized using 'CodeIgniter\Session\Handlers\FileHandler' driver.
CRITICAL - 2023-08-07 05:30:47 --> Attempt to read property "id_merk" on array
in APPPATH\Views\user\editdata.php on line 342.
 1 APPPATH\Views\user\editdata.php(342): CodeIgniter\Debug\Exceptions->errorHandler(2, 'Attempt to read property "id_merk" on array', 'C:\\xampp\\htdocs\\gitar\\gitar\\app\\Views\\user\\editdata.php', 342)
 2 SYSTEMPATH\View\View.php(213): include('C:\\xampp\\htdocs\\gitar\\gitar\\app\\Views\\user\\editdata.php')
 3 SYSTEMPATH\View\View.php(216): CodeIgniter\View\View->CodeIgniter\View\{closure}()
 4 SYSTEMPATH\Common.php(1184): CodeIgniter\View\View->render('user/editdata', [], true)
 5 APPPATH\Controllers\User.php(199): view('user/editdata', [...])
 6 SYSTEMPATH\CodeIgniter.php(934): App\Controllers\User->carigitar()
 7 SYSTEMPATH\CodeIgniter.php(499): CodeIgniter\CodeIgniter->runController(Object(App\Controllers\User))
 8 SYSTEMPATH\CodeIgniter.php(368): CodeIgniter\CodeIgniter->handleRequest(null, Object(Config\Cache), false)
 9 FCPATH\index.php(67): CodeIgniter\CodeIgniter->run()
10 SYSTEMPATH\Commands\Server\rewrite.php(47): require_once('C:\\xampp\\htdocs\\gitar\\gitar\\public\\index.php')
INFO - 2023-08-07 05:30:49 --> Session: Class initialized using 'CodeIgniter\Session\Handlers\FileHandler' driver.
INFO - 2023-08-07 05:30:52 --> Session: Class initialized using 'CodeIgniter\Session\Handlers\FileHandler' driver.
CRITICAL - 2023-08-07 05:30:52 --> Attempt to read property "id_merk" on array
in APPPATH\Views\user\editdata.php on line 342.
 1 APPPATH\Views\user\editdata.php(342): CodeIgniter\Debug\Exceptions->errorHandler(2, 'Attempt to read property "id_merk" on array', 'C:\\xampp\\htdocs\\gitar\\gitar\\app\\Views\\user\\editdata.php', 342)
 2 SYSTEMPATH\View\View.php(213): include('C:\\xampp\\htdocs\\gitar\\gitar\\app\\Views\\user\\editdata.php')
 3 SYSTEMPATH\View\View.php(216): CodeIgniter\View\View->CodeIgniter\View\{closure}()
 4 SYSTEMPATH\Common.php(1184): CodeIgniter\View\View->render('user/editdata', [], true)
 5 APPPATH\Controllers\User.php(199): view('user/editdata', [...])
 6 SYSTEMPATH\CodeIgniter.php(934): App\Controllers\User->carigitar()
 7 SYSTEMPATH\CodeIgniter.php(499): CodeIgniter\CodeIgniter->runController(Object(App\Controllers\User))
 8 SYSTEMPATH\CodeIgniter.php(368): CodeIgniter\CodeIgniter->handleRequest(null, Object(Config\Cache), false)
 9 FCPATH\index.php(67): CodeIgniter\CodeIgniter->run()
10 SYSTEMPATH\Commands\Server\rewrite.php(47): require_once('C:\\xampp\\htdocs\\gitar\\gitar\\public\\index.php')
INFO - 2023-08-07 05:33:16 --> Session: Class initialized using 'CodeIgniter\Session\Handlers\FileHandler' driver.
CRITICAL - 2023-08-07 05:33:16 --> Attempt to read property "id_merk" on array
in APPPATH\Views\user\editdata.php on line 342.
 1 APPPATH\Views\user\editdata.php(342): CodeIgniter\Debug\Exceptions->errorHandler(2, 'Attempt to read property "id_merk" on array', 'C:\\xampp\\htdocs\\gitar\\gitar\\app\\Views\\user\\editdata.php', 342)
 2 SYSTEMPATH\View\View.php(213): include('C:\\xampp\\htdocs\\gitar\\gitar\\app\\Views\\user\\editdata.php')
 3 SYSTEMPATH\View\View.php(216): CodeIgniter\View\View->CodeIgniter\View\{closure}()
 4 SYSTEMPATH\Common.php(1184): CodeIgniter\View\View->render('user/editdata', [], true)
 5 APPPATH\Controllers\User.php(200): view('user/editdata', [...])
 6 SYSTEMPATH\CodeIgniter.php(934): App\Controllers\User->carigitar()
 7 SYSTEMPATH\CodeIgniter.php(499): CodeIgniter\CodeIgniter->runController(Object(App\Controllers\User))
 8 SYSTEMPATH\CodeIgniter.php(368): CodeIgniter\CodeIgniter->handleRequest(null, Object(Config\Cache), false)
 9 FCPATH\index.php(67): CodeIgniter\CodeIgniter->run()
10 SYSTEMPATH\Commands\Server\rewrite.php(47): require_once('C:\\xampp\\htdocs\\gitar\\gitar\\public\\index.php')
INFO - 2023-08-07 05:33:18 --> Session: Class initialized using 'CodeIgniter\Session\Handlers\FileHandler' driver.
CRITICAL - 2023-08-07 05:33:18 --> Attempt to read property "id_merk" on array
in APPPATH\Views\user\editdata.php on line 342.
 1 APPPATH\Views\user\editdata.php(342): CodeIgniter\Debug\Exceptions->errorHandler(2, 'Attempt to read property "id_merk" on array', 'C:\\xampp\\htdocs\\gitar\\gitar\\app\\Views\\user\\editdata.php', 342)
 2 SYSTEMPATH\View\View.php(213): include('C:\\xampp\\htdocs\\gitar\\gitar\\app\\Views\\user\\editdata.php')
 3 SYSTEMPATH\View\View.php(216): CodeIgniter\View\View->CodeIgniter\View\{closure}()
 4 SYSTEMPATH\Common.php(1184): CodeIgniter\View\View->render('user/editdata', [], true)
 5 APPPATH\Controllers\User.php(200): view('user/editdata', [...])
 6 SYSTEMPATH\CodeIgniter.php(934): App\Controllers\User->carigitar()
 7 SYSTEMPATH\CodeIgniter.php(499): CodeIgniter\CodeIgniter->runController(Object(App\Controllers\User))
 8 SYSTEMPATH\CodeIgniter.php(368): CodeIgniter\CodeIgniter->handleRequest(null, Object(Config\Cache), false)
 9 FCPATH\index.php(67): CodeIgniter\CodeIgniter->run()
10 SYSTEMPATH\Commands\Server\rewrite.php(47): require_once('C:\\xampp\\htdocs\\gitar\\gitar\\public\\index.php')
INFO - 2023-08-07 05:33:18 --> Session: Class initialized using 'CodeIgniter\Session\Handlers\FileHandler' driver.
CRITICAL - 2023-08-07 05:33:18 --> Attempt to read property "id_merk" on array
in APPPATH\Views\user\editdata.php on line 342.
 1 APPPATH\Views\user\editdata.php(342): CodeIgniter\Debug\Exceptions->errorHandler(2, 'Attempt to read property "id_merk" on array', 'C:\\xampp\\htdocs\\gitar\\gitar\\app\\Views\\user\\editdata.php', 342)
 2 SYSTEMPATH\View\View.php(213): include('C:\\xampp\\htdocs\\gitar\\gitar\\app\\Views\\user\\editdata.php')
 3 SYSTEMPATH\View\View.php(216): CodeIgniter\View\View->CodeIgniter\View\{closure}()
 4 SYSTEMPATH\Common.php(1184): CodeIgniter\View\View->render('user/editdata', [], true)
 5 APPPATH\Controllers\User.php(200): view('user/editdata', [...])
 6 SYSTEMPATH\CodeIgniter.php(934): App\Controllers\User->carigitar()
 7 SYSTEMPATH\CodeIgniter.php(499): CodeIgniter\CodeIgniter->runController(Object(App\Controllers\User))
 8 SYSTEMPATH\CodeIgniter.php(368): CodeIgniter\CodeIgniter->handleRequest(null, Object(Config\Cache), false)
 9 FCPATH\index.php(67): CodeIgniter\CodeIgniter->run()
10 SYSTEMPATH\Commands\Server\rewrite.php(47): require_once('C:\\xampp\\htdocs\\gitar\\gitar\\public\\index.php')
INFO - 2023-08-07 05:33:19 --> Session: Class initialized using 'CodeIgniter\Session\Handlers\FileHandler' driver.
CRITICAL - 2023-08-07 05:33:19 --> Attempt to read property "id_merk" on array
in APPPATH\Views\user\editdata.php on line 342.
 1 APPPATH\Views\user\editdata.php(342): CodeIgniter\Debug\Exceptions->errorHandler(2, 'Attempt to read property "id_merk" on array', 'C:\\xampp\\htdocs\\gitar\\gitar\\app\\Views\\user\\editdata.php', 342)
 2 SYSTEMPATH\View\View.php(213): include('C:\\xampp\\htdocs\\gitar\\gitar\\app\\Views\\user\\editdata.php')
 3 SYSTEMPATH\View\View.php(216): CodeIgniter\View\View->CodeIgniter\View\{closure}()
 4 SYSTEMPATH\Common.php(1184): CodeIgniter\View\View->render('user/editdata', [], true)
 5 APPPATH\Controllers\User.php(200): view('user/editdata', [...])
 6 SYSTEMPATH\CodeIgniter.php(934): App\Controllers\User->carigitar()
 7 SYSTEMPATH\CodeIgniter.php(499): CodeIgniter\CodeIgniter->runController(Object(App\Controllers\User))
 8 SYSTEMPATH\CodeIgniter.php(368): CodeIgniter\CodeIgniter->handleRequest(null, Object(Config\Cache), false)
 9 FCPATH\index.php(67): CodeIgniter\CodeIgniter->run()
10 SYSTEMPATH\Commands\Server\rewrite.php(47): require_once('C:\\xampp\\htdocs\\gitar\\gitar\\public\\index.php')
INFO - 2023-08-07 05:33:19 --> Session: Class initialized using 'CodeIgniter\Session\Handlers\FileHandler' driver.
CRITICAL - 2023-08-07 05:33:19 --> Attempt to read property "id_merk" on array
in APPPATH\Views\user\editdata.php on line 342.
 1 APPPATH\Views\user\editdata.php(342): CodeIgniter\Debug\Exceptions->errorHandler(2, 'Attempt to read property "id_merk" on array', 'C:\\xampp\\htdocs\\gitar\\gitar\\app\\Views\\user\\editdata.php', 342)
 2 SYSTEMPATH\View\View.php(213): include('C:\\xampp\\htdocs\\gitar\\gitar\\app\\Views\\user\\editdata.php')
 3 SYSTEMPATH\View\View.php(216): CodeIgniter\View\View->CodeIgniter\View\{closure}()
 4 SYSTEMPATH\Common.php(1184): CodeIgniter\View\View->render('user/editdata', [], true)
 5 APPPATH\Controllers\User.php(200): view('user/editdata', [...])
 6 SYSTEMPATH\CodeIgniter.php(934): App\Controllers\User->carigitar()
 7 SYSTEMPATH\CodeIgniter.php(499): CodeIgniter\CodeIgniter->runController(Object(App\Controllers\User))
 8 SYSTEMPATH\CodeIgniter.php(368): CodeIgniter\CodeIgniter->handleRequest(null, Object(Config\Cache), false)
 9 FCPATH\index.php(67): CodeIgniter\CodeIgniter->run()
10 SYSTEMPATH\Commands\Server\rewrite.php(47): require_once('C:\\xampp\\htdocs\\gitar\\gitar\\public\\index.php')
INFO - 2023-08-07 05:33:20 --> Session: Class initialized using 'CodeIgniter\Session\Handlers\FileHandler' driver.
CRITICAL - 2023-08-07 05:33:20 --> Attempt to read property "id_merk" on array
in APPPATH\Views\user\editdata.php on line 342.
 1 APPPATH\Views\user\editdata.php(342): CodeIgniter\Debug\Exceptions->errorHandler(2, 'Attempt to read property "id_merk" on array', 'C:\\xampp\\htdocs\\gitar\\gitar\\app\\Views\\user\\editdata.php', 342)
 2 SYSTEMPATH\View\View.php(213): include('C:\\xampp\\htdocs\\gitar\\gitar\\app\\Views\\user\\editdata.php')
 3 SYSTEMPATH\View\View.php(216): CodeIgniter\View\View->CodeIgniter\View\{closure}()
 4 SYSTEMPATH\Common.php(1184): CodeIgniter\View\View->render('user/editdata', [], true)
 5 APPPATH\Controllers\User.php(200): view('user/editdata', [...])
 6 SYSTEMPATH\CodeIgniter.php(934): App\Controllers\User->carigitar()
 7 SYSTEMPATH\CodeIgniter.php(499): CodeIgniter\CodeIgniter->runController(Object(App\Controllers\User))
 8 SYSTEMPATH\CodeIgniter.php(368): CodeIgniter\CodeIgniter->handleRequest(null, Object(Config\Cache), false)
 9 FCPATH\index.php(67): CodeIgniter\CodeIgniter->run()
10 SYSTEMPATH\Commands\Server\rewrite.php(47): require_once('C:\\xampp\\htdocs\\gitar\\gitar\\public\\index.php')
INFO - 2023-08-07 05:33:20 --> Session: Class initialized using 'CodeIgniter\Session\Handlers\FileHandler' driver.
CRITICAL - 2023-08-07 05:33:20 --> Attempt to read property "id_merk" on array
in APPPATH\Views\user\editdata.php on line 342.
 1 APPPATH\Views\user\editdata.php(342): CodeIgniter\Debug\Exceptions->errorHandler(2, 'Attempt to read property "id_merk" on array', 'C:\\xampp\\htdocs\\gitar\\gitar\\app\\Views\\user\\editdata.php', 342)
 2 SYSTEMPATH\View\View.php(213): include('C:\\xampp\\htdocs\\gitar\\gitar\\app\\Views\\user\\editdata.php')
 3 SYSTEMPATH\View\View.php(216): CodeIgniter\View\View->CodeIgniter\View\{closure}()
 4 SYSTEMPATH\Common.php(1184): CodeIgniter\View\View->render('user/editdata', [], true)
 5 APPPATH\Controllers\User.php(200): view('user/editdata', [...])
 6 SYSTEMPATH\CodeIgniter.php(934): App\Controllers\User->carigitar()
 7 SYSTEMPATH\CodeIgniter.php(499): CodeIgniter\CodeIgniter->runController(Object(App\Controllers\User))
 8 SYSTEMPATH\CodeIgniter.php(368): CodeIgniter\CodeIgniter->handleRequest(null, Object(Config\Cache), false)
 9 FCPATH\index.php(67): CodeIgniter\CodeIgniter->run()
10 SYSTEMPATH\Commands\Server\rewrite.php(47): require_once('C:\\xampp\\htdocs\\gitar\\gitar\\public\\index.php')
INFO - 2023-08-07 05:33:20 --> Session: Class initialized using 'CodeIgniter\Session\Handlers\FileHandler' driver.
CRITICAL - 2023-08-07 05:33:20 --> Attempt to read property "id_merk" on array
in APPPATH\Views\user\editdata.php on line 342.
 1 APPPATH\Views\user\editdata.php(342): CodeIgniter\Debug\Exceptions->errorHandler(2, 'Attempt to read property "id_merk" on array', 'C:\\xampp\\htdocs\\gitar\\gitar\\app\\Views\\user\\editdata.php', 342)
 2 SYSTEMPATH\View\View.php(213): include('C:\\xampp\\htdocs\\gitar\\gitar\\app\\Views\\user\\editdata.php')
 3 SYSTEMPATH\View\View.php(216): CodeIgniter\View\View->CodeIgniter\View\{closure}()
 4 SYSTEMPATH\Common.php(1184): CodeIgniter\View\View->render('user/editdata', [], true)
 5 APPPATH\Controllers\User.php(200): view('user/editdata', [...])
 6 SYSTEMPATH\CodeIgniter.php(934): App\Controllers\User->carigitar()
 7 SYSTEMPATH\CodeIgniter.php(499): CodeIgniter\CodeIgniter->runController(Object(App\Controllers\User))
 8 SYSTEMPATH\CodeIgniter.php(368): CodeIgniter\CodeIgniter->handleRequest(null, Object(Config\Cache), false)
 9 FCPATH\index.php(67): CodeIgniter\CodeIgniter->run()
10 SYSTEMPATH\Commands\Server\rewrite.php(47): require_once('C:\\xampp\\htdocs\\gitar\\gitar\\public\\index.php')
INFO - 2023-08-07 05:33:21 --> Session: Class initialized using 'CodeIgniter\Session\Handlers\FileHandler' driver.
CRITICAL - 2023-08-07 05:33:21 --> Attempt to read property "id_merk" on array
in APPPATH\Views\user\editdata.php on line 342.
 1 APPPATH\Views\user\editdata.php(342): CodeIgniter\Debug\Exceptions->errorHandler(2, 'Attempt to read property "id_merk" on array', 'C:\\xampp\\htdocs\\gitar\\gitar\\app\\Views\\user\\editdata.php', 342)
 2 SYSTEMPATH\View\View.php(213): include('C:\\xampp\\htdocs\\gitar\\gitar\\app\\Views\\user\\editdata.php')
 3 SYSTEMPATH\View\View.php(216): CodeIgniter\View\View->CodeIgniter\View\{closure}()
 4 SYSTEMPATH\Common.php(1184): CodeIgniter\View\View->render('user/editdata', [], true)
 5 APPPATH\Controllers\User.php(200): view('user/editdata', [...])
 6 SYSTEMPATH\CodeIgniter.php(934): App\Controllers\User->carigitar()
 7 SYSTEMPATH\CodeIgniter.php(499): CodeIgniter\CodeIgniter->runController(Object(App\Controllers\User))
 8 SYSTEMPATH\CodeIgniter.php(368): CodeIgniter\CodeIgniter->handleRequest(null, Object(Config\Cache), false)
 9 FCPATH\index.php(67): CodeIgniter\CodeIgniter->run()
10 SYSTEMPATH\Commands\Server\rewrite.php(47): require_once('C:\\xampp\\htdocs\\gitar\\gitar\\public\\index.php')
INFO - 2023-08-07 05:33:21 --> Session: Class initialized using 'CodeIgniter\Session\Handlers\FileHandler' driver.
CRITICAL - 2023-08-07 05:33:21 --> Attempt to read property "id_merk" on array
in APPPATH\Views\user\editdata.php on line 342.
 1 APPPATH\Views\user\editdata.php(342): CodeIgniter\Debug\Exceptions->errorHandler(2, 'Attempt to read property "id_merk" on array', 'C:\\xampp\\htdocs\\gitar\\gitar\\app\\Views\\user\\editdata.php', 342)
 2 SYSTEMPATH\View\View.php(213): include('C:\\xampp\\htdocs\\gitar\\gitar\\app\\Views\\user\\editdata.php')
 3 SYSTEMPATH\View\View.php(216): CodeIgniter\View\View->CodeIgniter\View\{closure}()
 4 SYSTEMPATH\Common.php(1184): CodeIgniter\View\View->render('user/editdata', [], true)
 5 APPPATH\Controllers\User.php(200): view('user/editdata', [...])
 6 SYSTEMPATH\CodeIgniter.php(934): App\Controllers\User->carigitar()
 7 SYSTEMPATH\CodeIgniter.php(499): CodeIgniter\CodeIgniter->runController(Object(App\Controllers\User))
 8 SYSTEMPATH\CodeIgniter.php(368): CodeIgniter\CodeIgniter->handleRequest(null, Object(Config\Cache), false)
 9 FCPATH\index.php(67): CodeIgniter\CodeIgniter->run()
10 SYSTEMPATH\Commands\Server\rewrite.php(47): require_once('C:\\xampp\\htdocs\\gitar\\gitar\\public\\index.php')
CRITICAL - 2023-08-07 05:33:37 --> syntax error, unexpected token ";"
in APPPATH\Views\user\editdata.php on line 342.
 1 SYSTEMPATH\View\View.php(216): CodeIgniter\View\View->CodeIgniter\View\{closure}()
 2 SYSTEMPATH\Common.php(1184): CodeIgniter\View\View->render('user/editdata', [], true)
 3 APPPATH\Controllers\User.php(200): view('user/editdata', [...])
 4 SYSTEMPATH\CodeIgniter.php(934): App\Controllers\User->carigitar()
 5 SYSTEMPATH\CodeIgniter.php(499): CodeIgniter\CodeIgniter->runController(Object(App\Controllers\User))
 6 SYSTEMPATH\CodeIgniter.php(368): CodeIgniter\CodeIgniter->handleRequest(null, Object(Config\Cache), false)
 7 FCPATH\index.php(67): CodeIgniter\CodeIgniter->run()
 8 SYSTEMPATH\Commands\Server\rewrite.php(47): require_once('C:\\xampp\\htdocs\\gitar\\gitar\\public\\index.php')
INFO - 2023-08-07 05:33:50 --> Session: Class initialized using 'CodeIgniter\Session\Handlers\FileHandler' driver.
CRITICAL - 2023-08-07 05:33:50 --> Attempt to read property "nama" on array
in APPPATH\Views\user\editdata.php on line 342.
 1 APPPATH\Views\user\editdata.php(342): CodeIgniter\Debug\Exceptions->errorHandler(2, 'Attempt to read property "nama" on array', 'C:\\xampp\\htdocs\\gitar\\gitar\\app\\Views\\user\\editdata.php', 342)
 2 SYSTEMPATH\View\View.php(213): include('C:\\xampp\\htdocs\\gitar\\gitar\\app\\Views\\user\\editdata.php')
 3 SYSTEMPATH\View\View.php(216): CodeIgniter\View\View->CodeIgniter\View\{closure}()
 4 SYSTEMPATH\Common.php(1184): CodeIgniter\View\View->render('user/editdata', [], true)
 5 APPPATH\Controllers\User.php(200): view('user/editdata', [...])
 6 SYSTEMPATH\CodeIgniter.php(934): App\Controllers\User->carigitar()
 7 SYSTEMPATH\CodeIgniter.php(499): CodeIgniter\CodeIgniter->runController(Object(App\Controllers\User))
 8 SYSTEMPATH\CodeIgniter.php(368): CodeIgniter\CodeIgniter->handleRequest(null, Object(Config\Cache), false)
 9 FCPATH\index.php(67): CodeIgniter\CodeIgniter->run()
10 SYSTEMPATH\Commands\Server\rewrite.php(47): require_once('C:\\xampp\\htdocs\\gitar\\gitar\\public\\index.php')
INFO - 2023-08-07 05:33:52 --> Session: Class initialized using 'CodeIgniter\Session\Handlers\FileHandler' driver.
CRITICAL - 2023-08-07 05:33:52 --> Undefined variable $value
in APPPATH\Views\user\editdata.php on line 346.
 1 APPPATH\Views\user\editdata.php(346): CodeIgniter\Debug\Exceptions->errorHandler(2, 'Undefined variable $value', 'C:\\xampp\\htdocs\\gitar\\gitar\\app\\Views\\user\\editdata.php', 346)
 2 SYSTEMPATH\View\View.php(213): include('C:\\xampp\\htdocs\\gitar\\gitar\\app\\Views\\user\\editdata.php')
 3 SYSTEMPATH\View\View.php(216): CodeIgniter\View\View->CodeIgniter\View\{closure}()
 4 SYSTEMPATH\Common.php(1184): CodeIgniter\View\View->render('user/editdata', [], true)
 5 APPPATH\Controllers\User.php(188): view('user/editdata', [...])
 6 SYSTEMPATH\CodeIgniter.php(934): App\Controllers\User->editdata()
 7 SYSTEMPATH\CodeIgniter.php(499): CodeIgniter\CodeIgniter->runController(Object(App\Controllers\User))
 8 SYSTEMPATH\CodeIgniter.php(368): CodeIgniter\CodeIgniter->handleRequest(null, Object(Config\Cache), false)
 9 FCPATH\index.php(67): CodeIgniter\CodeIgniter->run()
10 SYSTEMPATH\Commands\Server\rewrite.php(47): require_once('C:\\xampp\\htdocs\\gitar\\gitar\\public\\index.php')
INFO - 2023-08-07 05:33:56 --> Session: Class initialized using 'CodeIgniter\Session\Handlers\FileHandler' driver.
CRITICAL - 2023-08-07 05:33:56 --> Undefined variable $value
in APPPATH\Views\user\editdata.php on line 346.
 1 APPPATH\Views\user\editdata.php(346): CodeIgniter\Debug\Exceptions->errorHandler(2, 'Undefined variable $value', 'C:\\xampp\\htdocs\\gitar\\gitar\\app\\Views\\user\\editdata.php', 346)
 2 SYSTEMPATH\View\View.php(213): include('C:\\xampp\\htdocs\\gitar\\gitar\\app\\Views\\user\\editdata.php')
 3 SYSTEMPATH\View\View.php(216): CodeIgniter\View\View->CodeIgniter\View\{closure}()
 4 SYSTEMPATH\Common.php(1184): CodeIgniter\View\View->render('user/editdata', [], true)
 5 APPPATH\Controllers\User.php(188): view('user/editdata', [...])
 6 SYSTEMPATH\CodeIgniter.php(934): App\Controllers\User->editdata()
 7 SYSTEMPATH\CodeIgniter.php(499): CodeIgniter\CodeIgniter->runController(Object(App\Controllers\User))
 8 SYSTEMPATH\CodeIgniter.php(368): CodeIgniter\CodeIgniter->handleRequest(null, Object(Config\Cache), false)
 9 FCPATH\index.php(67): CodeIgniter\CodeIgniter->run()
10 SYSTEMPATH\Commands\Server\rewrite.php(47): require_once('C:\\xampp\\htdocs\\gitar\\gitar\\public\\index.php')
INFO - 2023-08-07 05:34:19 --> Session: Class initialized using 'CodeIgniter\Session\Handlers\FileHandler' driver.
INFO - 2023-08-07 05:34:42 --> Session: Class initialized using 'CodeIgniter\Session\Handlers\FileHandler' driver.
INFO - 2023-08-07 05:34:58 --> Session: Class initialized using 'CodeIgniter\Session\Handlers\FileHandler' driver.
INFO - 2023-08-07 05:35:15 --> Session: Class initialized using 'CodeIgniter\Session\Handlers\FileHandler' driver.
CRITICAL - 2023-08-07 05:35:15 --> Attempt to read property "id_merk" on array
in APPPATH\Views\user\editdata.php on line 343.
 1 APPPATH\Views\user\editdata.php(343): CodeIgniter\Debug\Exceptions->errorHandler(2, 'Attempt to read property "id_merk" on array', 'C:\\xampp\\htdocs\\gitar\\gitar\\app\\Views\\user\\editdata.php', 343)
 2 SYSTEMPATH\View\View.php(213): include('C:\\xampp\\htdocs\\gitar\\gitar\\app\\Views\\user\\editdata.php')
 3 SYSTEMPATH\View\View.php(216): CodeIgniter\View\View->CodeIgniter\View\{closure}()
 4 SYSTEMPATH\Common.php(1184): CodeIgniter\View\View->render('user/editdata', [], true)
 5 APPPATH\Controllers\User.php(200): view('user/editdata', [...])
 6 SYSTEMPATH\CodeIgniter.php(934): App\Controllers\User->carigitar()
 7 SYSTEMPATH\CodeIgniter.php(499): CodeIgniter\CodeIgniter->runController(Object(App\Controllers\User))
 8 SYSTEMPATH\CodeIgniter.php(368): CodeIgniter\CodeIgniter->handleRequest(null, Object(Config\Cache), false)
 9 FCPATH\index.php(67): CodeIgniter\CodeIgniter->run()
10 SYSTEMPATH\Commands\Server\rewrite.php(47): require_once('C:\\xampp\\htdocs\\gitar\\gitar\\public\\index.php')
INFO - 2023-08-07 05:37:04 --> Session: Class initialized using 'CodeIgniter\Session\Handlers\FileHandler' driver.
CRITICAL - 2023-08-07 05:37:04 --> Attempt to read property "id_merk" on array
in APPPATH\Views\user\editdata.php on line 343.
 1 APPPATH\Views\user\editdata.php(343): CodeIgniter\Debug\Exceptions->errorHandler(2, 'Attempt to read property "id_merk" on array', 'C:\\xampp\\htdocs\\gitar\\gitar\\app\\Views\\user\\editdata.php', 343)
 2 SYSTEMPATH\View\View.php(213): include('C:\\xampp\\htdocs\\gitar\\gitar\\app\\Views\\user\\editdata.php')
 3 SYSTEMPATH\View\View.php(216): CodeIgniter\View\View->CodeIgniter\View\{closure}()
 4 SYSTEMPATH\Common.php(1184): CodeIgniter\View\View->render('user/editdata', [], true)
 5 APPPATH\Controllers\User.php(200): view('user/editdata', [...])
 6 SYSTEMPATH\CodeIgniter.php(934): App\Controllers\User->carigitar()
 7 SYSTEMPATH\CodeIgniter.php(499): CodeIgniter\CodeIgniter->runController(Object(App\Controllers\User))
 8 SYSTEMPATH\CodeIgniter.php(368): CodeIgniter\CodeIgniter->handleRequest(null, Object(Config\Cache), false)
 9 FCPATH\index.php(67): CodeIgniter\CodeIgniter->run()
10 SYSTEMPATH\Commands\Server\rewrite.php(47): require_once('C:\\xampp\\htdocs\\gitar\\gitar\\public\\index.php')
INFO - 2023-08-07 05:39:01 --> Session: Class initialized using 'CodeIgniter\Session\Handlers\FileHandler' driver.
INFO - 2023-08-07 05:39:14 --> Session: Class initialized using 'CodeIgniter\Session\Handlers\FileHandler' driver.
CRITICAL - 2023-08-07 05:39:29 --> Cannot use object of type stdClass as array
in APPPATH\Views\user\editgitar.php on line 284.
 1 SYSTEMPATH\View\View.php(213): include()
 2 SYSTEMPATH\View\View.php(216): CodeIgniter\View\View->CodeIgniter\View\{closure}()
 3 SYSTEMPATH\Common.php(1184): CodeIgniter\View\View->render('user/editgitar', [], true)
 4 APPPATH\Controllers\User.php(116): view('user/editgitar', [...])
 5 SYSTEMPATH\CodeIgniter.php(934): App\Controllers\User->editgitar('99')
 6 SYSTEMPATH\CodeIgniter.php(499): CodeIgniter\CodeIgniter->runController(Object(App\Controllers\User))
 7 SYSTEMPATH\CodeIgniter.php(368): CodeIgniter\CodeIgniter->handleRequest(null, Object(Config\Cache), false)
 8 FCPATH\index.php(67): CodeIgniter\CodeIgniter->run()
 9 SYSTEMPATH\Commands\Server\rewrite.php(47): require_once('C:\\xampp\\htdocs\\gitar\\gitar\\public\\index.php')
CRITICAL - 2023-08-07 05:46:40 --> Cannot use object of type stdClass as array
in APPPATH\Views\user\editgitar.php on line 284.
 1 SYSTEMPATH\View\View.php(213): include()
 2 SYSTEMPATH\View\View.php(216): CodeIgniter\View\View->CodeIgniter\View\{closure}()
 3 SYSTEMPATH\Common.php(1184): CodeIgniter\View\View->render('user/editgitar', [], true)
 4 APPPATH\Controllers\User.php(116): view('user/editgitar', [...])
 5 SYSTEMPATH\CodeIgniter.php(934): App\Controllers\User->editgitar('99')
 6 SYSTEMPATH\CodeIgniter.php(499): CodeIgniter\CodeIgniter->runController(Object(App\Controllers\User))
 7 SYSTEMPATH\CodeIgniter.php(368): CodeIgniter\CodeIgniter->handleRequest(null, Object(Config\Cache), false)
 8 FCPATH\index.php(67): CodeIgniter\CodeIgniter->run()
 9 SYSTEMPATH\Commands\Server\rewrite.php(47): require_once('C:\\xampp\\htdocs\\gitar\\gitar\\public\\index.php')
CRITICAL - 2023-08-07 05:47:58 --> Cannot use object of type stdClass as array
in APPPATH\Views\user\editgitar.php on line 290.
 1 SYSTEMPATH\View\View.php(213): include()
 2 SYSTEMPATH\View\View.php(216): CodeIgniter\View\View->CodeIgniter\View\{closure}()
 3 SYSTEMPATH\Common.php(1184): CodeIgniter\View\View->render('user/editgitar', [], true)
 4 APPPATH\Controllers\User.php(116): view('user/editgitar', [...])
 5 SYSTEMPATH\CodeIgniter.php(934): App\Controllers\User->editgitar('99')
 6 SYSTEMPATH\CodeIgniter.php(499): CodeIgniter\CodeIgniter->runController(Object(App\Controllers\User))
 7 SYSTEMPATH\CodeIgniter.php(368): CodeIgniter\CodeIgniter->handleRequest(null, Object(Config\Cache), false)
 8 FCPATH\index.php(67): CodeIgniter\CodeIgniter->run()
 9 SYSTEMPATH\Commands\Server\rewrite.php(47): require_once('C:\\xampp\\htdocs\\gitar\\gitar\\public\\index.php')
CRITICAL - 2023-08-07 05:50:15 --> Cannot use object of type stdClass as array
in APPPATH\Views\user\editgitar.php on line 310.
 1 SYSTEMPATH\View\View.php(213): include()
 2 SYSTEMPATH\View\View.php(216): CodeIgniter\View\View->CodeIgniter\View\{closure}()
 3 SYSTEMPATH\Common.php(1184): CodeIgniter\View\View->render('user/editgitar', [], true)
 4 APPPATH\Controllers\User.php(116): view('user/editgitar', [...])
 5 SYSTEMPATH\CodeIgniter.php(934): App\Controllers\User->editgitar('99')
 6 SYSTEMPATH\CodeIgniter.php(499): CodeIgniter\CodeIgniter->runController(Object(App\Controllers\User))
 7 SYSTEMPATH\CodeIgniter.php(368): CodeIgniter\CodeIgniter->handleRequest(null, Object(Config\Cache), false)
 8 FCPATH\index.php(67): CodeIgniter\CodeIgniter->run()
 9 SYSTEMPATH\Commands\Server\rewrite.php(47): require_once('C:\\xampp\\htdocs\\gitar\\gitar\\public\\index.php')
INFO - 2023-08-07 05:53:16 --> Session: Class initialized using 'CodeIgniter\Session\Handlers\FileHandler' driver.
INFO - 2023-08-07 05:53:16 --> Session: Class initialized using 'CodeIgniter\Session\Handlers\FileHandler' driver.
INFO - 2023-08-07 05:53:50 --> Session: Class initialized using 'CodeIgniter\Session\Handlers\FileHandler' driver.
INFO - 2023-08-07 05:53:50 --> Session: Class initialized using 'CodeIgniter\Session\Handlers\FileHandler' driver.
INFO - 2023-08-07 05:54:59 --> Session: Class initialized using 'CodeIgniter\Session\Handlers\FileHandler' driver.
INFO - 2023-08-07 05:54:59 --> Session: Class initialized using 'CodeIgniter\Session\Handlers\FileHandler' driver.
INFO - 2023-08-07 05:55:21 --> Session: Class initialized using 'CodeIgniter\Session\Handlers\FileHandler' driver.
INFO - 2023-08-07 05:55:33 --> Session: Class initialized using 'CodeIgniter\Session\Handlers\FileHandler' driver.
INFO - 2023-08-07 05:56:56 --> Session: Class initialized using 'CodeIgniter\Session\Handlers\FileHandler' driver.
INFO - 2023-08-07 05:56:59 --> Session: Class initialized using 'CodeIgniter\Session\Handlers\FileHandler' driver.
INFO - 2023-08-07 05:57:58 --> Session: Class initialized using 'CodeIgniter\Session\Handlers\FileHandler' driver.
INFO - 2023-08-07 05:57:58 --> Session: Class initialized using 'CodeIgniter\Session\Handlers\FileHandler' driver.
INFO - 2023-08-07 05:59:04 --> Session: Class initialized using 'CodeIgniter\Session\Handlers\FileHandler' driver.
INFO - 2023-08-07 05:59:10 --> Session: Class initialized using 'CodeIgniter\Session\Handlers\FileHandler' driver.
INFO - 2023-08-07 05:59:13 --> Session: Class initialized using 'CodeIgniter\Session\Handlers\FileHandler' driver.
INFO - 2023-08-07 10:10:49 --> Session: Class initialized using 'CodeIgniter\Session\Handlers\FileHandler' driver.
INFO - 2023-08-07 10:10:50 --> Session: Class initialized using 'CodeIgniter\Session\Handlers\FileHandler' driver.
INFO - 2023-08-07 10:11:14 --> Session: Class initialized using 'CodeIgniter\Session\Handlers\FileHandler' driver.
INFO - 2023-08-07 10:11:50 --> Session: Class initialized using 'CodeIgniter\Session\Handlers\FileHandler' driver.
INFO - 2023-08-07 10:12:04 --> Session: Class initialized using 'CodeIgniter\Session\Handlers\FileHandler' driver.
INFO - 2023-08-07 10:13:18 --> Session: Class initialized using 'CodeIgniter\Session\Handlers\FileHandler' driver.
INFO - 2023-08-07 10:15:30 --> Session: Class initialized using 'CodeIgniter\Session\Handlers\FileHandler' driver.
INFO - 2023-08-07 10:16:29 --> Session: Class initialized using 'CodeIgniter\Session\Handlers\FileHandler' driver.
INFO - 2023-08-07 10:16:46 --> Session: Class initialized using 'CodeIgniter\Session\Handlers\FileHandler' driver.
INFO - 2023-08-07 10:17:24 --> Session: Class initialized using 'CodeIgniter\Session\Handlers\FileHandler' driver.
INFO - 2023-08-07 10:17:43 --> Session: Class initialized using 'CodeIgniter\Session\Handlers\FileHandler' driver.
INFO - 2023-08-07 10:17:58 --> Session: Class initialized using 'CodeIgniter\Session\Handlers\FileHandler' driver.
INFO - 2023-08-07 10:18:18 --> Session: Class initialized using 'CodeIgniter\Session\Handlers\FileHandler' driver.
INFO - 2023-08-07 10:18:30 --> Session: Class initialized using 'CodeIgniter\Session\Handlers\FileHandler' driver.
INFO - 2023-08-07 10:19:17 --> Session: Class initialized using 'CodeIgniter\Session\Handlers\FileHandler' driver.
INFO - 2023-08-07 10:19:40 --> Session: Class initialized using 'CodeIgniter\Session\Handlers\FileHandler' driver.
INFO - 2023-08-07 10:20:02 --> Session: Class initialized using 'CodeIgniter\Session\Handlers\FileHandler' driver.
INFO - 2023-08-07 10:20:36 --> Session: Class initialized using 'CodeIgniter\Session\Handlers\FileHandler' driver.
INFO - 2023-08-07 10:21:46 --> Session: Class initialized using 'CodeIgniter\Session\Handlers\FileHandler' driver.
INFO - 2023-08-07 10:22:25 --> Session: Class initialized using 'CodeIgniter\Session\Handlers\FileHandler' driver.
INFO - 2023-08-07 10:23:17 --> Session: Class initialized using 'CodeIgniter\Session\Handlers\FileHandler' driver.
INFO - 2023-08-07 10:23:39 --> Session: Class initialized using 'CodeIgniter\Session\Handlers\FileHandler' driver.
INFO - 2023-08-07 10:24:18 --> Session: Class initialized using 'CodeIgniter\Session\Handlers\FileHandler' driver.
INFO - 2023-08-07 10:24:59 --> Session: Class initialized using 'CodeIgniter\Session\Handlers\FileHandler' driver.
INFO - 2023-08-07 10:25:24 --> Session: Class initialized using 'CodeIgniter\Session\Handlers\FileHandler' driver.
INFO - 2023-08-07 10:25:43 --> Session: Class initialized using 'CodeIgniter\Session\Handlers\FileHandler' driver.
INFO - 2023-08-07 10:26:25 --> Session: Class initialized using 'CodeIgniter\Session\Handlers\FileHandler' driver.
INFO - 2023-08-07 10:28:17 --> Session: Class initialized using 'CodeIgniter\Session\Handlers\FileHandler' driver.
INFO - 2023-08-07 10:28:31 --> Session: Class initialized using 'CodeIgniter\Session\Handlers\FileHandler' driver.
INFO - 2023-08-07 10:31:20 --> Session: Class initialized using 'CodeIgniter\Session\Handlers\FileHandler' driver.
INFO - 2023-08-07 10:31:50 --> Session: Class initialized using 'CodeIgniter\Session\Handlers\FileHandler' driver.
