ERROR - 2023-07-02 05:38:29 --> Error connecting to the database: mysqli_sql_exception: No connection could be made because the target machine actively refused it in C:\xampp\htdocs\gitar\gitar\system\Database\MySQLi\Connection.php:173
Stack trace:
#0 C:\xampp\htdocs\gitar\gitar\system\Database\MySQLi\Connection.php(173): mysqli->real_connect('localhost', 'root', Object(SensitiveParameterValue), 'gitar', 3306, '', 0)
#1 C:\xampp\htdocs\gitar\gitar\system\Database\BaseConnection.php(391): CodeIgniter\Database\MySQLi\Connection->connect(false)
#2 C:\xampp\htdocs\gitar\gitar\system\Database\BaseConnection.php(574): CodeIgniter\Database\BaseConnection->initialize()
#3 C:\xampp\htdocs\gitar\gitar\system\Database\BaseBuilder.php(1616): CodeIgniter\Database\BaseConnection->query('SELECT `gitar`....', Array, false)
#4 C:\xampp\htdocs\gitar\gitar\app\Models\GitarModel.php(50): CodeIgniter\Database\BaseBuilder->get()
#5 C:\xampp\htdocs\gitar\gitar\app\Controllers\User.php(328): App\Models\GitarModel->getGitarRekomendasi('Elektrik', 'Normal', 'Natural', 'Terjangkau')
#6 C:\xampp\htdocs\gitar\gitar\system\CodeIgniter.php(934): App\Controllers\User->ambildata()
#7 C:\xampp\htdocs\gitar\gitar\system\CodeIgniter.php(499): CodeIgniter\CodeIgniter->runController(Object(App\Controllers\User))
#8 C:\xampp\htdocs\gitar\gitar\system\CodeIgniter.php(368): CodeIgniter\CodeIgniter->handleRequest(NULL, Object(Config\Cache), false)
#9 C:\xampp\htdocs\gitar\gitar\public\index.php(67): CodeIgniter\CodeIgniter->run()
#10 C:\xampp\htdocs\gitar\gitar\system\Commands\Server\rewrite.php(47): require_once('C:\\xampp\\htdocs...')
#11 {main}

Next CodeIgniter\Database\Exceptions\DatabaseException: No connection could be made because the target machine actively refused it in C:\xampp\htdocs\gitar\gitar\system\Database\MySQLi\Connection.php:218
Stack trace:
#0 C:\xampp\htdocs\gitar\gitar\system\Database\BaseConnection.php(391): CodeIgniter\Database\MySQLi\Connection->connect(false)
#1 C:\xampp\htdocs\gitar\gitar\system\Database\BaseConnection.php(574): CodeIgniter\Database\BaseConnection->initialize()
#2 C:\xampp\htdocs\gitar\gitar\system\Database\BaseBuilder.php(1616): CodeIgniter\Database\BaseConnection->query('SELECT `gitar`....', Array, false)
#3 C:\xampp\htdocs\gitar\gitar\app\Models\GitarModel.php(50): CodeIgniter\Database\BaseBuilder->get()
#4 C:\xampp\htdocs\gitar\gitar\app\Controllers\User.php(328): App\Models\GitarModel->getGitarRekomendasi('Elektrik', 'Normal', 'Natural', 'Terjangkau')
#5 C:\xampp\htdocs\gitar\gitar\system\CodeIgniter.php(934): App\Controllers\User->ambildata()
#6 C:\xampp\htdocs\gitar\gitar\system\CodeIgniter.php(499): CodeIgniter\CodeIgniter->runController(Object(App\Controllers\User))
#7 C:\xampp\htdocs\gitar\gitar\system\CodeIgniter.php(368): CodeIgniter\CodeIgniter->handleRequest(NULL, Object(Config\Cache), false)
#8 C:\xampp\htdocs\gitar\gitar\public\index.php(67): CodeIgniter\CodeIgniter->run()
#9 C:\xampp\htdocs\gitar\gitar\system\Commands\Server\rewrite.php(47): require_once('C:\\xampp\\htdocs...')
#10 {main}
CRITICAL - 2023-07-02 05:38:29 --> Unable to connect to the database.
Main connection [MySQLi]: No connection could be made because the target machine actively refused it
in SYSTEMPATH\Database\BaseConnection.php on line 427.
 1 SYSTEMPATH\Database\BaseConnection.php(574): CodeIgniter\Database\BaseConnection->initialize()
 2 SYSTEMPATH\Database\BaseBuilder.php(1616): CodeIgniter\Database\BaseConnection->query('SELECT `gitar`.`id_merk`, `gitar`.`id_gitar`, `gitar`.`harga`, `gitar`.`gambar`, `gitar`.`nama`, `gitar`.`warna`, `gitar`.`jenis`, `gitar`.`ukuran`, `gitar`.`hasil`, `gitar`.`gambar`
FROM `gitar`
WHERE `jenis` = :jenis:
AND `ukuran` = :ukuran:
AND `warna` = :warna:
AND `harga` = :harga:', [...], false)
 3 APPPATH\Models\GitarModel.php(50): CodeIgniter\Database\BaseBuilder->get()
 4 APPPATH\Controllers\User.php(328): App\Models\GitarModel->getGitarRekomendasi('Elektrik', 'Normal', 'Natural', 'Terjangkau')
 5 SYSTEMPATH\CodeIgniter.php(934): App\Controllers\User->ambildata()
 6 SYSTEMPATH\CodeIgniter.php(499): CodeIgniter\CodeIgniter->runController(Object(App\Controllers\User))
 7 SYSTEMPATH\CodeIgniter.php(368): CodeIgniter\CodeIgniter->handleRequest(null, Object(Config\Cache), false)
 8 FCPATH\index.php(67): CodeIgniter\CodeIgniter->run()
 9 SYSTEMPATH\Commands\Server\rewrite.php(47): require_once('C:\\xampp\\htdocs\\gitar\\gitar\\public\\index.php')
INFO - 2023-07-02 05:38:39 --> Session: Class initialized using 'CodeIgniter\Session\Handlers\FileHandler' driver.
INFO - 2023-07-02 05:48:22 --> Session: Class initialized using 'CodeIgniter\Session\Handlers\FileHandler' driver.
INFO - 2023-07-02 05:48:31 --> Session: Class initialized using 'CodeIgniter\Session\Handlers\FileHandler' driver.
INFO - 2023-07-02 05:54:43 --> Session: Class initialized using 'CodeIgniter\Session\Handlers\FileHandler' driver.
INFO - 2023-07-02 05:55:02 --> Session: Class initialized using 'CodeIgniter\Session\Handlers\FileHandler' driver.
CRITICAL - 2023-07-02 05:55:02 --> Undefined property: stdClass::$nama_kolom1
in APPPATH\Models\GitarModel.php on line 136.
 1 APPPATH\Models\GitarModel.php(136): CodeIgniter\Debug\Exceptions->errorHandler(2, 'Undefined property: stdClass::$nama_kolom1', 'C:\\xampp\\htdocs\\gitar\\gitar\\app\\Models\\GitarModel.php', 136)
 2 APPPATH\Controllers\User.php(380): App\Models\GitarModel->getUkuranDisukaidata1('Normal ')
 3 SYSTEMPATH\CodeIgniter.php(934): App\Controllers\User->uji_datanb()
 4 SYSTEMPATH\CodeIgniter.php(499): CodeIgniter\CodeIgniter->runController(Object(App\Controllers\User))
 5 SYSTEMPATH\CodeIgniter.php(368): CodeIgniter\CodeIgniter->handleRequest(null, Object(Config\Cache), false)
 6 FCPATH\index.php(67): CodeIgniter\CodeIgniter->run()
 7 SYSTEMPATH\Commands\Server\rewrite.php(47): require_once('C:\\xampp\\htdocs\\gitar\\gitar\\public\\index.php')
INFO - 2023-07-02 05:55:58 --> Session: Class initialized using 'CodeIgniter\Session\Handlers\FileHandler' driver.
INFO - 2023-07-02 05:56:55 --> Session: Class initialized using 'CodeIgniter\Session\Handlers\FileHandler' driver.
CRITICAL - 2023-07-02 05:56:55 --> Undefined property: stdClass::$nama_kolom1
in APPPATH\Models\GitarModel.php on line 136.
 1 APPPATH\Models\GitarModel.php(136): CodeIgniter\Debug\Exceptions->errorHandler(2, 'Undefined property: stdClass::$nama_kolom1', 'C:\\xampp\\htdocs\\gitar\\gitar\\app\\Models\\GitarModel.php', 136)
 2 APPPATH\Controllers\User.php(380): App\Models\GitarModel->getUkuranDisukaidata1('Normal ')
 3 SYSTEMPATH\CodeIgniter.php(934): App\Controllers\User->uji_datanb()
 4 SYSTEMPATH\CodeIgniter.php(499): CodeIgniter\CodeIgniter->runController(Object(App\Controllers\User))
 5 SYSTEMPATH\CodeIgniter.php(368): CodeIgniter\CodeIgniter->handleRequest(null, Object(Config\Cache), false)
 6 FCPATH\index.php(67): CodeIgniter\CodeIgniter->run()
 7 SYSTEMPATH\Commands\Server\rewrite.php(47): require_once('C:\\xampp\\htdocs\\gitar\\gitar\\public\\index.php')
INFO - 2023-07-02 05:57:08 --> Session: Class initialized using 'CodeIgniter\Session\Handlers\FileHandler' driver.
INFO - 2023-07-02 05:58:50 --> Session: Class initialized using 'CodeIgniter\Session\Handlers\FileHandler' driver.
INFO - 2023-07-02 06:08:10 --> Session: Class initialized using 'CodeIgniter\Session\Handlers\FileHandler' driver.
INFO - 2023-07-02 06:13:49 --> Session: Class initialized using 'CodeIgniter\Session\Handlers\FileHandler' driver.
INFO - 2023-07-02 06:21:18 --> Session: Class initialized using 'CodeIgniter\Session\Handlers\FileHandler' driver.
CRITICAL - 2023-07-02 06:21:18 --> Call to undefined method App\Models\GitarModel::getUkuranDisukaidata1
in SYSTEMPATH\Model.php on line 842.
 1 APPPATH\Controllers\User.php(383): CodeIgniter\Model->__call('getUkuranDisukaidata1', [...])
 2 SYSTEMPATH\CodeIgniter.php(934): App\Controllers\User->uji_datanb()
 3 SYSTEMPATH\CodeIgniter.php(499): CodeIgniter\CodeIgniter->runController(Object(App\Controllers\User))
 4 SYSTEMPATH\CodeIgniter.php(368): CodeIgniter\CodeIgniter->handleRequest(null, Object(Config\Cache), false)
 5 FCPATH\index.php(67): CodeIgniter\CodeIgniter->run()
 6 SYSTEMPATH\Commands\Server\rewrite.php(47): require_once('C:\\xampp\\htdocs\\gitar\\gitar\\public\\index.php')
INFO - 2023-07-02 06:21:44 --> Session: Class initialized using 'CodeIgniter\Session\Handlers\FileHandler' driver.
CRITICAL - 2023-07-02 06:22:02 --> foreach() argument must be of type array|object, string given
in APPPATH\Models\GitarModel.php on line 126.
 1 APPPATH\Models\GitarModel.php(126): CodeIgniter\Debug\Exceptions->errorHandler(2, 'foreach() argument must be of type array|object, string given', 'C:\\xampp\\htdocs\\gitar\\gitar\\app\\Models\\GitarModel.php', 126)
 2 APPPATH\Controllers\User.php(344): App\Models\GitarModel->filterByUkuranDisukai('Normal', [...])
 3 SYSTEMPATH\CodeIgniter.php(934): App\Controllers\User->ambildata()
 4 SYSTEMPATH\CodeIgniter.php(499): CodeIgniter\CodeIgniter->runController(Object(App\Controllers\User))
 5 SYSTEMPATH\CodeIgniter.php(368): CodeIgniter\CodeIgniter->handleRequest(null, Object(Config\Cache), false)
 6 FCPATH\index.php(67): CodeIgniter\CodeIgniter->run()
 7 SYSTEMPATH\Commands\Server\rewrite.php(47): require_once('C:\\xampp\\htdocs\\gitar\\gitar\\public\\index.php')
CRITICAL - 2023-07-02 06:22:40 --> foreach() argument must be of type array|object, string given
in APPPATH\Models\GitarModel.php on line 126.
 1 APPPATH\Models\GitarModel.php(126): CodeIgniter\Debug\Exceptions->errorHandler(2, 'foreach() argument must be of type array|object, string given', 'C:\\xampp\\htdocs\\gitar\\gitar\\app\\Models\\GitarModel.php', 126)
 2 APPPATH\Controllers\User.php(344): App\Models\GitarModel->filterByUkuranDisukai('Normal', [...])
 3 SYSTEMPATH\CodeIgniter.php(934): App\Controllers\User->ambildata()
 4 SYSTEMPATH\CodeIgniter.php(499): CodeIgniter\CodeIgniter->runController(Object(App\Controllers\User))
 5 SYSTEMPATH\CodeIgniter.php(368): CodeIgniter\CodeIgniter->handleRequest(null, Object(Config\Cache), false)
 6 FCPATH\index.php(67): CodeIgniter\CodeIgniter->run()
 7 SYSTEMPATH\Commands\Server\rewrite.php(47): require_once('C:\\xampp\\htdocs\\gitar\\gitar\\public\\index.php')
CRITICAL - 2023-07-02 06:23:19 --> Undefined array key "ukuran"
in APPPATH\Models\GitarModel.php on line 127.
 1 APPPATH\Models\GitarModel.php(127): CodeIgniter\Debug\Exceptions->errorHandler(2, 'Undefined array key "ukuran"', 'C:\\xampp\\htdocs\\gitar\\gitar\\app\\Models\\GitarModel.php', 127)
 2 APPPATH\Controllers\User.php(344): App\Models\GitarModel->filterByUkuranDisukai([...], 'Normal')
 3 SYSTEMPATH\CodeIgniter.php(934): App\Controllers\User->ambildata()
 4 SYSTEMPATH\CodeIgniter.php(499): CodeIgniter\CodeIgniter->runController(Object(App\Controllers\User))
 5 SYSTEMPATH\CodeIgniter.php(368): CodeIgniter\CodeIgniter->handleRequest(null, Object(Config\Cache), false)
 6 FCPATH\index.php(67): CodeIgniter\CodeIgniter->run()
 7 SYSTEMPATH\Commands\Server\rewrite.php(47): require_once('C:\\xampp\\htdocs\\gitar\\gitar\\public\\index.php')
CRITICAL - 2023-07-02 06:28:09 --> Cannot use object of type stdClass as array
in APPPATH\Models\GitarModel.php on line 128.
 1 APPPATH\Controllers\User.php(344): App\Models\GitarModel->filterByUkuranDisukai([...], 'Normal')
 2 SYSTEMPATH\CodeIgniter.php(934): App\Controllers\User->ambildata()
 3 SYSTEMPATH\CodeIgniter.php(499): CodeIgniter\CodeIgniter->runController(Object(App\Controllers\User))
 4 SYSTEMPATH\CodeIgniter.php(368): CodeIgniter\CodeIgniter->handleRequest(null, Object(Config\Cache), false)
 5 FCPATH\index.php(67): CodeIgniter\CodeIgniter->run()
 6 SYSTEMPATH\Commands\Server\rewrite.php(47): require_once('C:\\xampp\\htdocs\\gitar\\gitar\\public\\index.php')
CRITICAL - 2023-07-02 06:31:35 --> Undefined variable $result
in APPPATH\Models\GitarModel.php on line 133.
 1 APPPATH\Models\GitarModel.php(133): CodeIgniter\Debug\Exceptions->errorHandler(2, 'Undefined variable $result', 'C:\\xampp\\htdocs\\gitar\\gitar\\app\\Models\\GitarModel.php', 133)
 2 APPPATH\Controllers\User.php(344): App\Models\GitarModel->filterByUkuranDisukai([...], 'Normal')
 3 SYSTEMPATH\CodeIgniter.php(934): App\Controllers\User->ambildata()
 4 SYSTEMPATH\CodeIgniter.php(499): CodeIgniter\CodeIgniter->runController(Object(App\Controllers\User))
 5 SYSTEMPATH\CodeIgniter.php(368): CodeIgniter\CodeIgniter->handleRequest(null, Object(Config\Cache), false)
 6 FCPATH\index.php(67): CodeIgniter\CodeIgniter->run()
 7 SYSTEMPATH\Commands\Server\rewrite.php(47): require_once('C:\\xampp\\htdocs\\gitar\\gitar\\public\\index.php')
CRITICAL - 2023-07-02 06:34:31 --> Undefined array key "hasil"
in APPPATH\Models\GitarModel.php on line 128.
 1 APPPATH\Models\GitarModel.php(128): CodeIgniter\Debug\Exceptions->errorHandler(2, 'Undefined array key "hasil"', 'C:\\xampp\\htdocs\\gitar\\gitar\\app\\Models\\GitarModel.php', 128)
 2 APPPATH\Controllers\User.php(344): App\Models\GitarModel->filterByUkuranDisukai([...], 'Normal')
 3 SYSTEMPATH\CodeIgniter.php(934): App\Controllers\User->ambildata()
 4 SYSTEMPATH\CodeIgniter.php(499): CodeIgniter\CodeIgniter->runController(Object(App\Controllers\User))
 5 SYSTEMPATH\CodeIgniter.php(368): CodeIgniter\CodeIgniter->handleRequest(null, Object(Config\Cache), false)
 6 FCPATH\index.php(67): CodeIgniter\CodeIgniter->run()
 7 SYSTEMPATH\Commands\Server\rewrite.php(47): require_once('C:\\xampp\\htdocs\\gitar\\gitar\\public\\index.php')
INFO - 2023-07-02 06:44:42 --> Session: Class initialized using 'CodeIgniter\Session\Handlers\FileHandler' driver.
INFO - 2023-07-02 06:46:40 --> Session: Class initialized using 'CodeIgniter\Session\Handlers\FileHandler' driver.
INFO - 2023-07-02 06:46:48 --> Session: Class initialized using 'CodeIgniter\Session\Handlers\FileHandler' driver.
INFO - 2023-07-02 06:47:01 --> Session: Class initialized using 'CodeIgniter\Session\Handlers\FileHandler' driver.
INFO - 2023-07-02 06:51:10 --> Session: Class initialized using 'CodeIgniter\Session\Handlers\FileHandler' driver.
INFO - 2023-07-02 06:54:42 --> Session: Class initialized using 'CodeIgniter\Session\Handlers\FileHandler' driver.
INFO - 2023-07-02 06:55:02 --> Session: Class initialized using 'CodeIgniter\Session\Handlers\FileHandler' driver.
INFO - 2023-07-02 06:57:15 --> Session: Class initialized using 'CodeIgniter\Session\Handlers\FileHandler' driver.
INFO - 2023-07-02 06:57:22 --> Session: Class initialized using 'CodeIgniter\Session\Handlers\FileHandler' driver.
INFO - 2023-07-02 06:57:28 --> Session: Class initialized using 'CodeIgniter\Session\Handlers\FileHandler' driver.
INFO - 2023-07-02 06:58:40 --> Session: Class initialized using 'CodeIgniter\Session\Handlers\FileHandler' driver.
INFO - 2023-07-02 06:59:15 --> Session: Class initialized using 'CodeIgniter\Session\Handlers\FileHandler' driver.
INFO - 2023-07-02 07:04:08 --> Session: Class initialized using 'CodeIgniter\Session\Handlers\FileHandler' driver.
INFO - 2023-07-02 07:06:21 --> Session: Class initialized using 'CodeIgniter\Session\Handlers\FileHandler' driver.
INFO - 2023-07-02 07:11:27 --> Session: Class initialized using 'CodeIgniter\Session\Handlers\FileHandler' driver.
INFO - 2023-07-02 07:27:44 --> Session: Class initialized using 'CodeIgniter\Session\Handlers\FileHandler' driver.
ERROR - 2023-07-02 07:31:19 --> mysqli_sql_exception: Column 'id_merk' cannot be null in C:\xampp\htdocs\gitar\gitar\system\Database\MySQLi\Connection.php:295
Stack trace:
#0 C:\xampp\htdocs\gitar\gitar\system\Database\MySQLi\Connection.php(295): mysqli->query('REPLACE INTO `g...', 0)
#1 C:\xampp\htdocs\gitar\gitar\system\Database\BaseConnection.php(692): CodeIgniter\Database\MySQLi\Connection->execute('REPLACE INTO `g...')
#2 C:\xampp\htdocs\gitar\gitar\system\Database\BaseConnection.php(606): CodeIgniter\Database\BaseConnection->simpleQuery('REPLACE INTO `g...')
#3 C:\xampp\htdocs\gitar\gitar\system\Database\BaseBuilder.php(2397): CodeIgniter\Database\BaseConnection->query('REPLACE INTO `g...', Array, false)
#4 C:\xampp\htdocs\gitar\gitar\system\Model.php(494): CodeIgniter\Database\BaseBuilder->replace(Array)
#5 C:\xampp\htdocs\gitar\gitar\system\BaseModel.php(1140): CodeIgniter\Model->doReplace(Array, false)
#6 C:\xampp\htdocs\gitar\gitar\app\Controllers\User.php(147): CodeIgniter\BaseModel->replace(Array)
#7 C:\xampp\htdocs\gitar\gitar\system\CodeIgniter.php(934): App\Controllers\User->saveedit()
#8 C:\xampp\htdocs\gitar\gitar\system\CodeIgniter.php(499): CodeIgniter\CodeIgniter->runController(Object(App\Controllers\User))
#9 C:\xampp\htdocs\gitar\gitar\system\CodeIgniter.php(368): CodeIgniter\CodeIgniter->handleRequest(NULL, Object(Config\Cache), false)
#10 C:\xampp\htdocs\gitar\gitar\public\index.php(67): CodeIgniter\CodeIgniter->run()
#11 C:\xampp\htdocs\gitar\gitar\system\Commands\Server\rewrite.php(47): require_once('C:\\xampp\\htdocs...')
#12 {main}
CRITICAL - 2023-07-02 07:31:19 --> Column 'id_merk' cannot be null
in SYSTEMPATH\Database\MySQLi\Connection.php on line 295.
 1 SYSTEMPATH\Database\MySQLi\Connection.php(295): mysqli->query('REPLACE INTO `gitar` (`id_gitar`, `id_merk`, `nama`, `ukuran`, `jenis`, `harga`, `warna`, `gambar`) VALUES (\'99\', NULL, \'FS400\', \'Normal\', \'Akustik\', \'Terjangkau\', \'Natural\', \'1688283079_105cf2efa9074d38c7eb.jpg\')', 0)
 2 SYSTEMPATH\Database\BaseConnection.php(692): CodeIgniter\Database\MySQLi\Connection->execute('REPLACE INTO `gitar` (`id_gitar`, `id_merk`, `nama`, `ukuran`, `jenis`, `harga`, `warna`, `gambar`) VALUES (\'99\', NULL, \'FS400\', \'Normal\', \'Akustik\', \'Terjangkau\', \'Natural\', \'1688283079_105cf2efa9074d38c7eb.jpg\')')
 3 SYSTEMPATH\Database\BaseConnection.php(606): CodeIgniter\Database\BaseConnection->simpleQuery('REPLACE INTO `gitar` (`id_gitar`, `id_merk`, `nama`, `ukuran`, `jenis`, `harga`, `warna`, `gambar`) VALUES (\'99\', NULL, \'FS400\', \'Normal\', \'Akustik\', \'Terjangkau\', \'Natural\', \'1688283079_105cf2efa9074d38c7eb.jpg\')')
 4 SYSTEMPATH\Database\BaseBuilder.php(2397): CodeIgniter\Database\BaseConnection->query('REPLACE INTO `gitar` (`id_gitar`, `id_merk`, `nama`, `ukuran`, `jenis`, `harga`, `warna`, `gambar`) VALUES (:id_gitar:, :id_merk:, :nama:, :ukuran:, :jenis:, :harga:, :warna:, :gambar:)', [...], false)
 5 SYSTEMPATH\Model.php(494): CodeIgniter\Database\BaseBuilder->replace([...])
 6 SYSTEMPATH\BaseModel.php(1140): CodeIgniter\Model->doReplace([...], false)
 7 APPPATH\Controllers\User.php(147): CodeIgniter\BaseModel->replace([...])
 8 SYSTEMPATH\CodeIgniter.php(934): App\Controllers\User->saveedit()
 9 SYSTEMPATH\CodeIgniter.php(499): CodeIgniter\CodeIgniter->runController(Object(App\Controllers\User))
10 SYSTEMPATH\CodeIgniter.php(368): CodeIgniter\CodeIgniter->handleRequest(null, Object(Config\Cache), false)
11 FCPATH\index.php(67): CodeIgniter\CodeIgniter->run()
12 SYSTEMPATH\Commands\Server\rewrite.php(47): require_once('C:\\xampp\\htdocs\\gitar\\gitar\\public\\index.php')
CRITICAL - 2023-07-02 07:32:12 --> Undefined array key "merk"
in APPPATH\Views\user\editgitar.php on line 302.
 1 APPPATH\Views\user\editgitar.php(302): CodeIgniter\Debug\Exceptions->errorHandler(2, 'Undefined array key "merk"', 'C:\\xampp\\htdocs\\gitar\\gitar\\app\\Views\\user\\editgitar.php', 302)
 2 SYSTEMPATH\View\View.php(213): include('C:\\xampp\\htdocs\\gitar\\gitar\\app\\Views\\user\\editgitar.php')
 3 SYSTEMPATH\View\View.php(216): CodeIgniter\View\View->CodeIgniter\View\{closure}()
 4 SYSTEMPATH\Common.php(1184): CodeIgniter\View\View->render('user/editgitar', [], true)
 5 APPPATH\Controllers\User.php(110): view('user/editgitar', [...])
 6 SYSTEMPATH\CodeIgniter.php(934): App\Controllers\User->editgitar('99')
 7 SYSTEMPATH\CodeIgniter.php(499): CodeIgniter\CodeIgniter->runController(Object(App\Controllers\User))
 8 SYSTEMPATH\CodeIgniter.php(368): CodeIgniter\CodeIgniter->handleRequest(null, Object(Config\Cache), false)
 9 FCPATH\index.php(67): CodeIgniter\CodeIgniter->run()
10 SYSTEMPATH\Commands\Server\rewrite.php(47): require_once('C:\\xampp\\htdocs\\gitar\\gitar\\public\\index.php')
INFO - 2023-07-02 07:32:23 --> Session: Class initialized using 'CodeIgniter\Session\Handlers\FileHandler' driver.
CRITICAL - 2023-07-02 07:32:29 --> Undefined array key "merk"
in APPPATH\Views\user\editgitar.php on line 302.
 1 APPPATH\Views\user\editgitar.php(302): CodeIgniter\Debug\Exceptions->errorHandler(2, 'Undefined array key "merk"', 'C:\\xampp\\htdocs\\gitar\\gitar\\app\\Views\\user\\editgitar.php', 302)
 2 SYSTEMPATH\View\View.php(213): include('C:\\xampp\\htdocs\\gitar\\gitar\\app\\Views\\user\\editgitar.php')
 3 SYSTEMPATH\View\View.php(216): CodeIgniter\View\View->CodeIgniter\View\{closure}()
 4 SYSTEMPATH\Common.php(1184): CodeIgniter\View\View->render('user/editgitar', [], true)
 5 APPPATH\Controllers\User.php(110): view('user/editgitar', [...])
 6 SYSTEMPATH\CodeIgniter.php(934): App\Controllers\User->editgitar('99')
 7 SYSTEMPATH\CodeIgniter.php(499): CodeIgniter\CodeIgniter->runController(Object(App\Controllers\User))
 8 SYSTEMPATH\CodeIgniter.php(368): CodeIgniter\CodeIgniter->handleRequest(null, Object(Config\Cache), false)
 9 FCPATH\index.php(67): CodeIgniter\CodeIgniter->run()
10 SYSTEMPATH\Commands\Server\rewrite.php(47): require_once('C:\\xampp\\htdocs\\gitar\\gitar\\public\\index.php')
ERROR - 2023-07-02 07:32:53 --> mysqli_sql_exception: Column 'id_merk' cannot be null in C:\xampp\htdocs\gitar\gitar\system\Database\MySQLi\Connection.php:295
Stack trace:
#0 C:\xampp\htdocs\gitar\gitar\system\Database\MySQLi\Connection.php(295): mysqli->query('REPLACE INTO `g...', 0)
#1 C:\xampp\htdocs\gitar\gitar\system\Database\BaseConnection.php(692): CodeIgniter\Database\MySQLi\Connection->execute('REPLACE INTO `g...')
#2 C:\xampp\htdocs\gitar\gitar\system\Database\BaseConnection.php(606): CodeIgniter\Database\BaseConnection->simpleQuery('REPLACE INTO `g...')
#3 C:\xampp\htdocs\gitar\gitar\system\Database\BaseBuilder.php(2397): CodeIgniter\Database\BaseConnection->query('REPLACE INTO `g...', Array, false)
#4 C:\xampp\htdocs\gitar\gitar\system\Model.php(494): CodeIgniter\Database\BaseBuilder->replace(Array)
#5 C:\xampp\htdocs\gitar\gitar\system\BaseModel.php(1140): CodeIgniter\Model->doReplace(Array, false)
#6 C:\xampp\htdocs\gitar\gitar\app\Controllers\User.php(147): CodeIgniter\BaseModel->replace(Array)
#7 C:\xampp\htdocs\gitar\gitar\system\CodeIgniter.php(934): App\Controllers\User->saveedit()
#8 C:\xampp\htdocs\gitar\gitar\system\CodeIgniter.php(499): CodeIgniter\CodeIgniter->runController(Object(App\Controllers\User))
#9 C:\xampp\htdocs\gitar\gitar\system\CodeIgniter.php(368): CodeIgniter\CodeIgniter->handleRequest(NULL, Object(Config\Cache), false)
#10 C:\xampp\htdocs\gitar\gitar\public\index.php(67): CodeIgniter\CodeIgniter->run()
#11 C:\xampp\htdocs\gitar\gitar\system\Commands\Server\rewrite.php(47): require_once('C:\\xampp\\htdocs...')
#12 {main}
CRITICAL - 2023-07-02 07:32:53 --> Column 'id_merk' cannot be null
in SYSTEMPATH\Database\MySQLi\Connection.php on line 295.
 1 SYSTEMPATH\Database\MySQLi\Connection.php(295): mysqli->query('REPLACE INTO `gitar` (`id_gitar`, `id_merk`, `nama`, `ukuran`, `jenis`, `harga`, `warna`, `gambar`) VALUES (\'99\', NULL, \'FS400\', \'Normal\', \'Akustik\', \'Terjangkau\', \'Natural\', \'1688283172_051b9814f8d19447bc20.jpg\')', 0)
 2 SYSTEMPATH\Database\BaseConnection.php(692): CodeIgniter\Database\MySQLi\Connection->execute('REPLACE INTO `gitar` (`id_gitar`, `id_merk`, `nama`, `ukuran`, `jenis`, `harga`, `warna`, `gambar`) VALUES (\'99\', NULL, \'FS400\', \'Normal\', \'Akustik\', \'Terjangkau\', \'Natural\', \'1688283172_051b9814f8d19447bc20.jpg\')')
 3 SYSTEMPATH\Database\BaseConnection.php(606): CodeIgniter\Database\BaseConnection->simpleQuery('REPLACE INTO `gitar` (`id_gitar`, `id_merk`, `nama`, `ukuran`, `jenis`, `harga`, `warna`, `gambar`) VALUES (\'99\', NULL, \'FS400\', \'Normal\', \'Akustik\', \'Terjangkau\', \'Natural\', \'1688283172_051b9814f8d19447bc20.jpg\')')
 4 SYSTEMPATH\Database\BaseBuilder.php(2397): CodeIgniter\Database\BaseConnection->query('REPLACE INTO `gitar` (`id_gitar`, `id_merk`, `nama`, `ukuran`, `jenis`, `harga`, `warna`, `gambar`) VALUES (:id_gitar:, :id_merk:, :nama:, :ukuran:, :jenis:, :harga:, :warna:, :gambar:)', [...], false)
 5 SYSTEMPATH\Model.php(494): CodeIgniter\Database\BaseBuilder->replace([...])
 6 SYSTEMPATH\BaseModel.php(1140): CodeIgniter\Model->doReplace([...], false)
 7 APPPATH\Controllers\User.php(147): CodeIgniter\BaseModel->replace([...])
 8 SYSTEMPATH\CodeIgniter.php(934): App\Controllers\User->saveedit()
 9 SYSTEMPATH\CodeIgniter.php(499): CodeIgniter\CodeIgniter->runController(Object(App\Controllers\User))
10 SYSTEMPATH\CodeIgniter.php(368): CodeIgniter\CodeIgniter->handleRequest(null, Object(Config\Cache), false)
11 FCPATH\index.php(67): CodeIgniter\CodeIgniter->run()
12 SYSTEMPATH\Commands\Server\rewrite.php(47): require_once('C:\\xampp\\htdocs\\gitar\\gitar\\public\\index.php')
ERROR - 2023-07-02 07:33:08 --> mysqli_sql_exception: Column 'id_merk' cannot be null in C:\xampp\htdocs\gitar\gitar\system\Database\MySQLi\Connection.php:295
Stack trace:
#0 C:\xampp\htdocs\gitar\gitar\system\Database\MySQLi\Connection.php(295): mysqli->query('REPLACE INTO `g...', 0)
#1 C:\xampp\htdocs\gitar\gitar\system\Database\BaseConnection.php(692): CodeIgniter\Database\MySQLi\Connection->execute('REPLACE INTO `g...')
#2 C:\xampp\htdocs\gitar\gitar\system\Database\BaseConnection.php(606): CodeIgniter\Database\BaseConnection->simpleQuery('REPLACE INTO `g...')
#3 C:\xampp\htdocs\gitar\gitar\system\Database\BaseBuilder.php(2397): CodeIgniter\Database\BaseConnection->query('REPLACE INTO `g...', Array, false)
#4 C:\xampp\htdocs\gitar\gitar\system\Model.php(494): CodeIgniter\Database\BaseBuilder->replace(Array)
#5 C:\xampp\htdocs\gitar\gitar\system\BaseModel.php(1140): CodeIgniter\Model->doReplace(Array, false)
#6 C:\xampp\htdocs\gitar\gitar\app\Controllers\User.php(147): CodeIgniter\BaseModel->replace(Array)
#7 C:\xampp\htdocs\gitar\gitar\system\CodeIgniter.php(934): App\Controllers\User->saveedit()
#8 C:\xampp\htdocs\gitar\gitar\system\CodeIgniter.php(499): CodeIgniter\CodeIgniter->runController(Object(App\Controllers\User))
#9 C:\xampp\htdocs\gitar\gitar\system\CodeIgniter.php(368): CodeIgniter\CodeIgniter->handleRequest(NULL, Object(Config\Cache), false)
#10 C:\xampp\htdocs\gitar\gitar\public\index.php(67): CodeIgniter\CodeIgniter->run()
#11 C:\xampp\htdocs\gitar\gitar\system\Commands\Server\rewrite.php(47): require_once('C:\\xampp\\htdocs...')
#12 {main}
CRITICAL - 2023-07-02 07:33:08 --> Column 'id_merk' cannot be null
in SYSTEMPATH\Database\MySQLi\Connection.php on line 295.
 1 SYSTEMPATH\Database\MySQLi\Connection.php(295): mysqli->query('REPLACE INTO `gitar` (`id_gitar`, `id_merk`, `nama`, `ukuran`, `jenis`, `harga`, `warna`, `gambar`) VALUES (\'99\', NULL, \'FS400\', \'Normal\', \'Akustik\', \'Terjangkau\', \'Natural\', \'1688283188_e8f75a4cc7d67213c14e.jpg\')', 0)
 2 SYSTEMPATH\Database\BaseConnection.php(692): CodeIgniter\Database\MySQLi\Connection->execute('REPLACE INTO `gitar` (`id_gitar`, `id_merk`, `nama`, `ukuran`, `jenis`, `harga`, `warna`, `gambar`) VALUES (\'99\', NULL, \'FS400\', \'Normal\', \'Akustik\', \'Terjangkau\', \'Natural\', \'1688283188_e8f75a4cc7d67213c14e.jpg\')')
 3 SYSTEMPATH\Database\BaseConnection.php(606): CodeIgniter\Database\BaseConnection->simpleQuery('REPLACE INTO `gitar` (`id_gitar`, `id_merk`, `nama`, `ukuran`, `jenis`, `harga`, `warna`, `gambar`) VALUES (\'99\', NULL, \'FS400\', \'Normal\', \'Akustik\', \'Terjangkau\', \'Natural\', \'1688283188_e8f75a4cc7d67213c14e.jpg\')')
 4 SYSTEMPATH\Database\BaseBuilder.php(2397): CodeIgniter\Database\BaseConnection->query('REPLACE INTO `gitar` (`id_gitar`, `id_merk`, `nama`, `ukuran`, `jenis`, `harga`, `warna`, `gambar`) VALUES (:id_gitar:, :id_merk:, :nama:, :ukuran:, :jenis:, :harga:, :warna:, :gambar:)', [...], false)
 5 SYSTEMPATH\Model.php(494): CodeIgniter\Database\BaseBuilder->replace([...])
 6 SYSTEMPATH\BaseModel.php(1140): CodeIgniter\Model->doReplace([...], false)
 7 APPPATH\Controllers\User.php(147): CodeIgniter\BaseModel->replace([...])
 8 SYSTEMPATH\CodeIgniter.php(934): App\Controllers\User->saveedit()
 9 SYSTEMPATH\CodeIgniter.php(499): CodeIgniter\CodeIgniter->runController(Object(App\Controllers\User))
10 SYSTEMPATH\CodeIgniter.php(368): CodeIgniter\CodeIgniter->handleRequest(null, Object(Config\Cache), false)
11 FCPATH\index.php(67): CodeIgniter\CodeIgniter->run()
12 SYSTEMPATH\Commands\Server\rewrite.php(47): require_once('C:\\xampp\\htdocs\\gitar\\gitar\\public\\index.php')
ERROR - 2023-07-02 07:33:19 --> mysqli_sql_exception: Column 'id_merk' cannot be null in C:\xampp\htdocs\gitar\gitar\system\Database\MySQLi\Connection.php:295
Stack trace:
#0 C:\xampp\htdocs\gitar\gitar\system\Database\MySQLi\Connection.php(295): mysqli->query('REPLACE INTO `g...', 0)
#1 C:\xampp\htdocs\gitar\gitar\system\Database\BaseConnection.php(692): CodeIgniter\Database\MySQLi\Connection->execute('REPLACE INTO `g...')
#2 C:\xampp\htdocs\gitar\gitar\system\Database\BaseConnection.php(606): CodeIgniter\Database\BaseConnection->simpleQuery('REPLACE INTO `g...')
#3 C:\xampp\htdocs\gitar\gitar\system\Database\BaseBuilder.php(2397): CodeIgniter\Database\BaseConnection->query('REPLACE INTO `g...', Array, false)
#4 C:\xampp\htdocs\gitar\gitar\system\Model.php(494): CodeIgniter\Database\BaseBuilder->replace(Array)
#5 C:\xampp\htdocs\gitar\gitar\system\BaseModel.php(1140): CodeIgniter\Model->doReplace(Array, false)
#6 C:\xampp\htdocs\gitar\gitar\app\Controllers\User.php(147): CodeIgniter\BaseModel->replace(Array)
#7 C:\xampp\htdocs\gitar\gitar\system\CodeIgniter.php(934): App\Controllers\User->saveedit()
#8 C:\xampp\htdocs\gitar\gitar\system\CodeIgniter.php(499): CodeIgniter\CodeIgniter->runController(Object(App\Controllers\User))
#9 C:\xampp\htdocs\gitar\gitar\system\CodeIgniter.php(368): CodeIgniter\CodeIgniter->handleRequest(NULL, Object(Config\Cache), false)
#10 C:\xampp\htdocs\gitar\gitar\public\index.php(67): CodeIgniter\CodeIgniter->run()
#11 C:\xampp\htdocs\gitar\gitar\system\Commands\Server\rewrite.php(47): require_once('C:\\xampp\\htdocs...')
#12 {main}
CRITICAL - 2023-07-02 07:33:19 --> Column 'id_merk' cannot be null
in SYSTEMPATH\Database\MySQLi\Connection.php on line 295.
 1 SYSTEMPATH\Database\MySQLi\Connection.php(295): mysqli->query('REPLACE INTO `gitar` (`id_gitar`, `id_merk`, `nama`, `ukuran`, `jenis`, `harga`, `warna`, `gambar`) VALUES (\'99\', NULL, \'FS400\', \'Normal\', \'Akustik\', \'Terjangkau\', \'Natural\', \'1688283199_6c61257d30b465fc04e1.jpg\')', 0)
 2 SYSTEMPATH\Database\BaseConnection.php(692): CodeIgniter\Database\MySQLi\Connection->execute('REPLACE INTO `gitar` (`id_gitar`, `id_merk`, `nama`, `ukuran`, `jenis`, `harga`, `warna`, `gambar`) VALUES (\'99\', NULL, \'FS400\', \'Normal\', \'Akustik\', \'Terjangkau\', \'Natural\', \'1688283199_6c61257d30b465fc04e1.jpg\')')
 3 SYSTEMPATH\Database\BaseConnection.php(606): CodeIgniter\Database\BaseConnection->simpleQuery('REPLACE INTO `gitar` (`id_gitar`, `id_merk`, `nama`, `ukuran`, `jenis`, `harga`, `warna`, `gambar`) VALUES (\'99\', NULL, \'FS400\', \'Normal\', \'Akustik\', \'Terjangkau\', \'Natural\', \'1688283199_6c61257d30b465fc04e1.jpg\')')
 4 SYSTEMPATH\Database\BaseBuilder.php(2397): CodeIgniter\Database\BaseConnection->query('REPLACE INTO `gitar` (`id_gitar`, `id_merk`, `nama`, `ukuran`, `jenis`, `harga`, `warna`, `gambar`) VALUES (:id_gitar:, :id_merk:, :nama:, :ukuran:, :jenis:, :harga:, :warna:, :gambar:)', [...], false)
 5 SYSTEMPATH\Model.php(494): CodeIgniter\Database\BaseBuilder->replace([...])
 6 SYSTEMPATH\BaseModel.php(1140): CodeIgniter\Model->doReplace([...], false)
 7 APPPATH\Controllers\User.php(147): CodeIgniter\BaseModel->replace([...])
 8 SYSTEMPATH\CodeIgniter.php(934): App\Controllers\User->saveedit()
 9 SYSTEMPATH\CodeIgniter.php(499): CodeIgniter\CodeIgniter->runController(Object(App\Controllers\User))
10 SYSTEMPATH\CodeIgniter.php(368): CodeIgniter\CodeIgniter->handleRequest(null, Object(Config\Cache), false)
11 FCPATH\index.php(67): CodeIgniter\CodeIgniter->run()
12 SYSTEMPATH\Commands\Server\rewrite.php(47): require_once('C:\\xampp\\htdocs\\gitar\\gitar\\public\\index.php')
INFO - 2023-07-02 07:33:34 --> Session: Class initialized using 'CodeIgniter\Session\Handlers\FileHandler' driver.
INFO - 2023-07-02 07:33:37 --> Session: Class initialized using 'CodeIgniter\Session\Handlers\FileHandler' driver.
INFO - 2023-07-02 07:33:57 --> Session: Class initialized using 'CodeIgniter\Session\Handlers\FileHandler' driver.
INFO - 2023-07-02 07:36:58 --> Session: Class initialized using 'CodeIgniter\Session\Handlers\FileHandler' driver.
INFO - 2023-07-02 07:38:18 --> Session: Class initialized using 'CodeIgniter\Session\Handlers\FileHandler' driver.
INFO - 2023-07-02 07:38:22 --> Session: Class initialized using 'CodeIgniter\Session\Handlers\FileHandler' driver.
INFO - 2023-07-02 07:38:51 --> Session: Class initialized using 'CodeIgniter\Session\Handlers\FileHandler' driver.
INFO - 2023-07-02 07:38:52 --> Session: Class initialized using 'CodeIgniter\Session\Handlers\FileHandler' driver.
INFO - 2023-07-02 07:39:14 --> Session: Class initialized using 'CodeIgniter\Session\Handlers\FileHandler' driver.
INFO - 2023-07-02 07:40:20 --> Session: Class initialized using 'CodeIgniter\Session\Handlers\FileHandler' driver.
INFO - 2023-07-02 07:40:23 --> Session: Class initialized using 'CodeIgniter\Session\Handlers\FileHandler' driver.
INFO - 2023-07-02 07:40:23 --> Session: Class initialized using 'CodeIgniter\Session\Handlers\FileHandler' driver.
INFO - 2023-07-02 07:41:13 --> Session: Class initialized using 'CodeIgniter\Session\Handlers\FileHandler' driver.
